2025-09-28 13:43:42 | INFO | Logging to file: logs/project_log.log
2025-09-28 13:43:42 | INFO | Log sanitization enabled, personal info removed
2025-09-28 13:43:50 | INFO | Logging to file: logs/project_log.log
2025-09-28 13:43:50 | INFO | Log sanitization enabled, personal info removed
2025-09-28 13:44:13 | INFO | Logging to file: logs/project_log.log
2025-09-28 13:44:13 | INFO | Log sanitization enabled, personal info removed
2025-09-28 13:44:14 | INFO | Starting Producer to run continuously.
2025-09-28 13:44:14 | INFO | Use Ctrl+C to stop.
2025-09-28 13:44:14 | INFO | MESSAGE_INTERVAL_SECONDS: 5
2025-09-28 13:44:14 | INFO | BUZZ_TOPIC: buzzline
2025-09-28 13:44:14 | INFO | KAFKA_BROKER_ADDRESS: 127.0.0.1:9092
2025-09-28 13:44:14 | INFO | BASE_DATA_DIR: PROJECT_ROOT/data
2025-09-28 13:44:14 | INFO | LIVE_DATA_PATH: PROJECT_ROOT/data/project_live.json
2025-09-28 13:44:14 | INFO | BASE_DATA_DIR: PROJECT_ROOT/data
2025-09-28 13:44:14 | INFO | SQLITE_PATH: PROJECT_ROOT/data/buzz.sqlite
2025-09-28 13:44:14 | INFO | Kafka broker address: localhost:9092
2025-09-28 13:44:14 | INFO | Kafka is ready. Brokers: {'throttle_time_ms': 0, 'brokers': [{'node_id': 1, 'host': 'localhost', 'port': 9092, 'rack': None}], 'cluster_id': '8g7_8xraQ_OwBKie1pujOg', 'controller_id': 1}
2025-09-28 13:44:16 | WARNING | WARNING: Kafka setup failed: NoBrokersAvailable
2025-09-28 13:44:16 | INFO | {'message': 'I just shared a movie! It was weird.', 'author': 'Charlie', 'timestamp': '2025-09-28 13:44:16', 'category': 'entertainment', 'sentiment': 0.04, 'keyword_mentioned': 'movie', 'message_length': 36}
2025-09-28 13:44:21 | INFO | {'message': 'I just loved a trick! It was funny.', 'author': 'Eve', 'timestamp': '2025-09-28 13:44:21', 'category': 'other', 'sentiment': 0.62, 'keyword_mentioned': 'other', 'message_length': 35}
2025-09-28 13:44:26 | INFO | {'message': 'I just shared a meme! It was amazing.', 'author': 'Eve', 'timestamp': '2025-09-28 13:44:26', 'category': 'humor', 'sentiment': 0.69, 'keyword_mentioned': 'meme', 'message_length': 37}
2025-09-28 13:44:31 | INFO | {'message': 'I just loved Python! It was boring.', 'author': 'Alice', 'timestamp': '2025-09-28 13:44:31', 'category': 'tech', 'sentiment': 0.21, 'keyword_mentioned': 'Python', 'message_length': 35}
2025-09-28 13:44:32 | INFO | Logging to file: logs/project_log.log
2025-09-28 13:44:32 | INFO | Log sanitization enabled, personal info removed
2025-09-28 13:44:32 | INFO | Starting Consumer to run continuously.
2025-09-28 13:44:32 | INFO | Things can fail or get interrupted, so use a try block.
2025-09-28 13:44:32 | INFO | Moved .env variables into a utils config module.
2025-09-28 13:44:32 | INFO | STEP 1. Read environment variables using new config functions.
2025-09-28 13:44:32 | INFO | MESSAGE_INTERVAL_SECONDS: 5
2025-09-28 13:44:32 | INFO | BASE_DATA_DIR: PROJECT_ROOT/data
2025-09-28 13:44:32 | INFO | LIVE_DATA_PATH: PROJECT_ROOT/data/project_live.json
2025-09-28 13:44:32 | INFO | BASE_DATA_DIR: PROJECT_ROOT/data
2025-09-28 13:44:32 | INFO | SQLITE_PATH: PROJECT_ROOT/data/buzz.sqlite
2025-09-28 13:44:32 | INFO | SUCCESS: Read environment variables.
2025-09-28 13:44:32 | INFO | STEP 2. Delete any prior database file for a fresh start.
2025-09-28 13:44:32 | INFO | STEP 3. Initialize a new database with an empty table.
2025-09-28 13:44:32 | INFO | Calling SQLite init_db() with {db_path=}.
2025-09-28 13:44:32 | INFO | SUCCESS: Got a cursor to execute SQL.
2025-09-28 13:44:32 | INFO | SUCCESS: Database initialized and table ready at PROJECT_ROOT/data/buzz.sqlite.
2025-09-28 13:44:32 | INFO | STEP 4. Begin consuming and storing messages.
2025-09-28 13:44:32 | INFO | Called consume_messages_from_file() with:
2025-09-28 13:44:32 | INFO |    live_data_path=WindowsPath('C:/Dataanalytics class/Streaming Data Analytics/Week_6/buzzline-06-anjana/data/project_live.json')
2025-09-28 13:44:32 | INFO |    sql_path=WindowsPath('C:/Dataanalytics class/Streaming Data Analytics/Week_6/buzzline-06-anjana/data/buzz.sqlite')
2025-09-28 13:44:32 | INFO |    interval_secs=5
2025-09-28 13:44:32 | INFO |    last_position=0
2025-09-28 13:44:32 | INFO | 1. Initialize the database.
2025-09-28 13:44:32 | INFO | Calling SQLite init_db() with {db_path=}.
2025-09-28 13:44:32 | INFO | SUCCESS: Got a cursor to execute SQL.
2025-09-28 13:44:32 | INFO | SUCCESS: Database initialized and table ready at PROJECT_ROOT/data/buzz.sqlite.
2025-09-28 13:44:32 | INFO | 2. Set the last position to 0 to start at the beginning of the file.
2025-09-28 13:44:32 | INFO | 3. Read from live data file at position 0.
2025-09-28 13:44:32 | INFO | Processed message: {'message': 'I just shared a movie! It was weird.', 'author': 'Charlie', 'timestamp': '2025-09-28 13:44:16', 'category': 'entertainment', 'sentiment': 0.04, 'keyword_mentioned': 'movie', 'message_length': 36}
2025-09-28 13:44:32 | INFO | Calling SQLite insert_message() with:
2025-09-28 13:44:32 | INFO | message={'message': 'I just shared a movie! It was weird.', 'author': 'Charlie', 'timestamp': '2025-09-28 13:44:16', 'category': 'entertainment', 'sentiment': 0.04, 'keyword_mentioned': 'movie', 'message_length': 36}
2025-09-28 13:44:32 | INFO | db_path=WindowsPath('C:/Dataanalytics class/Streaming Data Analytics/Week_6/buzzline-06-anjana/data/buzz.sqlite')
2025-09-28 13:44:32 | INFO | Inserted one message into the database.
2025-09-28 13:44:32 | INFO | Processed message: {'message': 'I just loved a trick! It was funny.', 'author': 'Eve', 'timestamp': '2025-09-28 13:44:21', 'category': 'other', 'sentiment': 0.62, 'keyword_mentioned': 'other', 'message_length': 35}
2025-09-28 13:44:32 | INFO | Calling SQLite insert_message() with:
2025-09-28 13:44:32 | INFO | message={'message': 'I just loved a trick! It was funny.', 'author': 'Eve', 'timestamp': '2025-09-28 13:44:21', 'category': 'other', 'sentiment': 0.62, 'keyword_mentioned': 'other', 'message_length': 35}
2025-09-28 13:44:32 | INFO | db_path=WindowsPath('C:/Dataanalytics class/Streaming Data Analytics/Week_6/buzzline-06-anjana/data/buzz.sqlite')
2025-09-28 13:44:32 | INFO | Inserted one message into the database.
2025-09-28 13:44:32 | INFO | Processed message: {'message': 'I just shared a meme! It was amazing.', 'author': 'Eve', 'timestamp': '2025-09-28 13:44:26', 'category': 'humor', 'sentiment': 0.69, 'keyword_mentioned': 'meme', 'message_length': 37}
2025-09-28 13:44:32 | INFO | Calling SQLite insert_message() with:
2025-09-28 13:44:32 | INFO | message={'message': 'I just shared a meme! It was amazing.', 'author': 'Eve', 'timestamp': '2025-09-28 13:44:26', 'category': 'humor', 'sentiment': 0.69, 'keyword_mentioned': 'meme', 'message_length': 37}
2025-09-28 13:44:32 | INFO | db_path=WindowsPath('C:/Dataanalytics class/Streaming Data Analytics/Week_6/buzzline-06-anjana/data/buzz.sqlite')
2025-09-28 13:44:32 | INFO | Inserted one message into the database.
2025-09-28 13:44:32 | INFO | Processed message: {'message': 'I just loved Python! It was boring.', 'author': 'Alice', 'timestamp': '2025-09-28 13:44:31', 'category': 'tech', 'sentiment': 0.21, 'keyword_mentioned': 'Python', 'message_length': 35}
2025-09-28 13:44:32 | INFO | Calling SQLite insert_message() with:
2025-09-28 13:44:32 | INFO | message={'message': 'I just loved Python! It was boring.', 'author': 'Alice', 'timestamp': '2025-09-28 13:44:31', 'category': 'tech', 'sentiment': 0.21, 'keyword_mentioned': 'Python', 'message_length': 35}
2025-09-28 13:44:32 | INFO | db_path=WindowsPath('C:/Dataanalytics class/Streaming Data Analytics/Week_6/buzzline-06-anjana/data/buzz.sqlite')
2025-09-28 13:44:32 | INFO | Inserted one message into the database.
2025-09-28 13:44:32 | INFO | TRY/FINALLY: Consumer shutting down.
2025-09-28 13:44:36 | INFO | {'message': 'I just tried Python! It was funny.', 'author': 'Bob', 'timestamp': '2025-09-28 13:44:36', 'category': 'tech', 'sentiment': 0.38, 'keyword_mentioned': 'Python', 'message_length': 34}
2025-09-28 13:44:38 | WARNING | Producer interrupted by user.
2025-09-28 13:44:38 | INFO | Producer shutting down.
2025-09-28 13:55:19 | INFO | Logging to file: logs/project_log.log
2025-09-28 13:55:19 | INFO | Log sanitization enabled, personal info removed
2025-09-28 13:55:20 | INFO | Starting Producer to run continuously.
2025-09-28 13:55:20 | INFO | Use Ctrl+C to stop.
2025-09-28 13:55:20 | INFO | MESSAGE_INTERVAL_SECONDS: 5
2025-09-28 13:55:20 | INFO | BUZZ_TOPIC: buzzline
2025-09-28 13:55:20 | INFO | KAFKA_BROKER_ADDRESS: 127.0.0.1:9092
2025-09-28 13:55:20 | INFO | BASE_DATA_DIR: PROJECT_ROOT/data
2025-09-28 13:55:20 | INFO | LIVE_DATA_PATH: PROJECT_ROOT/data/project_live.json
2025-09-28 13:55:20 | INFO | BASE_DATA_DIR: PROJECT_ROOT/data
2025-09-28 13:55:20 | INFO | SQLITE_PATH: PROJECT_ROOT/data/buzz.sqlite
2025-09-28 13:55:20 | INFO | Deleted existing live data file.
2025-09-28 13:55:20 | INFO | Kafka broker address: localhost:9092
2025-09-28 13:55:20 | INFO | Kafka is ready. Brokers: {'throttle_time_ms': 0, 'brokers': [{'node_id': 1, 'host': 'localhost', 'port': 9092, 'rack': None}], 'cluster_id': '8g7_8xraQ_OwBKie1pujOg', 'controller_id': 1}
2025-09-28 13:55:22 | WARNING | WARNING: Kafka setup failed: NoBrokersAvailable
2025-09-28 13:55:22 | INFO | {'message': 'I just tried travel! It was amazing.', 'author': 'Charlie', 'timestamp': '2025-09-28 13:55:22', 'category': 'travel', 'sentiment': 0.17, 'keyword_mentioned': 'travel', 'message_length': 36}
2025-09-28 13:55:23 | WARNING | Producer interrupted by user.
2025-09-28 13:55:23 | INFO | Producer shutting down.
2025-09-28 13:55:50 | INFO | Logging to file: logs/project_log.log
2025-09-28 13:55:50 | INFO | Log sanitization enabled, personal info removed
2025-09-28 13:55:50 | INFO | Starting Mortality Data Producer
2025-09-28 13:55:50 | INFO | Streaming mortality data from data/USRegionalMortality.csv for three regions
2025-09-28 13:55:50 | INFO | Use Ctrl+C to stop.
2025-09-28 13:55:50 | INFO | MESSAGE_INTERVAL_SECONDS: 5
2025-09-28 13:55:50 | INFO | BASE_DATA_DIR: PROJECT_ROOT/data
2025-09-28 13:55:50 | INFO | LIVE_DATA_PATH: PROJECT_ROOT/data/project_live.json
2025-09-28 13:55:50 | INFO | BASE_DATA_DIR: PROJECT_ROOT/data
2025-09-28 13:55:50 | INFO | SQLITE_PATH: PROJECT_ROOT/data/buzz.sqlite
2025-09-28 13:55:50 | INFO | SQLite database initialized at PROJECT_ROOT/data/buzz.sqlite
2025-09-28 13:55:50 | INFO | Deleted existing live data file.
2025-09-28 13:55:50 | INFO | HHS Region 01 Urban Male Heart disease: Rate 188.2, SE 1.0, Keyword: High, Message: Heart disease mortality in HHS Region 01 for Urban Males: 188.2 with SE 1.0.
2025-09-28 13:55:55 | INFO | HHS Region 01 Rural Male Heart disease: Rate 199.1, SE 2.6, Keyword: High, Message: Heart disease mortality in HHS Region 01 for Rural Males: 199.1 with SE 2.6.
2025-09-28 13:56:00 | INFO | HHS Region 01 Urban Female Heart disease: Rate 115.1, SE 0.6, Keyword: High, Message: Heart disease claims 115.1 per 100,000 Urban Females in HHS Region 01, SE 0.6.
2025-09-28 13:56:03 | WARNING | Mortality Producer interrupted by user.
2025-09-28 13:56:03 | INFO | Mortality Producer shutting down.
2025-09-29 13:58:10 | INFO | Logging to file: logs/project_log.log
2025-09-29 13:58:10 | INFO | Log sanitization enabled, personal info removed
2025-09-29 13:58:24 | INFO | Logging to file: logs/project_log.log
2025-09-29 13:58:24 | INFO | Log sanitization enabled, personal info removed
2025-09-29 13:59:34 | INFO | Logging to file: logs/project_log.log
2025-09-29 13:59:34 | INFO | Log sanitization enabled, personal info removed
2025-09-29 13:59:34 | INFO | Starting Mortality Data Producer
2025-09-29 13:59:34 | INFO | Streaming mortality data from data/USRegionalMortality.csv for three regions
2025-09-29 13:59:34 | INFO | Use Ctrl+C to stop.
2025-09-29 13:59:34 | INFO | MESSAGE_INTERVAL_SECONDS: 5
2025-09-29 13:59:34 | INFO | BASE_DATA_DIR: C:/Users/USER/Documents/buzzline-06-anjana/data
2025-09-29 13:59:34 | INFO | LIVE_DATA_PATH: C:/Users/USER/Documents/buzzline-06-anjana/data/project_live.json
2025-09-29 13:59:34 | INFO | BASE_DATA_DIR: C:/Users/USER/Documents/buzzline-06-anjana/data
2025-09-29 13:59:34 | INFO | SQLITE_PATH: C:/Users/USER/Documents/buzzline-06-anjana/data/buzz.sqlite
2025-09-29 13:59:34 | INFO | SQLite database initialized at C:/Users/USER/Documents/buzzline-06-anjana/data/buzz.sqlite
2025-09-29 13:59:35 | INFO | HHS Region 01 Urban Male Heart disease: Rate 188.2, SE 1.0, Message: Heart disease claims 188.2 per 100,000 Urban Males in HHS Region 01, SE 1.0.
2025-09-29 13:59:40 | INFO | HHS Region 01 Rural Male Heart disease: Rate 199.1, SE 2.6, Message: Heart disease claims 199.1 per 100,000 Rural Males in HHS Region 01, SE 2.6.
2025-09-29 13:59:41 | WARNING | Mortality Producer interrupted by user.
2025-09-29 13:59:41 | INFO | Mortality Producer shutting down.
2025-09-29 14:06:01 | INFO | Logging to file: logs/project_log.log
2025-09-29 14:06:01 | INFO | Log sanitization enabled, personal info removed
2025-09-29 14:06:01 | INFO | Starting Mortality Data Producer
2025-09-29 14:06:01 | INFO | Streaming mortality data from data/USRegionalMortality.csv
2025-09-29 14:06:01 | INFO | Use Ctrl+C to stop.
2025-09-29 14:06:01 | INFO | MESSAGE_INTERVAL_SECONDS: 5
2025-09-29 14:06:01 | INFO | BASE_DATA_DIR: C:/Users/USER/Documents/buzzline-06-anjana/data
2025-09-29 14:06:01 | INFO | LIVE_DATA_PATH: C:/Users/USER/Documents/buzzline-06-anjana/data/project_live.json
2025-09-29 14:06:01 | INFO | BASE_DATA_DIR: C:/Users/USER/Documents/buzzline-06-anjana/data
2025-09-29 14:06:01 | INFO | SQLITE_PATH: C:/Users/USER/Documents/buzzline-06-anjana/data/buzz.sqlite
2025-09-29 14:06:01 | INFO | SQLite database initialized at C:/Users/USER/Documents/buzzline-06-anjana/data/buzz.sqlite
2025-09-29 14:06:01 | INFO | HHS Region 01 Urban Male Heart disease: Rate 188.2, SE 1.0
2025-09-29 14:06:06 | INFO | HHS Region 01 Rural Male Heart disease: Rate 199.1, SE 2.6
2025-09-29 14:06:11 | INFO | HHS Region 01 Urban Female Heart disease: Rate 115.1, SE 0.6
2025-09-29 14:06:16 | INFO | HHS Region 01 Rural Female Heart disease: Rate 124.5, SE 1.7
2025-09-29 14:06:21 | INFO | HHS Region 02 Urban Male Heart disease: Rate 226.8, SE 0.8
2025-09-29 14:06:25 | WARNING | Mortality Producer interrupted by user.
2025-09-29 14:06:25 | INFO | Mortality Producer shutting down.
2025-09-29 14:07:56 | INFO | Logging to file: logs/project_log.log
2025-09-29 14:07:56 | INFO | Log sanitization enabled, personal info removed
2025-09-29 14:07:56 | INFO | Starting Mortality Data Producer
2025-09-29 14:07:56 | INFO | Streaming mortality data from data/USRegionalMortality.csv
2025-09-29 14:07:56 | INFO | Use Ctrl+C to stop.
2025-09-29 14:07:56 | INFO | MESSAGE_INTERVAL_SECONDS: 5
2025-09-29 14:07:56 | INFO | BASE_DATA_DIR: C:/Users/USER/Documents/buzzline-06-anjana/data
2025-09-29 14:07:56 | INFO | LIVE_DATA_PATH: C:/Users/USER/Documents/buzzline-06-anjana/data/project_live.json
2025-09-29 14:07:56 | INFO | BASE_DATA_DIR: C:/Users/USER/Documents/buzzline-06-anjana/data
2025-09-29 14:07:56 | INFO | SQLITE_PATH: C:/Users/USER/Documents/buzzline-06-anjana/data/buzz.sqlite
2025-09-29 14:07:56 | INFO | SQLite database initialized at C:/Users/USER/Documents/buzzline-06-anjana/data/buzz.sqlite
2025-09-29 14:07:56 | INFO | HHS Region 01 Urban Male Heart disease: Rate 188.2, SE 1.0
2025-09-29 14:08:01 | INFO | HHS Region 01 Rural Male Heart disease: Rate 199.1, SE 2.6
2025-09-29 14:08:06 | INFO | HHS Region 01 Urban Female Heart disease: Rate 115.1, SE 0.6
2025-09-29 14:08:11 | INFO | HHS Region 01 Rural Female Heart disease: Rate 124.5, SE 1.7
2025-09-29 14:08:16 | INFO | HHS Region 02 Urban Male Heart disease: Rate 226.8, SE 0.8
2025-09-29 14:08:21 | INFO | HHS Region 02 Rural Male Heart disease: Rate 248.8, SE 3.3
2025-09-29 14:08:26 | INFO | HHS Region 02 Urban Female Heart disease: Rate 148.6, SE 0.5
2025-09-29 14:08:31 | INFO | HHS Region 02 Rural Female Heart disease: Rate 165.6, SE 2.3
2025-09-29 14:08:36 | INFO | HHS Region 03 Urban Male Heart disease: Rate 218.2, SE 0.8
2025-09-29 14:08:41 | INFO | HHS Region 03 Rural Male Heart disease: Rate 246.0, SE 2.0
2025-09-29 14:08:47 | INFO | HHS Region 03 Urban Female Heart disease: Rate 138.1, SE 0.5
2025-09-29 14:08:52 | INFO | HHS Region 03 Rural Female Heart disease: Rate 162.5, SE 1.4
2025-09-29 14:08:56 | WARNING | Mortality Producer interrupted by user.
2025-09-29 14:08:56 | INFO | Mortality Producer shutting down.
2025-09-29 14:09:30 | INFO | Logging to file: logs/project_log.log
2025-09-29 14:09:30 | INFO | Log sanitization enabled, personal info removed
2025-09-29 14:09:30 | INFO | Starting Mortality Data Producer
2025-09-29 14:09:30 | INFO | Streaming mortality data from data/USRegionalMortality.csv
2025-09-29 14:09:30 | INFO | Use Ctrl+C to stop.
2025-09-29 14:09:30 | INFO | MESSAGE_INTERVAL_SECONDS: 2
2025-09-29 14:09:30 | INFO | BASE_DATA_DIR: C:/Users/USER/Documents/buzzline-06-anjana/data
2025-09-29 14:09:30 | INFO | LIVE_DATA_PATH: C:/Users/USER/Documents/buzzline-06-anjana/data/project_live.json
2025-09-29 14:09:30 | INFO | BASE_DATA_DIR: C:/Users/USER/Documents/buzzline-06-anjana/data
2025-09-29 14:09:30 | INFO | SQLITE_PATH: C:/Users/USER/Documents/buzzline-06-anjana/data/buzz.sqlite
2025-09-29 14:09:30 | INFO | SQLite database initialized at C:/Users/USER/Documents/buzzline-06-anjana/data/buzz.sqlite
2025-09-29 14:09:30 | INFO | HHS Region 01 Urban Male Heart disease: Rate 188.2, SE 1.0
2025-09-29 14:09:32 | INFO | HHS Region 01 Rural Male Heart disease: Rate 199.1, SE 2.6
2025-09-29 14:09:34 | INFO | HHS Region 01 Urban Female Heart disease: Rate 115.1, SE 0.6
2025-09-29 14:09:36 | INFO | HHS Region 01 Rural Female Heart disease: Rate 124.5, SE 1.7
2025-09-29 14:09:38 | INFO | HHS Region 02 Urban Male Heart disease: Rate 226.8, SE 0.8
2025-09-29 14:09:40 | INFO | HHS Region 02 Rural Male Heart disease: Rate 248.8, SE 3.3
2025-09-29 14:09:42 | INFO | HHS Region 02 Urban Female Heart disease: Rate 148.6, SE 0.5
2025-09-29 14:09:44 | INFO | HHS Region 02 Rural Female Heart disease: Rate 165.6, SE 2.3
2025-09-29 14:09:46 | INFO | HHS Region 03 Urban Male Heart disease: Rate 218.2, SE 0.8
2025-09-29 14:09:48 | INFO | HHS Region 03 Rural Male Heart disease: Rate 246.0, SE 2.0
2025-09-29 14:09:50 | INFO | HHS Region 03 Urban Female Heart disease: Rate 138.1, SE 0.5
2025-09-29 14:09:52 | INFO | HHS Region 03 Rural Female Heart disease: Rate 162.5, SE 1.4
2025-09-29 14:09:54 | INFO | HHS Region 04 Urban Male Heart disease: Rate 212.8, SE 0.5
2025-09-29 14:09:56 | INFO | HHS Region 04 Rural Male Heart disease: Rate 276.4, SE 1.3
2025-09-29 14:09:58 | INFO | HHS Region 04 Urban Female Heart disease: Rate 132.2, SE 0.4
2025-09-29 14:10:01 | INFO | HHS Region 04 Rural Female Heart disease: Rate 176.8, SE 0.9
2025-09-29 14:10:03 | INFO | HHS Region 05 Urban Male Heart disease: Rate 222.5, SE 0.6
2025-09-29 14:10:05 | INFO | HHS Region 05 Rural Male Heart disease: Rate 229.0, SE 1.2
2025-09-29 14:10:07 | INFO | HHS Region 05 Urban Female Heart disease: Rate 139.6, SE 0.4
2025-09-29 14:10:09 | INFO | HHS Region 05 Rural Female Heart disease: Rate 140.8, SE 0.8
2025-09-29 14:10:11 | INFO | HHS Region 06 Urban Male Heart disease: Rate 219.9, SE 0.8
2025-09-29 14:10:13 | INFO | HHS Region 06 Rural Male Heart disease: Rate 266.4, SE 1.6
2025-09-29 14:10:15 | INFO | HHS Region 06 Urban Female Heart disease: Rate 140.7, SE 0.5
2025-09-29 14:10:17 | INFO | HHS Region 06 Rural Female Heart disease: Rate 175.7, SE 1.1
2025-09-29 14:10:19 | INFO | HHS Region 07 Urban Male Heart disease: Rate 210.0, SE 1.3
2025-09-29 14:10:21 | INFO | HHS Region 07 Rural Male Heart disease: Rate 237.7, SE 1.7
2025-09-29 14:10:23 | INFO | HHS Region 07 Urban Female Heart disease: Rate 131.1, SE 0.9
2025-09-29 14:10:25 | INFO | HHS Region 07 Rural Female Heart disease: Rate 152.3, SE 1.2
2025-09-29 14:10:27 | INFO | HHS Region 08 Urban Male Heart disease: Rate 166.5, SE 1.4
2025-09-29 14:10:29 | INFO | HHS Region 08 Rural Male Heart disease: Rate 191.2, SE 2.1
2025-09-29 14:10:31 | INFO | HHS Region 08 Urban Female Heart disease: Rate 106.7, SE 0.9
2025-09-29 14:10:34 | INFO | HHS Region 08 Rural Female Heart disease: Rate 119.8, SE 1.4
2025-09-29 14:10:36 | INFO | HHS Region 09 Urban Male Heart disease: Rate 195.8, SE 0.6
2025-09-29 14:10:38 | INFO | HHS Region 09 Rural Male Heart disease: Rate 205.8, SE 2.7
2025-09-29 14:10:40 | INFO | HHS Region 09 Urban Female Heart disease: Rate 121.0, SE 0.4
2025-09-29 14:10:42 | INFO | HHS Region 09 Rural Female Heart disease: Rate 125.2, SE 1.9
2025-09-29 14:10:44 | INFO | HHS Region 10 Urban Male Heart disease: Rate 176.0, SE 1.1
2025-09-29 14:10:46 | INFO | HHS Region 10 Rural Male Heart disease: Rate 194.9, SE 2.3
2025-09-29 14:10:48 | INFO | HHS Region 10 Urban Female Heart disease: Rate 106.0, SE 0.7
2025-09-29 14:10:50 | INFO | HHS Region 10 Rural Female Heart disease: Rate 114.3, SE 1.6
2025-09-29 14:10:52 | INFO | HHS Region 01 Urban Male Cancer: Rate 194.5, SE 1.0
2025-09-29 14:10:54 | INFO | HHS Region 01 Rural Male Cancer: Rate 202.7, SE 2.5
2025-09-29 14:10:56 | INFO | HHS Region 01 Urban Female Cancer: Rate 140.3, SE 0.8
2025-09-29 14:10:58 | INFO | HHS Region 01 Rural Female Cancer: Rate 144.7, SE 2.0
2025-09-29 14:11:00 | INFO | HHS Region 02 Urban Male Cancer: Rate 187.5, SE 0.7
2025-09-29 14:11:02 | INFO | HHS Region 02 Rural Male Cancer: Rate 204.9, SE 2.9
2025-09-29 14:11:04 | INFO | HHS Region 02 Urban Female Cancer: Rate 139.2, SE 0.5
2025-09-29 14:11:06 | INFO | HHS Region 02 Rural Female Cancer: Rate 151.7, SE 2.3
2025-09-29 14:11:08 | INFO | HHS Region 03 Urban Male Cancer: Rate 204.3, SE 0.7
2025-09-29 14:11:10 | INFO | HHS Region 03 Rural Male Cancer: Rate 224.7, SE 1.9
2025-09-29 14:11:12 | INFO | HHS Region 03 Urban Female Cancer: Rate 146.7, SE 0.5
2025-09-29 14:11:14 | INFO | HHS Region 03 Rural Female Cancer: Rate 156.7, SE 1.4
2025-09-29 14:11:16 | INFO | HHS Region 04 Urban Male Cancer: Rate 204.7, SE 0.5
2025-09-29 14:11:18 | INFO | HHS Region 04 Rural Male Cancer: Rate 245.2, SE 1.2
2025-09-29 14:11:20 | INFO | HHS Region 04 Urban Female Cancer: Rate 139.9, SE 0.4
2025-09-29 14:11:22 | INFO | HHS Region 04 Rural Female Cancer: Rate 156.2, SE 0.8
2025-09-29 14:11:24 | INFO | HHS Region 05 Urban Male Cancer: Rate 207.3, SE 0.6
2025-09-29 14:11:26 | INFO | HHS Region 05 Rural Male Cancer: Rate 217.2, SE 1.1
2025-09-29 14:11:28 | INFO | HHS Region 05 Urban Female Cancer: Rate 149.9, SE 0.4
2025-09-29 14:11:30 | INFO | HHS Region 05 Rural Female Cancer: Rate 152.0, SE 0.9
2025-09-29 14:11:32 | INFO | HHS Region 06 Urban Male Cancer: Rate 201.6, SE 0.7
2025-09-29 14:11:34 | INFO | HHS Region 06 Rural Male Cancer: Rate 223.8, SE 1.4
2025-09-29 14:11:36 | INFO | HHS Region 06 Urban Female Cancer: Rate 137.8, SE 0.5
2025-09-29 14:11:38 | INFO | HHS Region 06 Rural Female Cancer: Rate 151.8, SE 1.1
2025-09-29 14:11:40 | INFO | HHS Region 07 Urban Male Cancer: Rate 204.3, SE 1.3
2025-09-29 14:11:42 | INFO | HHS Region 07 Rural Male Cancer: Rate 214.1, SE 1.6
2025-09-29 14:11:44 | INFO | HHS Region 07 Urban Female Cancer: Rate 148.0, SE 1.0
2025-09-29 14:11:46 | INFO | HHS Region 07 Rural Female Cancer: Rate 149.7, SE 1.3
2025-09-29 14:11:48 | INFO | HHS Region 08 Urban Male Cancer: Rate 167.0, SE 1.3
2025-09-29 14:11:50 | INFO | HHS Region 08 Rural Male Cancer: Rate 173.7, SE 1.9
2025-09-29 14:11:52 | INFO | HHS Region 08 Urban Female Cancer: Rate 122.5, SE 1.0
2025-09-29 14:11:54 | INFO | HHS Region 08 Rural Female Cancer: Rate 132.6, SE 1.6
2025-09-29 14:11:56 | INFO | HHS Region 09 Urban Male Cancer: Rate 176.1, SE 0.5
2025-09-29 14:11:58 | INFO | HHS Region 09 Rural Male Cancer: Rate 186.7, SE 2.5
2025-09-29 14:12:00 | INFO | HHS Region 09 Urban Female Cancer: Rate 130.1, SE 0.4
2025-09-29 14:12:02 | INFO | HHS Region 09 Rural Female Cancer: Rate 135.7, SE 2.0
2025-09-29 14:12:04 | INFO | HHS Region 10 Urban Male Cancer: Rate 190.6, SE 1.1
2025-09-29 14:12:06 | INFO | HHS Region 10 Rural Male Cancer: Rate 197.1, SE 2.3
2025-09-29 14:12:08 | INFO | HHS Region 10 Urban Female Cancer: Rate 140.9, SE 0.9
2025-09-29 14:12:10 | INFO | HHS Region 10 Rural Female Cancer: Rate 143.8, SE 1.9
2025-09-29 14:12:12 | INFO | HHS Region 01 Urban Male Lower respiratory: Rate 36.7, SE 0.5
2025-09-29 14:12:14 | INFO | HHS Region 01 Rural Male Lower respiratory: Rate 51.7, SE 1.3
2025-09-29 14:12:16 | INFO | HHS Region 01 Urban Female Lower respiratory: Rate 32.2, SE 0.4
2025-09-29 14:12:18 | INFO | HHS Region 01 Rural Female Lower respiratory: Rate 41.3, SE 1.0
2025-09-29 14:12:20 | INFO | HHS Region 02 Urban Male Lower respiratory: Rate 33.0, SE 0.3
2025-09-29 14:12:22 | INFO | HHS Region 02 Rural Male Lower respiratory: Rate 59.3, SE 1.6
2025-09-29 14:12:24 | INFO | HHS Region 02 Urban Female Lower respiratory: Rate 28.0, SE 0.2
2025-09-29 14:12:26 | INFO | HHS Region 02 Rural Female Lower respiratory: Rate 46.3, SE 1.2
2025-09-29 14:12:28 | INFO | HHS Region 03 Urban Male Lower respiratory: Rate 41.7, SE 0.3
2025-09-29 14:12:30 | INFO | HHS Region 03 Rural Male Lower respiratory: Rate 62.1, SE 1.0
2025-09-29 14:12:32 | INFO | HHS Region 03 Urban Female Lower respiratory: Rate 34.4, SE 0.3
2025-09-29 14:12:34 | INFO | HHS Region 03 Rural Female Lower respiratory: Rate 46.4, SE 0.8
2025-09-29 14:12:36 | INFO | HHS Region 04 Urban Male Lower respiratory: Rate 48.5, SE 0.3
2025-09-29 14:12:38 | INFO | HHS Region 04 Rural Male Lower respiratory: Rate 70.7, SE 0.6
2025-09-29 14:12:40 | INFO | HHS Region 04 Urban Female Lower respiratory: Rate 39.9, SE 0.2
2025-09-29 14:12:42 | INFO | HHS Region 04 Rural Female Lower respiratory: Rate 51.1, SE 0.5
2025-09-29 14:12:44 | INFO | HHS Region 05 Urban Male Lower respiratory: Rate 48.7, SE 0.3
2025-09-29 14:12:46 | INFO | HHS Region 05 Rural Male Lower respiratory: Rate 59.9, SE 0.6
2025-09-29 14:12:48 | INFO | HHS Region 05 Urban Female Lower respiratory: Rate 40.1, SE 0.2
2025-09-29 14:12:51 | INFO | HHS Region 05 Rural Female Lower respiratory: Rate 44.7, SE 0.4
2025-09-29 14:12:53 | INFO | HHS Region 06 Urban Male Lower respiratory: Rate 49.5, SE 0.4
2025-09-29 14:12:55 | INFO | HHS Region 06 Rural Male Lower respiratory: Rate 65.8, SE 0.8
2025-09-29 14:12:57 | INFO | HHS Region 06 Urban Female Lower respiratory: Rate 39.4, SE 0.3
2025-09-29 14:12:59 | INFO | HHS Region 06 Rural Female Lower respiratory: Rate 50.5, SE 0.6
2025-09-29 14:13:01 | INFO | HHS Region 07 Urban Male Lower respiratory: Rate 54.8, SE 0.7
2025-09-29 14:13:03 | INFO | HHS Region 07 Rural Male Lower respiratory: Rate 65.9, SE 0.9
2025-09-29 14:13:05 | INFO | HHS Region 07 Urban Female Lower respiratory: Rate 44.0, SE 0.5
2025-09-29 14:13:07 | INFO | HHS Region 07 Rural Female Lower respiratory: Rate 45.6, SE 0.7
2025-09-29 14:13:09 | INFO | HHS Region 08 Urban Male Lower respiratory: Rate 48.9, SE 0.7
2025-09-29 14:13:11 | INFO | HHS Region 08 Rural Male Lower respiratory: Rate 56.1, SE 1.1
2025-09-29 14:13:13 | INFO | HHS Region 08 Urban Female Lower respiratory: Rate 37.1, SE 0.6
2025-09-29 14:13:15 | INFO | HHS Region 08 Rural Female Lower respiratory: Rate 40.2, SE 0.9
2025-09-29 14:13:17 | INFO | HHS Region 09 Urban Male Lower respiratory: Rate 40.6, SE 0.3
2025-09-29 14:13:19 | INFO | HHS Region 09 Rural Male Lower respiratory: Rate 50.7, SE 1.3
2025-09-29 14:13:21 | INFO | HHS Region 09 Urban Female Lower respiratory: Rate 33.7, SE 0.2
2025-09-29 14:13:23 | INFO | HHS Region 09 Rural Female Lower respiratory: Rate 43.6, SE 1.1
2025-09-29 14:13:25 | INFO | HHS Region 10 Urban Male Lower respiratory: Rate 46.3, SE 0.6
2025-09-29 14:13:27 | INFO | HHS Region 10 Rural Male Lower respiratory: Rate 52.3, SE 1.2
2025-09-29 14:13:29 | INFO | HHS Region 10 Urban Female Lower respiratory: Rate 38.4, SE 0.5
2025-09-29 14:13:31 | INFO | HHS Region 10 Rural Female Lower respiratory: Rate 45.3, SE 1.0
2025-09-29 14:13:33 | INFO | HHS Region 01 Urban Male Unintentional injuries: Rate 47.4, SE 0.5
2025-09-29 14:13:35 | INFO | HHS Region 01 Rural Male Unintentional injuries: Rate 60.5, SE 1.5
2025-09-29 14:13:37 | INFO | HHS Region 01 Urban Female Unintentional injuries: Rate 22.5, SE 0.3
2025-09-29 14:13:39 | INFO | HHS Region 01 Rural Female Unintentional injuries: Rate 28.8, SE 1.0
2025-09-29 14:13:41 | INFO | HHS Region 02 Urban Male Unintentional injuries: Rate 39.7, SE 0.3
2025-09-29 14:13:43 | INFO | HHS Region 02 Rural Male Unintentional injuries: Rate 49.6, SE 1.5
2025-09-29 14:13:45 | INFO | HHS Region 02 Urban Female Unintentional injuries: Rate 17.0, SE 0.2
2025-09-29 14:13:47 | INFO | HHS Region 02 Rural Female Unintentional injuries: Rate 23.4, SE 1.0
2025-09-29 14:13:49 | INFO | HHS Region 03 Urban Male Unintentional injuries: Rate 51.8, SE 0.4
2025-09-29 14:13:51 | INFO | HHS Region 03 Rural Male Unintentional injuries: Rate 77.6, SE 1.2
2025-09-29 14:13:53 | INFO | HHS Region 03 Urban Female Unintentional injuries: Rate 24.3, SE 0.2
2025-09-29 14:13:55 | INFO | HHS Region 03 Rural Female Unintentional injuries: Rate 39.8, SE 0.9
2025-09-29 14:13:57 | INFO | HHS Region 04 Urban Male Unintentional injuries: Rate 56.2, SE 0.3
2025-09-29 14:13:59 | INFO | HHS Region 04 Rural Male Unintentional injuries: Rate 79.1, SE 0.7
2025-09-29 14:14:01 | INFO | HHS Region 04 Urban Female Unintentional injuries: Rate 28.6, SE 0.2
2025-09-29 14:14:03 | INFO | HHS Region 04 Rural Female Unintentional injuries: Rate 41.3, SE 0.5
2025-09-29 14:14:05 | INFO | HHS Region 05 Urban Male Unintentional injuries: Rate 50.9, SE 0.3
2025-09-29 14:14:07 | INFO | HHS Region 05 Rural Male Unintentional injuries: Rate 62.3, SE 0.7
2025-09-29 14:14:09 | INFO | HHS Region 05 Urban Female Unintentional injuries: Rate 25.9, SE 0.2
2025-09-29 14:14:11 | INFO | HHS Region 05 Rural Female Unintentional injuries: Rate 32.3, SE 0.4
2025-09-29 14:14:13 | INFO | HHS Region 06 Urban Male Unintentional injuries: Rate 54.6, SE 0.4
2025-09-29 14:14:15 | INFO | HHS Region 06 Rural Male Unintentional injuries: Rate 77.2, SE 0.9
2025-09-29 14:14:17 | INFO | HHS Region 06 Urban Female Unintentional injuries: Rate 27.0, SE 0.2
2025-09-29 14:14:19 | INFO | HHS Region 06 Rural Female Unintentional injuries: Rate 39.9, SE 0.6
2025-09-29 14:14:21 | INFO | HHS Region 07 Urban Male Unintentional injuries: Rate 53.4, SE 0.6
2025-09-29 14:14:23 | INFO | HHS Region 07 Rural Male Unintentional injuries: Rate 68.1, SE 1.0
2025-09-29 14:14:25 | INFO | HHS Region 07 Urban Female Unintentional injuries: Rate 28.7, SE 0.4
2025-09-29 14:14:27 | INFO | HHS Region 07 Rural Female Unintentional injuries: Rate 35.4, SE 0.7
2025-09-29 14:14:29 | INFO | HHS Region 08 Urban Male Unintentional injuries: Rate 55.3, SE 0.7
2025-09-29 14:14:31 | INFO | HHS Region 08 Rural Male Unintentional injuries: Rate 71.0, SE 1.3
2025-09-29 14:14:33 | INFO | HHS Region 08 Urban Female Unintentional injuries: Rate 32.7, SE 0.5
2025-09-29 14:14:35 | INFO | HHS Region 08 Rural Female Unintentional injuries: Rate 39.2, SE 0.9
2025-09-29 14:14:37 | INFO | HHS Region 09 Urban Male Unintentional injuries: Rate 41.8, SE 0.2
2025-09-29 14:14:39 | INFO | HHS Region 09 Rural Male Unintentional injuries: Rate 79.1, SE 1.8
2025-09-29 14:14:41 | INFO | HHS Region 09 Urban Female Unintentional injuries: Rate 20.5, SE 0.2
2025-09-29 14:14:44 | INFO | HHS Region 09 Rural Female Unintentional injuries: Rate 40.9, SE 1.3
2025-09-29 14:14:46 | INFO | HHS Region 10 Urban Male Unintentional injuries: Rate 49.8, SE 0.6
2025-09-29 14:14:48 | INFO | HHS Region 10 Rural Male Unintentional injuries: Rate 66.2, SE 1.5
2025-09-29 14:14:50 | INFO | HHS Region 10 Urban Female Unintentional injuries: Rate 28.4, SE 0.4
2025-09-29 14:14:52 | INFO | HHS Region 10 Rural Female Unintentional injuries: Rate 37.2, SE 1.1
2025-09-29 14:14:54 | INFO | HHS Region 01 Urban Male Cerebrovascular diseases: Rate 28.4, SE 0.4
2025-09-29 14:14:56 | INFO | HHS Region 01 Rural Male Cerebrovascular diseases: Rate 31.2, SE 1.0
2025-09-29 14:14:58 | INFO | HHS Region 01 Urban Female Cerebrovascular diseases: Rate 28.5, SE 0.3
2025-09-29 14:15:00 | INFO | HHS Region 01 Rural Female Cerebrovascular diseases: Rate 33.6, SE 0.9
2025-09-29 14:15:02 | INFO | HHS Region 02 Urban Male Cerebrovascular diseases: Rate 29.2, SE 0.3
2025-09-29 14:15:04 | INFO | HHS Region 02 Rural Male Cerebrovascular diseases: Rate 32.9, SE 1.2
2025-09-29 14:15:06 | INFO | HHS Region 02 Urban Female Cerebrovascular diseases: Rate 27.2, SE 0.2
2025-09-29 14:15:08 | INFO | HHS Region 02 Rural Female Cerebrovascular diseases: Rate 32.2, SE 1.0
2025-09-29 14:15:10 | INFO | HHS Region 03 Urban Male Cerebrovascular diseases: Rate 38.2, SE 0.3
2025-09-29 14:15:12 | INFO | HHS Region 03 Rural Male Cerebrovascular diseases: Rate 42.5, SE 0.8
2025-09-29 14:15:14 | INFO | HHS Region 03 Urban Female Cerebrovascular diseases: Rate 37.4, SE 0.3
2025-09-29 14:15:16 | INFO | HHS Region 03 Rural Female Cerebrovascular diseases: Rate 42.1, SE 0.7
2025-09-29 14:15:18 | INFO | HHS Region 04 Urban Male Cerebrovascular diseases: Rate 37.5, SE 0.2
2025-09-29 14:15:20 | INFO | HHS Region 04 Rural Male Cerebrovascular diseases: Rate 49.1, SE 0.5
2025-09-29 14:15:22 | INFO | HHS Region 04 Urban Female Cerebrovascular diseases: Rate 36.4, SE 0.2
2025-09-29 14:15:24 | WARNING | Mortality Producer interrupted by user.
2025-09-29 14:15:24 | INFO | Mortality Producer shutting down.
2025-09-29 14:21:26 | INFO | Logging to file: logs/project_log.log
2025-09-29 14:21:26 | INFO | Log sanitization enabled, personal info removed
2025-09-29 14:21:26 | INFO | Starting Mortality Data Producer
2025-09-29 14:21:26 | INFO | Streaming mortality data from data/USRegionalMortality.csv
2025-09-29 14:21:26 | INFO | Use Ctrl+C to stop.
2025-09-29 14:21:26 | INFO | MESSAGE_INTERVAL_SECONDS: 1
2025-09-29 14:21:26 | INFO | BASE_DATA_DIR: C:/Users/USER/Documents/buzzline-06-anjana/data
2025-09-29 14:21:26 | INFO | LIVE_DATA_PATH: C:/Users/USER/Documents/buzzline-06-anjana/data/project_live.json
2025-09-29 14:21:26 | INFO | BASE_DATA_DIR: C:/Users/USER/Documents/buzzline-06-anjana/data
2025-09-29 14:21:26 | INFO | SQLITE_PATH: C:/Users/USER/Documents/buzzline-06-anjana/data/buzz.sqlite
2025-09-29 14:21:26 | INFO | SQLite database initialized at C:/Users/USER/Documents/buzzline-06-anjana/data/buzz.sqlite
2025-09-29 14:21:26 | INFO | HHS Region 01 Urban Male Heart disease: Rate 188.2, SE 1.0
2025-09-29 14:21:27 | INFO | HHS Region 01 Rural Male Heart disease: Rate 199.1, SE 2.6
2025-09-29 14:21:28 | INFO | HHS Region 01 Urban Female Heart disease: Rate 115.1, SE 0.6
2025-09-29 14:21:29 | INFO | HHS Region 01 Rural Female Heart disease: Rate 124.5, SE 1.7
2025-09-29 14:21:30 | INFO | HHS Region 02 Urban Male Heart disease: Rate 226.8, SE 0.8
2025-09-29 14:21:31 | INFO | HHS Region 02 Rural Male Heart disease: Rate 248.8, SE 3.3
2025-09-29 14:21:32 | INFO | HHS Region 02 Urban Female Heart disease: Rate 148.6, SE 0.5
2025-09-29 14:21:33 | INFO | HHS Region 02 Rural Female Heart disease: Rate 165.6, SE 2.3
2025-09-29 14:21:34 | INFO | HHS Region 03 Urban Male Heart disease: Rate 218.2, SE 0.8
2025-09-29 14:21:35 | INFO | HHS Region 03 Rural Male Heart disease: Rate 246.0, SE 2.0
2025-09-29 14:21:36 | INFO | HHS Region 03 Urban Female Heart disease: Rate 138.1, SE 0.5
2025-09-29 14:21:37 | INFO | HHS Region 03 Rural Female Heart disease: Rate 162.5, SE 1.4
2025-09-29 14:21:38 | INFO | HHS Region 04 Urban Male Heart disease: Rate 212.8, SE 0.5
2025-09-29 14:21:39 | INFO | HHS Region 04 Rural Male Heart disease: Rate 276.4, SE 1.3
2025-09-29 14:21:40 | INFO | HHS Region 04 Urban Female Heart disease: Rate 132.2, SE 0.4
2025-09-29 14:21:41 | INFO | HHS Region 04 Rural Female Heart disease: Rate 176.8, SE 0.9
2025-09-29 14:21:42 | INFO | HHS Region 05 Urban Male Heart disease: Rate 222.5, SE 0.6
2025-09-29 14:21:43 | INFO | HHS Region 05 Rural Male Heart disease: Rate 229.0, SE 1.2
2025-09-29 14:21:44 | INFO | HHS Region 05 Urban Female Heart disease: Rate 139.6, SE 0.4
2025-09-29 14:21:45 | INFO | HHS Region 05 Rural Female Heart disease: Rate 140.8, SE 0.8
2025-09-29 14:21:46 | INFO | HHS Region 06 Urban Male Heart disease: Rate 219.9, SE 0.8
2025-09-29 14:21:47 | INFO | HHS Region 06 Rural Male Heart disease: Rate 266.4, SE 1.6
2025-09-29 14:21:49 | INFO | HHS Region 06 Urban Female Heart disease: Rate 140.7, SE 0.5
2025-09-29 14:21:50 | INFO | HHS Region 06 Rural Female Heart disease: Rate 175.7, SE 1.1
2025-09-29 14:21:51 | INFO | HHS Region 07 Urban Male Heart disease: Rate 210.0, SE 1.3
2025-09-29 14:21:52 | INFO | HHS Region 07 Rural Male Heart disease: Rate 237.7, SE 1.7
2025-09-29 14:21:53 | INFO | HHS Region 07 Urban Female Heart disease: Rate 131.1, SE 0.9
2025-09-29 14:21:54 | INFO | HHS Region 07 Rural Female Heart disease: Rate 152.3, SE 1.2
2025-09-29 14:21:55 | INFO | HHS Region 08 Urban Male Heart disease: Rate 166.5, SE 1.4
2025-09-29 14:21:56 | INFO | HHS Region 08 Rural Male Heart disease: Rate 191.2, SE 2.1
2025-09-29 14:21:57 | INFO | HHS Region 08 Urban Female Heart disease: Rate 106.7, SE 0.9
2025-09-29 14:21:58 | INFO | HHS Region 08 Rural Female Heart disease: Rate 119.8, SE 1.4
2025-09-29 14:21:59 | INFO | HHS Region 09 Urban Male Heart disease: Rate 195.8, SE 0.6
2025-09-29 14:22:00 | INFO | HHS Region 09 Rural Male Heart disease: Rate 205.8, SE 2.7
2025-09-29 14:22:01 | INFO | HHS Region 09 Urban Female Heart disease: Rate 121.0, SE 0.4
2025-09-29 14:22:02 | INFO | HHS Region 09 Rural Female Heart disease: Rate 125.2, SE 1.9
2025-09-29 14:22:03 | INFO | HHS Region 10 Urban Male Heart disease: Rate 176.0, SE 1.1
2025-09-29 14:22:04 | INFO | HHS Region 10 Rural Male Heart disease: Rate 194.9, SE 2.3
2025-09-29 14:22:05 | INFO | HHS Region 10 Urban Female Heart disease: Rate 106.0, SE 0.7
2025-09-29 14:22:06 | INFO | HHS Region 10 Rural Female Heart disease: Rate 114.3, SE 1.6
2025-09-29 14:22:07 | INFO | HHS Region 01 Urban Male Cancer: Rate 194.5, SE 1.0
2025-09-29 14:22:08 | INFO | HHS Region 01 Rural Male Cancer: Rate 202.7, SE 2.5
2025-09-29 14:22:09 | INFO | HHS Region 01 Urban Female Cancer: Rate 140.3, SE 0.8
2025-09-29 14:22:10 | INFO | HHS Region 01 Rural Female Cancer: Rate 144.7, SE 2.0
2025-09-29 14:22:11 | INFO | HHS Region 02 Urban Male Cancer: Rate 187.5, SE 0.7
2025-09-29 14:22:12 | INFO | HHS Region 02 Rural Male Cancer: Rate 204.9, SE 2.9
2025-09-29 14:22:13 | INFO | HHS Region 02 Urban Female Cancer: Rate 139.2, SE 0.5
2025-09-29 14:22:14 | INFO | HHS Region 02 Rural Female Cancer: Rate 151.7, SE 2.3
2025-09-29 14:22:15 | INFO | HHS Region 03 Urban Male Cancer: Rate 204.3, SE 0.7
2025-09-29 14:22:16 | INFO | HHS Region 03 Rural Male Cancer: Rate 224.7, SE 1.9
2025-09-29 14:22:17 | INFO | HHS Region 03 Urban Female Cancer: Rate 146.7, SE 0.5
2025-09-29 14:22:18 | INFO | HHS Region 03 Rural Female Cancer: Rate 156.7, SE 1.4
2025-09-29 14:22:19 | INFO | HHS Region 04 Urban Male Cancer: Rate 204.7, SE 0.5
2025-09-29 14:22:20 | INFO | HHS Region 04 Rural Male Cancer: Rate 245.2, SE 1.2
2025-09-29 14:22:21 | INFO | HHS Region 04 Urban Female Cancer: Rate 139.9, SE 0.4
2025-09-29 14:22:22 | INFO | HHS Region 04 Rural Female Cancer: Rate 156.2, SE 0.8
2025-09-29 14:22:23 | INFO | HHS Region 05 Urban Male Cancer: Rate 207.3, SE 0.6
2025-09-29 14:22:24 | INFO | HHS Region 05 Rural Male Cancer: Rate 217.2, SE 1.1
2025-09-29 14:22:25 | INFO | HHS Region 05 Urban Female Cancer: Rate 149.9, SE 0.4
2025-09-29 14:22:26 | INFO | HHS Region 05 Rural Female Cancer: Rate 152.0, SE 0.9
2025-09-29 14:22:27 | INFO | HHS Region 06 Urban Male Cancer: Rate 201.6, SE 0.7
2025-09-29 14:22:28 | INFO | HHS Region 06 Rural Male Cancer: Rate 223.8, SE 1.4
2025-09-29 14:22:29 | INFO | HHS Region 06 Urban Female Cancer: Rate 137.8, SE 0.5
2025-09-29 14:22:30 | INFO | HHS Region 06 Rural Female Cancer: Rate 151.8, SE 1.1
2025-09-29 14:22:31 | INFO | HHS Region 07 Urban Male Cancer: Rate 204.3, SE 1.3
2025-09-29 14:22:32 | INFO | HHS Region 07 Rural Male Cancer: Rate 214.1, SE 1.6
2025-09-29 14:22:33 | INFO | HHS Region 07 Urban Female Cancer: Rate 148.0, SE 1.0
2025-09-29 14:22:34 | INFO | HHS Region 07 Rural Female Cancer: Rate 149.7, SE 1.3
2025-09-29 14:22:35 | INFO | HHS Region 08 Urban Male Cancer: Rate 167.0, SE 1.3
2025-09-29 14:22:36 | INFO | HHS Region 08 Rural Male Cancer: Rate 173.7, SE 1.9
2025-09-29 14:22:37 | INFO | HHS Region 08 Urban Female Cancer: Rate 122.5, SE 1.0
2025-09-29 14:22:38 | INFO | HHS Region 08 Rural Female Cancer: Rate 132.6, SE 1.6
2025-09-29 14:22:39 | INFO | HHS Region 09 Urban Male Cancer: Rate 176.1, SE 0.5
2025-09-29 14:22:40 | INFO | HHS Region 09 Rural Male Cancer: Rate 186.7, SE 2.5
2025-09-29 14:22:41 | INFO | HHS Region 09 Urban Female Cancer: Rate 130.1, SE 0.4
2025-09-29 14:22:42 | INFO | HHS Region 09 Rural Female Cancer: Rate 135.7, SE 2.0
2025-09-29 14:22:43 | INFO | HHS Region 10 Urban Male Cancer: Rate 190.6, SE 1.1
2025-09-29 14:22:44 | INFO | HHS Region 10 Rural Male Cancer: Rate 197.1, SE 2.3
2025-09-29 14:22:45 | INFO | HHS Region 10 Urban Female Cancer: Rate 140.9, SE 0.9
2025-09-29 14:22:46 | INFO | HHS Region 10 Rural Female Cancer: Rate 143.8, SE 1.9
2025-09-29 14:22:47 | INFO | HHS Region 01 Urban Male Lower respiratory: Rate 36.7, SE 0.5
2025-09-29 14:22:48 | INFO | HHS Region 01 Rural Male Lower respiratory: Rate 51.7, SE 1.3
2025-09-29 14:22:49 | INFO | HHS Region 01 Urban Female Lower respiratory: Rate 32.2, SE 0.4
2025-09-29 14:22:50 | INFO | HHS Region 01 Rural Female Lower respiratory: Rate 41.3, SE 1.0
2025-09-29 14:22:51 | INFO | HHS Region 02 Urban Male Lower respiratory: Rate 33.0, SE 0.3
2025-09-29 14:22:52 | INFO | HHS Region 02 Rural Male Lower respiratory: Rate 59.3, SE 1.6
2025-09-29 14:22:53 | INFO | HHS Region 02 Urban Female Lower respiratory: Rate 28.0, SE 0.2
2025-09-29 14:22:54 | INFO | HHS Region 02 Rural Female Lower respiratory: Rate 46.3, SE 1.2
2025-09-29 14:22:55 | INFO | HHS Region 03 Urban Male Lower respiratory: Rate 41.7, SE 0.3
2025-09-29 14:22:56 | INFO | HHS Region 03 Rural Male Lower respiratory: Rate 62.1, SE 1.0
2025-09-29 14:22:57 | INFO | HHS Region 03 Urban Female Lower respiratory: Rate 34.4, SE 0.3
2025-09-29 14:22:58 | INFO | HHS Region 03 Rural Female Lower respiratory: Rate 46.4, SE 0.8
2025-09-29 14:22:59 | INFO | HHS Region 04 Urban Male Lower respiratory: Rate 48.5, SE 0.3
2025-09-29 14:23:00 | INFO | HHS Region 04 Rural Male Lower respiratory: Rate 70.7, SE 0.6
2025-09-29 14:23:02 | INFO | HHS Region 04 Urban Female Lower respiratory: Rate 39.9, SE 0.2
2025-09-29 14:23:03 | INFO | HHS Region 04 Rural Female Lower respiratory: Rate 51.1, SE 0.5
2025-09-29 14:23:04 | INFO | HHS Region 05 Urban Male Lower respiratory: Rate 48.7, SE 0.3
2025-09-29 14:23:05 | INFO | HHS Region 05 Rural Male Lower respiratory: Rate 59.9, SE 0.6
2025-09-29 14:23:06 | INFO | HHS Region 05 Urban Female Lower respiratory: Rate 40.1, SE 0.2
2025-09-29 14:23:07 | INFO | HHS Region 05 Rural Female Lower respiratory: Rate 44.7, SE 0.4
2025-09-29 14:23:08 | INFO | HHS Region 06 Urban Male Lower respiratory: Rate 49.5, SE 0.4
2025-09-29 14:23:09 | INFO | HHS Region 06 Rural Male Lower respiratory: Rate 65.8, SE 0.8
2025-09-29 14:23:10 | INFO | HHS Region 06 Urban Female Lower respiratory: Rate 39.4, SE 0.3
2025-09-29 14:23:11 | INFO | HHS Region 06 Rural Female Lower respiratory: Rate 50.5, SE 0.6
2025-09-29 14:23:12 | INFO | HHS Region 07 Urban Male Lower respiratory: Rate 54.8, SE 0.7
2025-09-29 14:23:13 | INFO | HHS Region 07 Rural Male Lower respiratory: Rate 65.9, SE 0.9
2025-09-29 14:23:14 | INFO | HHS Region 07 Urban Female Lower respiratory: Rate 44.0, SE 0.5
2025-09-29 14:23:15 | INFO | HHS Region 07 Rural Female Lower respiratory: Rate 45.6, SE 0.7
2025-09-29 14:23:16 | INFO | HHS Region 08 Urban Male Lower respiratory: Rate 48.9, SE 0.7
2025-09-29 14:23:17 | INFO | HHS Region 08 Rural Male Lower respiratory: Rate 56.1, SE 1.1
2025-09-29 14:23:18 | INFO | HHS Region 08 Urban Female Lower respiratory: Rate 37.1, SE 0.6
2025-09-29 14:23:19 | INFO | HHS Region 08 Rural Female Lower respiratory: Rate 40.2, SE 0.9
2025-09-29 14:23:20 | INFO | HHS Region 09 Urban Male Lower respiratory: Rate 40.6, SE 0.3
2025-09-29 14:23:21 | INFO | HHS Region 09 Rural Male Lower respiratory: Rate 50.7, SE 1.3
2025-09-29 14:23:22 | INFO | HHS Region 09 Urban Female Lower respiratory: Rate 33.7, SE 0.2
2025-09-29 14:23:23 | INFO | HHS Region 09 Rural Female Lower respiratory: Rate 43.6, SE 1.1
2025-09-29 14:23:24 | INFO | HHS Region 10 Urban Male Lower respiratory: Rate 46.3, SE 0.6
2025-09-29 14:23:25 | INFO | HHS Region 10 Rural Male Lower respiratory: Rate 52.3, SE 1.2
2025-09-29 14:23:26 | INFO | HHS Region 10 Urban Female Lower respiratory: Rate 38.4, SE 0.5
2025-09-29 14:23:27 | INFO | HHS Region 10 Rural Female Lower respiratory: Rate 45.3, SE 1.0
2025-09-29 14:23:28 | INFO | HHS Region 01 Urban Male Unintentional injuries: Rate 47.4, SE 0.5
2025-09-29 14:23:29 | INFO | HHS Region 01 Rural Male Unintentional injuries: Rate 60.5, SE 1.5
2025-09-29 14:23:30 | INFO | HHS Region 01 Urban Female Unintentional injuries: Rate 22.5, SE 0.3
2025-09-29 14:23:31 | INFO | HHS Region 01 Rural Female Unintentional injuries: Rate 28.8, SE 1.0
2025-09-29 14:23:32 | INFO | HHS Region 02 Urban Male Unintentional injuries: Rate 39.7, SE 0.3
2025-09-29 14:23:33 | INFO | HHS Region 02 Rural Male Unintentional injuries: Rate 49.6, SE 1.5
2025-09-29 14:23:34 | INFO | HHS Region 02 Urban Female Unintentional injuries: Rate 17.0, SE 0.2
2025-09-29 14:23:35 | INFO | HHS Region 02 Rural Female Unintentional injuries: Rate 23.4, SE 1.0
2025-09-29 14:23:36 | INFO | HHS Region 03 Urban Male Unintentional injuries: Rate 51.8, SE 0.4
2025-09-29 14:23:37 | INFO | HHS Region 03 Rural Male Unintentional injuries: Rate 77.6, SE 1.2
2025-09-29 14:23:38 | INFO | HHS Region 03 Urban Female Unintentional injuries: Rate 24.3, SE 0.2
2025-09-29 14:23:39 | INFO | HHS Region 03 Rural Female Unintentional injuries: Rate 39.8, SE 0.9
2025-09-29 14:23:40 | INFO | HHS Region 04 Urban Male Unintentional injuries: Rate 56.2, SE 0.3
2025-09-29 14:23:41 | INFO | HHS Region 04 Rural Male Unintentional injuries: Rate 79.1, SE 0.7
2025-09-29 14:23:42 | INFO | HHS Region 04 Urban Female Unintentional injuries: Rate 28.6, SE 0.2
2025-09-29 14:23:43 | INFO | HHS Region 04 Rural Female Unintentional injuries: Rate 41.3, SE 0.5
2025-09-29 14:23:44 | INFO | HHS Region 05 Urban Male Unintentional injuries: Rate 50.9, SE 0.3
2025-09-29 14:23:45 | INFO | HHS Region 05 Rural Male Unintentional injuries: Rate 62.3, SE 0.7
2025-09-29 14:23:46 | INFO | HHS Region 05 Urban Female Unintentional injuries: Rate 25.9, SE 0.2
2025-09-29 14:23:47 | INFO | HHS Region 05 Rural Female Unintentional injuries: Rate 32.3, SE 0.4
2025-09-29 14:23:48 | INFO | HHS Region 06 Urban Male Unintentional injuries: Rate 54.6, SE 0.4
2025-09-29 14:23:49 | INFO | HHS Region 06 Rural Male Unintentional injuries: Rate 77.2, SE 0.9
2025-09-29 14:23:50 | INFO | HHS Region 06 Urban Female Unintentional injuries: Rate 27.0, SE 0.2
2025-09-29 14:23:51 | INFO | HHS Region 06 Rural Female Unintentional injuries: Rate 39.9, SE 0.6
2025-09-29 14:23:52 | INFO | HHS Region 07 Urban Male Unintentional injuries: Rate 53.4, SE 0.6
2025-09-29 14:23:53 | INFO | HHS Region 07 Rural Male Unintentional injuries: Rate 68.1, SE 1.0
2025-09-29 14:23:54 | INFO | HHS Region 07 Urban Female Unintentional injuries: Rate 28.7, SE 0.4
2025-09-29 14:23:55 | INFO | HHS Region 07 Rural Female Unintentional injuries: Rate 35.4, SE 0.7
2025-09-29 14:23:56 | INFO | HHS Region 08 Urban Male Unintentional injuries: Rate 55.3, SE 0.7
2025-09-29 14:23:57 | INFO | HHS Region 08 Rural Male Unintentional injuries: Rate 71.0, SE 1.3
2025-09-29 14:23:58 | INFO | HHS Region 08 Urban Female Unintentional injuries: Rate 32.7, SE 0.5
2025-09-29 14:23:59 | INFO | HHS Region 08 Rural Female Unintentional injuries: Rate 39.2, SE 0.9
2025-09-29 14:24:00 | INFO | HHS Region 09 Urban Male Unintentional injuries: Rate 41.8, SE 0.2
2025-09-29 14:24:01 | INFO | HHS Region 09 Rural Male Unintentional injuries: Rate 79.1, SE 1.8
2025-09-29 14:24:02 | INFO | HHS Region 09 Urban Female Unintentional injuries: Rate 20.5, SE 0.2
2025-09-29 14:24:03 | INFO | HHS Region 09 Rural Female Unintentional injuries: Rate 40.9, SE 1.3
2025-09-29 14:24:04 | INFO | HHS Region 10 Urban Male Unintentional injuries: Rate 49.8, SE 0.6
2025-09-29 14:24:05 | INFO | HHS Region 10 Rural Male Unintentional injuries: Rate 66.2, SE 1.5
2025-09-29 14:24:06 | INFO | HHS Region 10 Urban Female Unintentional injuries: Rate 28.4, SE 0.4
2025-09-29 14:24:07 | INFO | HHS Region 10 Rural Female Unintentional injuries: Rate 37.2, SE 1.1
2025-09-29 14:24:08 | INFO | HHS Region 01 Urban Male Cerebrovascular diseases: Rate 28.4, SE 0.4
2025-09-29 14:24:09 | INFO | HHS Region 01 Rural Male Cerebrovascular diseases: Rate 31.2, SE 1.0
2025-09-29 14:24:10 | INFO | HHS Region 01 Urban Female Cerebrovascular diseases: Rate 28.5, SE 0.3
2025-09-29 14:24:11 | INFO | HHS Region 01 Rural Female Cerebrovascular diseases: Rate 33.6, SE 0.9
2025-09-29 14:24:12 | INFO | HHS Region 02 Urban Male Cerebrovascular diseases: Rate 29.2, SE 0.3
2025-09-29 14:24:13 | INFO | HHS Region 02 Rural Male Cerebrovascular diseases: Rate 32.9, SE 1.2
2025-09-29 14:24:14 | INFO | HHS Region 02 Urban Female Cerebrovascular diseases: Rate 27.2, SE 0.2
2025-09-29 14:24:15 | INFO | HHS Region 02 Rural Female Cerebrovascular diseases: Rate 32.2, SE 1.0
2025-09-29 14:24:16 | INFO | HHS Region 03 Urban Male Cerebrovascular diseases: Rate 38.2, SE 0.3
