2025-09-29 20:53:10 | INFO | Logging to file: logs/project_log.log
2025-09-29 20:53:10 | INFO | Log sanitization enabled, personal info removed
2025-09-29 20:53:24 | INFO | Logging to file: logs/project_log.log
2025-09-29 20:53:24 | INFO | Log sanitization enabled, personal info removed
2025-09-29 20:54:39 | INFO | Logging to file: logs/project_log.log
2025-09-29 20:54:39 | INFO | Log sanitization enabled, personal info removed
2025-09-29 20:54:39 | INFO | Starting Mortality Data Producer
2025-09-29 20:54:39 | INFO | Streaming mortality data from data/USRegionalMortality.csv
2025-09-29 20:54:39 | INFO | Use Ctrl+C to stop.
2025-09-29 20:54:39 | INFO | MESSAGE_INTERVAL_SECONDS: 1
2025-09-29 20:54:39 | INFO | BASE_DATA_DIR: C:/Users/USER/Documents/buzzline-06-anjana/data
2025-09-29 20:54:39 | INFO | LIVE_DATA_PATH: C:/Users/USER/Documents/buzzline-06-anjana/data/project_live.json
2025-09-29 20:54:39 | INFO | BASE_DATA_DIR: C:/Users/USER/Documents/buzzline-06-anjana/data
2025-09-29 20:54:39 | INFO | SQLITE_PATH: C:/Users/USER/Documents/buzzline-06-anjana/data/buzz.sqlite
2025-09-29 20:54:39 | INFO | SQLite database initialized at C:/Users/USER/Documents/buzzline-06-anjana/data/buzz.sqlite
2025-09-29 20:54:39 | INFO | HHS Region 01 Urban Male Heart disease: Rate 188.2, SE 1.0
2025-09-29 20:54:40 | INFO | HHS Region 01 Rural Male Heart disease: Rate 199.1, SE 2.6
2025-09-29 20:54:41 | INFO | HHS Region 01 Urban Female Heart disease: Rate 115.1, SE 0.6
2025-09-29 20:54:42 | INFO | HHS Region 01 Rural Female Heart disease: Rate 124.5, SE 1.7
2025-09-29 20:54:43 | INFO | HHS Region 02 Urban Male Heart disease: Rate 226.8, SE 0.8
2025-09-29 20:54:44 | INFO | HHS Region 02 Rural Male Heart disease: Rate 248.8, SE 3.3
2025-09-29 20:54:45 | INFO | HHS Region 02 Urban Female Heart disease: Rate 148.6, SE 0.5
2025-09-29 20:54:46 | INFO | HHS Region 02 Rural Female Heart disease: Rate 165.6, SE 2.3
2025-09-29 20:54:47 | INFO | HHS Region 03 Urban Male Heart disease: Rate 218.2, SE 0.8
2025-09-29 20:54:48 | INFO | HHS Region 03 Rural Male Heart disease: Rate 246.0, SE 2.0
2025-09-29 20:54:49 | INFO | HHS Region 03 Urban Female Heart disease: Rate 138.1, SE 0.5
2025-09-29 20:54:50 | INFO | HHS Region 03 Rural Female Heart disease: Rate 162.5, SE 1.4
2025-09-29 20:54:51 | INFO | HHS Region 04 Urban Male Heart disease: Rate 212.8, SE 0.5
2025-09-29 20:54:52 | INFO | HHS Region 04 Rural Male Heart disease: Rate 276.4, SE 1.3
2025-09-29 20:54:53 | INFO | HHS Region 04 Urban Female Heart disease: Rate 132.2, SE 0.4
2025-09-29 20:54:54 | INFO | HHS Region 04 Rural Female Heart disease: Rate 176.8, SE 0.9
2025-09-29 20:54:55 | INFO | HHS Region 05 Urban Male Heart disease: Rate 222.5, SE 0.6
2025-09-29 20:54:56 | INFO | HHS Region 05 Rural Male Heart disease: Rate 229.0, SE 1.2
2025-09-29 20:54:57 | INFO | HHS Region 05 Urban Female Heart disease: Rate 139.6, SE 0.4
2025-09-29 20:54:58 | INFO | HHS Region 05 Rural Female Heart disease: Rate 140.8, SE 0.8
2025-09-29 20:54:59 | INFO | HHS Region 06 Urban Male Heart disease: Rate 219.9, SE 0.8
2025-09-29 20:55:00 | INFO | HHS Region 06 Rural Male Heart disease: Rate 266.4, SE 1.6
2025-09-29 20:55:01 | INFO | HHS Region 06 Urban Female Heart disease: Rate 140.7, SE 0.5
2025-09-29 20:55:02 | INFO | HHS Region 06 Rural Female Heart disease: Rate 175.7, SE 1.1
2025-09-29 20:55:03 | INFO | HHS Region 07 Urban Male Heart disease: Rate 210.0, SE 1.3
2025-09-29 20:55:04 | INFO | HHS Region 07 Rural Male Heart disease: Rate 237.7, SE 1.7
2025-09-29 20:55:05 | INFO | HHS Region 07 Urban Female Heart disease: Rate 131.1, SE 0.9
2025-09-29 20:55:06 | INFO | HHS Region 07 Rural Female Heart disease: Rate 152.3, SE 1.2
2025-09-29 20:55:07 | INFO | HHS Region 08 Urban Male Heart disease: Rate 166.5, SE 1.4
2025-09-29 20:55:08 | INFO | HHS Region 08 Rural Male Heart disease: Rate 191.2, SE 2.1
2025-09-29 20:55:09 | INFO | HHS Region 08 Urban Female Heart disease: Rate 106.7, SE 0.9
2025-09-29 20:55:10 | INFO | HHS Region 08 Rural Female Heart disease: Rate 119.8, SE 1.4
2025-09-29 20:55:11 | INFO | HHS Region 09 Urban Male Heart disease: Rate 195.8, SE 0.6
2025-09-29 20:55:12 | INFO | HHS Region 09 Rural Male Heart disease: Rate 205.8, SE 2.7
2025-09-29 20:55:13 | INFO | HHS Region 09 Urban Female Heart disease: Rate 121.0, SE 0.4
2025-09-29 20:55:14 | INFO | HHS Region 09 Rural Female Heart disease: Rate 125.2, SE 1.9
2025-09-29 20:55:15 | INFO | HHS Region 10 Urban Male Heart disease: Rate 176.0, SE 1.1
2025-09-29 20:55:17 | INFO | HHS Region 10 Rural Male Heart disease: Rate 194.9, SE 2.3
2025-09-29 20:55:18 | INFO | HHS Region 10 Urban Female Heart disease: Rate 106.0, SE 0.7
2025-09-29 20:55:19 | INFO | HHS Region 10 Rural Female Heart disease: Rate 114.3, SE 1.6
2025-09-29 20:55:20 | INFO | HHS Region 01 Urban Male Cancer: Rate 194.5, SE 1.0
2025-09-29 20:55:21 | INFO | HHS Region 01 Rural Male Cancer: Rate 202.7, SE 2.5
2025-09-29 20:55:22 | INFO | HHS Region 01 Urban Female Cancer: Rate 140.3, SE 0.8
2025-09-29 20:55:23 | INFO | HHS Region 01 Rural Female Cancer: Rate 144.7, SE 2.0
2025-09-29 20:55:24 | INFO | HHS Region 02 Urban Male Cancer: Rate 187.5, SE 0.7
2025-09-29 20:55:25 | INFO | HHS Region 02 Rural Male Cancer: Rate 204.9, SE 2.9
2025-09-29 20:55:26 | INFO | HHS Region 02 Urban Female Cancer: Rate 139.2, SE 0.5
2025-09-29 20:55:27 | INFO | HHS Region 02 Rural Female Cancer: Rate 151.7, SE 2.3
2025-09-29 20:55:28 | INFO | HHS Region 03 Urban Male Cancer: Rate 204.3, SE 0.7
2025-09-29 20:55:29 | INFO | HHS Region 03 Rural Male Cancer: Rate 224.7, SE 1.9
2025-09-29 20:55:30 | INFO | HHS Region 03 Urban Female Cancer: Rate 146.7, SE 0.5
2025-09-29 20:55:31 | INFO | HHS Region 03 Rural Female Cancer: Rate 156.7, SE 1.4
2025-09-29 20:55:32 | INFO | HHS Region 04 Urban Male Cancer: Rate 204.7, SE 0.5
2025-09-29 20:55:33 | INFO | HHS Region 04 Rural Male Cancer: Rate 245.2, SE 1.2
2025-09-29 20:55:34 | INFO | HHS Region 04 Urban Female Cancer: Rate 139.9, SE 0.4
2025-09-29 20:55:35 | INFO | HHS Region 04 Rural Female Cancer: Rate 156.2, SE 0.8
2025-09-29 20:55:36 | INFO | HHS Region 05 Urban Male Cancer: Rate 207.3, SE 0.6
2025-09-29 20:55:37 | INFO | HHS Region 05 Rural Male Cancer: Rate 217.2, SE 1.1
2025-09-29 20:55:38 | INFO | HHS Region 05 Urban Female Cancer: Rate 149.9, SE 0.4
2025-09-29 20:55:39 | INFO | HHS Region 05 Rural Female Cancer: Rate 152.0, SE 0.9
2025-09-29 20:55:40 | INFO | HHS Region 06 Urban Male Cancer: Rate 201.6, SE 0.7
2025-09-29 20:55:41 | INFO | HHS Region 06 Rural Male Cancer: Rate 223.8, SE 1.4
2025-09-29 20:55:42 | INFO | HHS Region 06 Urban Female Cancer: Rate 137.8, SE 0.5
2025-09-29 20:55:43 | INFO | HHS Region 06 Rural Female Cancer: Rate 151.8, SE 1.1
2025-09-29 20:55:44 | INFO | HHS Region 07 Urban Male Cancer: Rate 204.3, SE 1.3
2025-09-29 20:55:45 | INFO | HHS Region 07 Rural Male Cancer: Rate 214.1, SE 1.6
2025-09-29 20:55:46 | INFO | HHS Region 07 Urban Female Cancer: Rate 148.0, SE 1.0
2025-09-29 20:55:47 | INFO | HHS Region 07 Rural Female Cancer: Rate 149.7, SE 1.3
2025-09-29 20:55:48 | INFO | HHS Region 08 Urban Male Cancer: Rate 167.0, SE 1.3
2025-09-29 20:55:49 | INFO | HHS Region 08 Rural Male Cancer: Rate 173.7, SE 1.9
2025-09-29 20:55:50 | INFO | HHS Region 08 Urban Female Cancer: Rate 122.5, SE 1.0
2025-09-29 20:55:51 | INFO | HHS Region 08 Rural Female Cancer: Rate 132.6, SE 1.6
2025-09-29 20:55:52 | INFO | HHS Region 09 Urban Male Cancer: Rate 176.1, SE 0.5
2025-09-29 20:55:53 | INFO | HHS Region 09 Rural Male Cancer: Rate 186.7, SE 2.5
2025-09-29 20:55:54 | INFO | HHS Region 09 Urban Female Cancer: Rate 130.1, SE 0.4
2025-09-29 20:55:55 | INFO | HHS Region 09 Rural Female Cancer: Rate 135.7, SE 2.0
2025-09-29 20:55:56 | INFO | HHS Region 10 Urban Male Cancer: Rate 190.6, SE 1.1
2025-09-29 20:55:57 | INFO | HHS Region 10 Rural Male Cancer: Rate 197.1, SE 2.3
2025-09-29 20:55:58 | INFO | HHS Region 10 Urban Female Cancer: Rate 140.9, SE 0.9
2025-09-29 20:55:59 | INFO | HHS Region 10 Rural Female Cancer: Rate 143.8, SE 1.9
2025-09-29 20:56:00 | INFO | HHS Region 01 Urban Male Lower respiratory: Rate 36.7, SE 0.5
2025-09-29 20:56:01 | INFO | HHS Region 01 Rural Male Lower respiratory: Rate 51.7, SE 1.3
2025-09-29 20:56:02 | INFO | HHS Region 01 Urban Female Lower respiratory: Rate 32.2, SE 0.4
2025-09-29 20:56:03 | INFO | HHS Region 01 Rural Female Lower respiratory: Rate 41.3, SE 1.0
2025-09-29 20:56:04 | INFO | HHS Region 02 Urban Male Lower respiratory: Rate 33.0, SE 0.3
2025-09-29 20:56:05 | INFO | HHS Region 02 Rural Male Lower respiratory: Rate 59.3, SE 1.6
2025-09-29 20:56:06 | INFO | HHS Region 02 Urban Female Lower respiratory: Rate 28.0, SE 0.2
2025-09-29 20:56:07 | INFO | HHS Region 02 Rural Female Lower respiratory: Rate 46.3, SE 1.2
2025-09-29 20:56:08 | INFO | HHS Region 03 Urban Male Lower respiratory: Rate 41.7, SE 0.3
2025-09-29 20:56:09 | INFO | HHS Region 03 Rural Male Lower respiratory: Rate 62.1, SE 1.0
2025-09-29 20:56:10 | INFO | HHS Region 03 Urban Female Lower respiratory: Rate 34.4, SE 0.3
2025-09-29 20:56:11 | INFO | HHS Region 03 Rural Female Lower respiratory: Rate 46.4, SE 0.8
2025-09-29 20:56:12 | INFO | HHS Region 04 Urban Male Lower respiratory: Rate 48.5, SE 0.3
2025-09-29 20:56:13 | INFO | HHS Region 04 Rural Male Lower respiratory: Rate 70.7, SE 0.6
2025-09-29 20:56:14 | INFO | HHS Region 04 Urban Female Lower respiratory: Rate 39.9, SE 0.2
2025-09-29 20:56:15 | INFO | HHS Region 04 Rural Female Lower respiratory: Rate 51.1, SE 0.5
2025-09-29 20:56:16 | INFO | HHS Region 05 Urban Male Lower respiratory: Rate 48.7, SE 0.3
2025-09-29 20:56:17 | INFO | HHS Region 05 Rural Male Lower respiratory: Rate 59.9, SE 0.6
2025-09-29 20:56:18 | INFO | HHS Region 05 Urban Female Lower respiratory: Rate 40.1, SE 0.2
2025-09-29 20:56:19 | INFO | HHS Region 05 Rural Female Lower respiratory: Rate 44.7, SE 0.4
2025-09-29 20:56:20 | INFO | HHS Region 06 Urban Male Lower respiratory: Rate 49.5, SE 0.4
2025-09-29 20:56:21 | INFO | HHS Region 06 Rural Male Lower respiratory: Rate 65.8, SE 0.8
2025-09-29 20:56:22 | INFO | HHS Region 06 Urban Female Lower respiratory: Rate 39.4, SE 0.3
2025-09-29 20:56:23 | INFO | HHS Region 06 Rural Female Lower respiratory: Rate 50.5, SE 0.6
2025-09-29 20:56:24 | INFO | HHS Region 07 Urban Male Lower respiratory: Rate 54.8, SE 0.7
2025-09-29 20:56:25 | INFO | HHS Region 07 Rural Male Lower respiratory: Rate 65.9, SE 0.9
2025-09-29 20:56:26 | INFO | HHS Region 07 Urban Female Lower respiratory: Rate 44.0, SE 0.5
2025-09-29 20:56:27 | INFO | HHS Region 07 Rural Female Lower respiratory: Rate 45.6, SE 0.7
2025-09-29 20:56:28 | INFO | HHS Region 08 Urban Male Lower respiratory: Rate 48.9, SE 0.7
2025-09-29 20:56:29 | INFO | HHS Region 08 Rural Male Lower respiratory: Rate 56.1, SE 1.1
2025-09-29 20:56:30 | INFO | HHS Region 08 Urban Female Lower respiratory: Rate 37.1, SE 0.6
2025-09-29 20:56:31 | INFO | HHS Region 08 Rural Female Lower respiratory: Rate 40.2, SE 0.9
2025-09-29 20:56:32 | INFO | HHS Region 09 Urban Male Lower respiratory: Rate 40.6, SE 0.3
2025-09-29 20:56:33 | INFO | HHS Region 09 Rural Male Lower respiratory: Rate 50.7, SE 1.3
2025-09-29 20:56:34 | INFO | HHS Region 09 Urban Female Lower respiratory: Rate 33.7, SE 0.2
2025-09-29 20:56:36 | INFO | HHS Region 09 Rural Female Lower respiratory: Rate 43.6, SE 1.1
2025-09-29 20:56:37 | INFO | HHS Region 10 Urban Male Lower respiratory: Rate 46.3, SE 0.6
2025-09-29 20:56:38 | INFO | HHS Region 10 Rural Male Lower respiratory: Rate 52.3, SE 1.2
2025-09-29 20:56:39 | INFO | HHS Region 10 Urban Female Lower respiratory: Rate 38.4, SE 0.5
2025-09-29 20:56:40 | INFO | HHS Region 10 Rural Female Lower respiratory: Rate 45.3, SE 1.0
2025-09-29 20:56:41 | INFO | HHS Region 01 Urban Male Unintentional injuries: Rate 47.4, SE 0.5
2025-09-29 20:56:42 | INFO | HHS Region 01 Rural Male Unintentional injuries: Rate 60.5, SE 1.5
2025-09-29 20:56:43 | INFO | HHS Region 01 Urban Female Unintentional injuries: Rate 22.5, SE 0.3
2025-09-29 20:56:44 | INFO | HHS Region 01 Rural Female Unintentional injuries: Rate 28.8, SE 1.0
2025-09-29 20:56:45 | INFO | HHS Region 02 Urban Male Unintentional injuries: Rate 39.7, SE 0.3
2025-09-29 20:56:46 | INFO | HHS Region 02 Rural Male Unintentional injuries: Rate 49.6, SE 1.5
2025-09-29 20:56:47 | INFO | HHS Region 02 Urban Female Unintentional injuries: Rate 17.0, SE 0.2
2025-09-29 20:56:48 | INFO | HHS Region 02 Rural Female Unintentional injuries: Rate 23.4, SE 1.0
2025-09-29 20:56:49 | INFO | HHS Region 03 Urban Male Unintentional injuries: Rate 51.8, SE 0.4
2025-09-29 20:56:50 | INFO | HHS Region 03 Rural Male Unintentional injuries: Rate 77.6, SE 1.2
2025-09-29 20:56:51 | INFO | HHS Region 03 Urban Female Unintentional injuries: Rate 24.3, SE 0.2
2025-09-29 20:56:52 | INFO | HHS Region 03 Rural Female Unintentional injuries: Rate 39.8, SE 0.9
2025-09-29 20:56:53 | INFO | HHS Region 04 Urban Male Unintentional injuries: Rate 56.2, SE 0.3
2025-09-29 20:56:54 | INFO | HHS Region 04 Rural Male Unintentional injuries: Rate 79.1, SE 0.7
2025-09-29 20:56:55 | INFO | HHS Region 04 Urban Female Unintentional injuries: Rate 28.6, SE 0.2
2025-09-29 20:56:56 | INFO | HHS Region 04 Rural Female Unintentional injuries: Rate 41.3, SE 0.5
2025-09-29 20:56:57 | INFO | HHS Region 05 Urban Male Unintentional injuries: Rate 50.9, SE 0.3
2025-09-29 20:56:58 | INFO | HHS Region 05 Rural Male Unintentional injuries: Rate 62.3, SE 0.7
2025-09-29 20:56:59 | INFO | HHS Region 05 Urban Female Unintentional injuries: Rate 25.9, SE 0.2
2025-09-29 20:57:00 | INFO | HHS Region 05 Rural Female Unintentional injuries: Rate 32.3, SE 0.4
2025-09-29 20:57:01 | INFO | HHS Region 06 Urban Male Unintentional injuries: Rate 54.6, SE 0.4
2025-09-29 20:57:02 | INFO | HHS Region 06 Rural Male Unintentional injuries: Rate 77.2, SE 0.9
2025-09-29 20:57:03 | INFO | HHS Region 06 Urban Female Unintentional injuries: Rate 27.0, SE 0.2
2025-09-29 20:57:04 | INFO | HHS Region 06 Rural Female Unintentional injuries: Rate 39.9, SE 0.6
2025-09-29 20:57:05 | INFO | HHS Region 07 Urban Male Unintentional injuries: Rate 53.4, SE 0.6
2025-09-29 20:57:06 | INFO | HHS Region 07 Rural Male Unintentional injuries: Rate 68.1, SE 1.0
2025-09-29 20:57:07 | INFO | HHS Region 07 Urban Female Unintentional injuries: Rate 28.7, SE 0.4
2025-09-29 20:57:08 | INFO | HHS Region 07 Rural Female Unintentional injuries: Rate 35.4, SE 0.7
2025-09-29 20:57:09 | INFO | HHS Region 08 Urban Male Unintentional injuries: Rate 55.3, SE 0.7
2025-09-29 20:57:10 | INFO | HHS Region 08 Rural Male Unintentional injuries: Rate 71.0, SE 1.3
2025-09-29 20:57:11 | INFO | HHS Region 08 Urban Female Unintentional injuries: Rate 32.7, SE 0.5
2025-09-29 20:57:12 | INFO | HHS Region 08 Rural Female Unintentional injuries: Rate 39.2, SE 0.9
2025-09-29 20:57:13 | INFO | HHS Region 09 Urban Male Unintentional injuries: Rate 41.8, SE 0.2
2025-09-29 20:57:14 | INFO | HHS Region 09 Rural Male Unintentional injuries: Rate 79.1, SE 1.8
2025-09-29 20:57:15 | INFO | HHS Region 09 Urban Female Unintentional injuries: Rate 20.5, SE 0.2
2025-09-29 20:57:16 | INFO | HHS Region 09 Rural Female Unintentional injuries: Rate 40.9, SE 1.3
2025-09-29 20:57:17 | INFO | HHS Region 10 Urban Male Unintentional injuries: Rate 49.8, SE 0.6
2025-09-29 20:57:18 | INFO | HHS Region 10 Rural Male Unintentional injuries: Rate 66.2, SE 1.5
2025-09-29 20:57:19 | INFO | HHS Region 10 Urban Female Unintentional injuries: Rate 28.4, SE 0.4
2025-09-29 20:57:20 | INFO | HHS Region 10 Rural Female Unintentional injuries: Rate 37.2, SE 1.1
2025-09-29 20:57:21 | INFO | HHS Region 01 Urban Male Cerebrovascular diseases: Rate 28.4, SE 0.4
2025-09-29 20:57:22 | INFO | HHS Region 01 Rural Male Cerebrovascular diseases: Rate 31.2, SE 1.0
2025-09-29 20:57:23 | INFO | HHS Region 01 Urban Female Cerebrovascular diseases: Rate 28.5, SE 0.3
2025-09-29 20:57:24 | INFO | HHS Region 01 Rural Female Cerebrovascular diseases: Rate 33.6, SE 0.9
2025-09-29 20:57:25 | INFO | HHS Region 02 Urban Male Cerebrovascular diseases: Rate 29.2, SE 0.3
2025-09-29 20:57:26 | INFO | HHS Region 02 Rural Male Cerebrovascular diseases: Rate 32.9, SE 1.2
2025-09-29 20:57:27 | INFO | HHS Region 02 Urban Female Cerebrovascular diseases: Rate 27.2, SE 0.2
2025-09-29 20:57:28 | INFO | HHS Region 02 Rural Female Cerebrovascular diseases: Rate 32.2, SE 1.0
2025-09-29 20:57:29 | INFO | HHS Region 03 Urban Male Cerebrovascular diseases: Rate 38.2, SE 0.3
2025-09-29 20:57:30 | INFO | HHS Region 03 Rural Male Cerebrovascular diseases: Rate 42.5, SE 0.8
2025-09-29 20:57:31 | INFO | HHS Region 03 Urban Female Cerebrovascular diseases: Rate 37.4, SE 0.3
2025-09-29 20:57:32 | INFO | HHS Region 03 Rural Female Cerebrovascular diseases: Rate 42.1, SE 0.7
2025-09-29 20:57:33 | INFO | HHS Region 04 Urban Male Cerebrovascular diseases: Rate 37.5, SE 0.2
2025-09-29 20:57:34 | INFO | HHS Region 04 Rural Male Cerebrovascular diseases: Rate 49.1, SE 0.5
2025-09-29 20:57:35 | INFO | HHS Region 04 Urban Female Cerebrovascular diseases: Rate 36.4, SE 0.2
2025-09-29 20:57:36 | INFO | HHS Region 04 Rural Female Cerebrovascular diseases: Rate 46.6, SE 0.4
2025-09-29 20:57:37 | INFO | HHS Region 05 Urban Male Cerebrovascular diseases: Rate 38.3, SE 0.3
2025-09-29 20:57:38 | INFO | HHS Region 05 Rural Male Cerebrovascular diseases: Rate 40.6, SE 0.5
2025-09-29 20:57:39 | INFO | HHS Region 05 Urban Female Cerebrovascular diseases: Rate 36.5, SE 0.2
2025-09-29 20:57:40 | INFO | HHS Region 05 Rural Female Cerebrovascular diseases: Rate 40.1, SE 0.4
2025-09-29 20:57:41 | INFO | HHS Region 06 Urban Male Cerebrovascular diseases: Rate 41.4, SE 0.4
2025-09-29 20:57:42 | INFO | HHS Region 06 Rural Male Cerebrovascular diseases: Rate 45.9, SE 0.7
2025-09-29 20:57:43 | INFO | HHS Region 06 Urban Female Cerebrovascular diseases: Rate 39.6, SE 0.3
2025-09-29 20:57:44 | INFO | HHS Region 06 Rural Female Cerebrovascular diseases: Rate 47.2, SE 0.6
2025-09-29 20:57:45 | INFO | HHS Region 07 Urban Male Cerebrovascular diseases: Rate 38.0, SE 0.6
2025-09-29 20:57:46 | INFO | HHS Region 07 Rural Male Cerebrovascular diseases: Rate 39.2, SE 0.7
2025-09-29 20:57:47 | INFO | HHS Region 07 Urban Female Cerebrovascular diseases: Rate 37.3, SE 0.5
2025-09-29 20:57:48 | INFO | HHS Region 07 Rural Female Cerebrovascular diseases: Rate 40.1, SE 0.6
2025-09-29 20:57:49 | INFO | HHS Region 08 Urban Male Cerebrovascular diseases: Rate 33.7, SE 0.6
2025-09-29 20:57:50 | INFO | HHS Region 08 Rural Male Cerebrovascular diseases: Rate 36.2, SE 0.9
2025-09-29 20:57:51 | INFO | HHS Region 08 Urban Female Cerebrovascular diseases: Rate 34.3, SE 0.5
2025-09-29 20:57:52 | INFO | HHS Region 08 Rural Female Cerebrovascular diseases: Rate 38.0, SE 0.8
2025-09-29 20:57:53 | INFO | HHS Region 09 Urban Male Cerebrovascular diseases: Rate 34.5, SE 0.2
2025-09-29 20:57:54 | INFO | HHS Region 09 Rural Male Cerebrovascular diseases: Rate 36.6, SE 1.1
2025-09-29 20:57:55 | INFO | HHS Region 09 Urban Female Cerebrovascular diseases: Rate 34.0, SE 0.2
2025-09-29 20:57:56 | INFO | HHS Region 09 Rural Female Cerebrovascular diseases: Rate 37.5, SE 1.0
2025-09-29 20:57:57 | INFO | HHS Region 10 Urban Male Cerebrovascular diseases: Rate 36.8, SE 0.5
2025-09-29 20:57:58 | INFO | HHS Region 10 Rural Male Cerebrovascular diseases: Rate 37.1, SE 1.0
2025-09-29 20:57:59 | INFO | HHS Region 10 Urban Female Cerebrovascular diseases: Rate 35.2, SE 0.4
2025-09-29 20:58:00 | INFO | HHS Region 10 Rural Female Cerebrovascular diseases: Rate 40.3, SE 1.0
2025-09-29 20:58:01 | INFO | HHS Region 01 Urban Male Alzheimers: Rate 16.4, SE 0.3
2025-09-29 20:58:02 | INFO | HHS Region 01 Rural Male Alzheimers: Rate 18.1, SE 0.8
2025-09-29 20:58:03 | INFO | HHS Region 01 Urban Female Alzheimers: Rate 21.8, SE 0.3
2025-09-29 20:58:04 | INFO | HHS Region 01 Rural Female Alzheimers: Rate 27.9, SE 0.8
2025-09-29 20:58:05 | INFO | HHS Region 02 Urban Male Alzheimers: Rate 10.5, SE 0.2
2025-09-29 20:58:07 | INFO | HHS Region 02 Rural Male Alzheimers: Rate 12.3, SE 0.7
2025-09-29 20:58:08 | INFO | HHS Region 02 Urban Female Alzheimers: Rate 13.6, SE 0.1
2025-09-29 20:58:09 | INFO | HHS Region 02 Rural Female Alzheimers: Rate 17.9, SE 0.7
2025-09-29 20:58:10 | INFO | HHS Region 03 Urban Male Alzheimers: Rate 15.2, SE 0.2
2025-09-29 20:58:11 | INFO | HHS Region 03 Rural Male Alzheimers: Rate 17.9, SE 0.6
2025-09-29 20:58:12 | INFO | HHS Region 03 Urban Female Alzheimers: Rate 19.9, SE 0.2
2025-09-29 20:58:13 | INFO | HHS Region 03 Rural Female Alzheimers: Rate 26.2, SE 0.5
2025-09-29 20:58:14 | INFO | HHS Region 04 Urban Male Alzheimers: Rate 18.3, SE 0.2
2025-09-29 20:58:15 | INFO | HHS Region 04 Rural Male Alzheimers: Rate 25.3, SE 0.4
2025-09-29 20:58:16 | INFO | HHS Region 04 Urban Female Alzheimers: Rate 25.8, SE 0.2
2025-09-29 20:58:17 | INFO | HHS Region 04 Rural Female Alzheimers: Rate 35.2, SE 0.4
2025-09-29 20:58:18 | INFO | HHS Region 05 Urban Male Alzheimers: Rate 20.0, SE 0.2
2025-09-29 20:58:19 | INFO | HHS Region 05 Rural Male Alzheimers: Rate 20.9, SE 0.4
2025-09-29 20:58:20 | INFO | HHS Region 05 Urban Female Alzheimers: Rate 26.0, SE 0.2
2025-09-29 20:58:21 | INFO | HHS Region 05 Rural Female Alzheimers: Rate 29.2, SE 0.3
2025-09-29 20:58:22 | INFO | HHS Region 06 Urban Male Alzheimers: Rate 20.7, SE 0.3
2025-09-29 20:58:23 | INFO | HHS Region 06 Rural Male Alzheimers: Rate 22.5, SE 0.5
2025-09-29 20:58:24 | INFO | HHS Region 06 Urban Female Alzheimers: Rate 27.7, SE 0.2
2025-09-29 20:58:25 | INFO | HHS Region 06 Rural Female Alzheimers: Rate 33.0, SE 0.5
2025-09-29 20:58:26 | INFO | HHS Region 07 Urban Male Alzheimers: Rate 21.0, SE 0.4
2025-09-29 20:58:27 | INFO | HHS Region 07 Rural Male Alzheimers: Rate 23.8, SE 0.5
2025-09-29 20:58:28 | INFO | HHS Region 07 Urban Female Alzheimers: Rate 27.8, SE 0.4
2025-09-29 20:58:29 | INFO | HHS Region 07 Rural Female Alzheimers: Rate 30.3, SE 0.5
2025-09-29 20:58:30 | INFO | HHS Region 08 Urban Male Alzheimers: Rate 23.7, SE 0.5
2025-09-29 20:58:31 | INFO | HHS Region 08 Rural Male Alzheimers: Rate 21.2, SE 0.7
2025-09-29 20:58:32 | INFO | HHS Region 08 Urban Female Alzheimers: Rate 30.9, SE 0.5
2025-09-29 20:58:33 | INFO | HHS Region 08 Rural Female Alzheimers: Rate 28.3, SE 0.7
2025-09-29 20:58:34 | INFO | HHS Region 09 Urban Male Alzheimers: Rate 24.9, SE 0.2
2025-09-29 20:58:35 | INFO | HHS Region 09 Rural Male Alzheimers: Rate 18.9, SE 0.8
2025-09-29 20:58:36 | INFO | HHS Region 09 Urban Female Alzheimers: Rate 32.1, SE 0.2
2025-09-29 20:58:37 | INFO | HHS Region 09 Rural Female Alzheimers: Rate 24.0, SE 0.8
2025-09-29 20:58:38 | INFO | HHS Region 10 Urban Male Alzheimers: Rate 29.9, SE 0.5
2025-09-29 20:58:39 | INFO | HHS Region 10 Rural Male Alzheimers: Rate 22.9, SE 0.8
2025-09-29 20:58:40 | INFO | HHS Region 10 Urban Female Alzheimers: Rate 40.8, SE 0.4
2025-09-29 20:58:41 | INFO | HHS Region 10 Rural Female Alzheimers: Rate 33.9, SE 0.9
2025-09-29 20:58:42 | INFO | HHS Region 01 Urban Male Diabetes: Rate 19.2, SE 0.3
2025-09-29 20:58:43 | INFO | HHS Region 01 Rural Male Diabetes: Rate 23.8, SE 0.9
2025-09-29 20:58:44 | INFO | HHS Region 01 Urban Female Diabetes: Rate 12.1, SE 0.2
2025-09-29 20:58:45 | INFO | HHS Region 01 Rural Female Diabetes: Rate 15.0, SE 0.6
2025-09-29 20:58:46 | INFO | HHS Region 02 Urban Male Diabetes: Rate 22.7, SE 0.2
2025-09-29 20:58:47 | INFO | HHS Region 02 Rural Male Diabetes: Rate 24.5, SE 1.0
2025-09-29 20:58:48 | INFO | HHS Region 02 Urban Female Diabetes: Rate 15.2, SE 0.2
2025-09-29 20:58:49 | INFO | HHS Region 02 Rural Female Diabetes: Rate 17.6, SE 0.8
2025-09-29 20:58:50 | INFO | HHS Region 03 Urban Male Diabetes: Rate 25.0, SE 0.3
2025-09-29 20:58:51 | INFO | HHS Region 03 Rural Male Diabetes: Rate 32.5, SE 0.7
2025-09-29 20:58:52 | INFO | HHS Region 03 Urban Female Diabetes: Rate 17.2, SE 0.2
2025-09-29 20:58:53 | INFO | HHS Region 03 Rural Female Diabetes: Rate 24.1, SE 0.6
2025-09-29 20:58:54 | INFO | HHS Region 04 Urban Male Diabetes: Rate 25.2, SE 0.2
2025-09-29 20:58:55 | INFO | HHS Region 04 Rural Male Diabetes: Rate 32.0, SE 0.4
2025-09-29 20:58:56 | INFO | HHS Region 04 Urban Female Diabetes: Rate 17.4, SE 0.1
2025-09-29 20:58:57 | INFO | HHS Region 04 Rural Female Diabetes: Rate 25.0, SE 0.3
2025-09-29 20:58:58 | INFO | HHS Region 05 Urban Male Diabetes: Rate 26.6, SE 0.2
2025-09-29 20:58:59 | INFO | HHS Region 05 Rural Male Diabetes: Rate 28.5, SE 0.4
2025-09-29 20:59:00 | INFO | HHS Region 05 Urban Female Diabetes: Rate 18.6, SE 0.2
2025-09-29 20:59:01 | INFO | HHS Region 05 Rural Female Diabetes: Rate 20.3, SE 0.3
2025-09-29 20:59:02 | INFO | HHS Region 06 Urban Male Diabetes: Rate 26.2, SE 0.3
2025-09-29 20:59:03 | INFO | HHS Region 06 Rural Male Diabetes: Rate 32.8, SE 0.5
2025-09-29 20:59:04 | INFO | HHS Region 06 Urban Female Diabetes: Rate 19.9, SE 0.2
2025-09-29 20:59:05 | INFO | HHS Region 06 Rural Female Diabetes: Rate 25.1, SE 0.4
2025-09-29 20:59:06 | INFO | HHS Region 07 Urban Male Diabetes: Rate 22.6, SE 0.4
2025-09-29 20:59:07 | INFO | HHS Region 07 Rural Male Diabetes: Rate 25.9, SE 0.6
2025-09-29 20:59:08 | INFO | HHS Region 07 Urban Female Diabetes: Rate 16.0, SE 0.3
2025-09-29 20:59:09 | INFO | HHS Region 07 Rural Female Diabetes: Rate 19.1, SE 0.4
2025-09-29 20:59:10 | INFO | HHS Region 08 Urban Male Diabetes: Rate 23.2, SE 0.5
2025-09-29 20:59:11 | INFO | HHS Region 08 Rural Male Diabetes: Rate 24.7, SE 0.7
2025-09-29 20:59:12 | INFO | HHS Region 08 Urban Female Diabetes: Rate 15.0, SE 0.4
2025-09-29 20:59:13 | INFO | HHS Region 08 Rural Female Diabetes: Rate 18.0, SE 0.6
2025-09-29 20:59:14 | INFO | HHS Region 09 Urban Male Diabetes: Rate 25.3, SE 0.2
2025-09-29 20:59:15 | INFO | HHS Region 09 Rural Male Diabetes: Rate 24.9, SE 0.9
2025-09-29 20:59:16 | INFO | HHS Region 09 Urban Female Diabetes: Rate 16.7, SE 0.1
2025-09-29 20:59:17 | INFO | HHS Region 09 Rural Female Diabetes: Rate 17.8, SE 0.7
2025-09-29 20:59:18 | INFO | HHS Region 10 Urban Male Diabetes: Rate 28.2, SE 0.4
2025-09-29 20:59:19 | INFO | HHS Region 10 Rural Male Diabetes: Rate 29.8, SE 0.9
2025-09-29 20:59:20 | INFO | HHS Region 10 Urban Female Diabetes: Rate 17.7, SE 0.3
2025-09-29 20:59:21 | INFO | HHS Region 10 Rural Female Diabetes: Rate 20.1, SE 0.7
2025-09-29 20:59:22 | INFO | HHS Region 01 Urban Male Flu and pneumonia: Rate 18.5, SE 0.3
2025-09-29 20:59:23 | INFO | HHS Region 01 Rural Male Flu and pneumonia: Rate 15.6, SE 0.7
2025-09-29 20:59:24 | INFO | HHS Region 01 Urban Female Flu and pneumonia: Rate 12.8, SE 0.2
2025-09-29 20:59:25 | INFO | HHS Region 01 Rural Female Flu and pneumonia: Rate 11.9, SE 0.5
2025-09-29 20:59:26 | INFO | HHS Region 02 Urban Male Flu and pneumonia: Rate 22.4, SE 0.2
2025-09-29 20:59:27 | INFO | HHS Region 02 Rural Male Flu and pneumonia: Rate 19.6, SE 0.9
2025-09-29 20:59:28 | INFO | HHS Region 02 Urban Female Flu and pneumonia: Rate 14.5, SE 0.2
2025-09-29 20:59:29 | INFO | HHS Region 02 Rural Female Flu and pneumonia: Rate 14.9, SE 0.7
2025-09-29 20:59:30 | INFO | HHS Region 03 Urban Male Flu and pneumonia: Rate 18.9, SE 0.2
2025-09-29 20:59:31 | INFO | HHS Region 03 Rural Male Flu and pneumonia: Rate 22.8, SE 0.6
2025-09-29 20:59:32 | INFO | HHS Region 03 Urban Female Flu and pneumonia: Rate 13.3, SE 0.2
2025-09-29 20:59:33 | INFO | HHS Region 03 Rural Female Flu and pneumonia: Rate 17.1, SE 0.5
2025-09-29 20:59:34 | INFO | HHS Region 04 Urban Male Flu and pneumonia: Rate 15.5, SE 0.1
2025-09-29 20:59:35 | INFO | HHS Region 04 Rural Male Flu and pneumonia: Rate 24.1, SE 0.4
2025-09-29 20:59:37 | INFO | HHS Region 04 Urban Female Flu and pneumonia: Rate 11.6, SE 0.1
2025-09-29 20:59:38 | INFO | HHS Region 04 Rural Female Flu and pneumonia: Rate 19.0, SE 0.3
2025-09-29 20:59:39 | INFO | HHS Region 05 Urban Male Flu and pneumonia: Rate 17.8, SE 0.2
2025-09-29 20:59:40 | INFO | HHS Region 05 Rural Male Flu and pneumonia: Rate 18.8, SE 0.3
2025-09-29 20:59:41 | INFO | HHS Region 05 Urban Female Flu and pneumonia: Rate 12.9, SE 0.1
2025-09-29 20:59:42 | INFO | HHS Region 05 Rural Female Flu and pneumonia: Rate 14.1, SE 0.2
2025-09-29 20:59:43 | INFO | HHS Region 06 Urban Male Flu and pneumonia: Rate 16.6, SE 0.2
2025-09-29 20:59:44 | INFO | HHS Region 06 Rural Male Flu and pneumonia: Rate 23.1, SE 0.5
2025-09-29 20:59:45 | INFO | HHS Region 06 Urban Female Flu and pneumonia: Rate 12.8, SE 0.2
2025-09-29 20:59:46 | INFO | HHS Region 06 Rural Female Flu and pneumonia: Rate 18.1, SE 0.4
2025-09-29 20:59:47 | INFO | HHS Region 07 Urban Male Flu and pneumonia: Rate 18.6, SE 0.4
2025-09-29 20:59:48 | INFO | HHS Region 07 Rural Male Flu and pneumonia: Rate 21.1, SE 0.5
2025-09-29 20:59:49 | INFO | HHS Region 07 Urban Female Flu and pneumonia: Rate 14.4, SE 0.3
2025-09-29 20:59:50 | INFO | HHS Region 07 Rural Female Flu and pneumonia: Rate 17.3, SE 0.4
2025-09-29 20:59:51 | INFO | HHS Region 08 Urban Male Flu and pneumonia: Rate 15.3, SE 0.4
2025-09-29 20:59:52 | INFO | HHS Region 08 Rural Male Flu and pneumonia: Rate 18.1, SE 0.7
2025-09-29 20:59:53 | INFO | HHS Region 08 Urban Female Flu and pneumonia: Rate 11.6, SE 0.3
2025-09-29 20:59:54 | INFO | HHS Region 08 Rural Female Flu and pneumonia: Rate 14.6, SE 0.5
2025-09-29 20:59:55 | INFO | HHS Region 09 Urban Male Flu and pneumonia: Rate 18.5, SE 0.2
2025-09-29 20:59:56 | INFO | HHS Region 09 Rural Male Flu and pneumonia: Rate 19.1, SE 0.8
2025-09-29 20:59:57 | INFO | HHS Region 09 Urban Female Flu and pneumonia: Rate 13.4, SE 0.1
2025-09-29 20:59:58 | INFO | HHS Region 09 Rural Female Flu and pneumonia: Rate 14.9, SE 0.7
2025-09-29 20:59:59 | INFO | HHS Region 10 Urban Male Flu and pneumonia: Rate 11.6, SE 0.3
2025-09-29 21:00:00 | INFO | HHS Region 10 Rural Male Flu and pneumonia: Rate 12.7, SE 0.6
2025-09-29 21:00:01 | INFO | HHS Region 10 Urban Female Flu and pneumonia: Rate 8.8, SE 0.2
2025-09-29 21:00:02 | INFO | HHS Region 10 Rural Female Flu and pneumonia: Rate 10.5, SE 0.5
2025-09-29 21:00:03 | INFO | HHS Region 01 Urban Male Suicide: Rate 15.2, SE 0.3
2025-09-29 21:00:04 | INFO | HHS Region 01 Rural Male Suicide: Rate 25.6, SE 1.0
2025-09-29 21:00:05 | INFO | HHS Region 01 Urban Female Suicide: Rate 4.5, SE 0.2
2025-09-29 21:00:06 | INFO | HHS Region 01 Rural Female Suicide: Rate 5.8, SE 0.5
2025-09-29 21:00:07 | INFO | HHS Region 02 Urban Male Suicide: Rate 12.6, SE 0.2
2025-09-29 21:00:08 | INFO | HHS Region 02 Rural Male Suicide: Rate 20.3, SE 1.0
2025-09-29 21:00:09 | INFO | HHS Region 02 Urban Female Suicide: Rate 3.4, SE 0.1
2025-09-29 21:00:10 | INFO | HHS Region 02 Rural Female Suicide: Rate 3.9, SE 0.4
2025-09-29 21:00:11 | INFO | HHS Region 03 Urban Male Suicide: Rate 19.1, SE 0.2
2025-09-29 21:00:12 | INFO | HHS Region 03 Rural Male Suicide: Rate 26.9, SE 0.7
2025-09-29 21:00:13 | INFO | HHS Region 03 Urban Female Suicide: Rate 4.8, SE 0.1
2025-09-29 21:00:14 | INFO | HHS Region 03 Rural Female Suicide: Rate 6.6, SE 0.4
2025-09-29 21:00:15 | INFO | HHS Region 04 Urban Male Suicide: Rate 21.5, SE 0.2
2025-09-29 21:00:16 | INFO | HHS Region 04 Rural Male Suicide: Rate 24.6, SE 0.4
2025-09-29 21:00:17 | INFO | HHS Region 04 Urban Female Suicide: Rate 5.9, SE 0.1
2025-09-29 21:00:18 | INFO | HHS Region 04 Rural Female Suicide: Rate 6.0, SE 0.2
2025-09-29 21:00:19 | INFO | HHS Region 05 Urban Male Suicide: Rate 18.8, SE 0.2
2025-09-29 21:00:20 | INFO | HHS Region 05 Rural Male Suicide: Rate 23.4, SE 0.4
2025-09-29 21:00:21 | INFO | HHS Region 05 Urban Female Suicide: Rate 4.9, SE 0.1
2025-09-29 21:00:22 | INFO | HHS Region 05 Rural Female Suicide: Rate 5.1, SE 0.2
2025-09-29 21:00:23 | INFO | HHS Region 06 Urban Male Suicide: Rate 20.2, SE 0.2
2025-09-29 21:00:24 | INFO | HHS Region 06 Rural Male Suicide: Rate 27.2, SE 0.5
2025-09-29 21:00:25 | INFO | HHS Region 06 Urban Female Suicide: Rate 5.3, SE 0.1
2025-09-29 21:00:26 | INFO | HHS Region 06 Rural Female Suicide: Rate 6.4, SE 0.3
2025-09-29 21:00:27 | INFO | HHS Region 07 Urban Male Suicide: Rate 22.5, SE 0.4
2025-09-29 21:00:28 | INFO | HHS Region 07 Rural Male Suicide: Rate 26.0, SE 0.6
2025-09-29 21:00:29 | INFO | HHS Region 07 Urban Female Suicide: Rate 5.8, SE 0.2
2025-09-29 21:00:30 | INFO | HHS Region 07 Rural Female Suicide: Rate 5.8, SE 0.3
2025-09-29 21:00:31 | INFO | HHS Region 08 Urban Male Suicide: Rate 29.1, SE 0.5
2025-09-29 21:00:32 | INFO | HHS Region 08 Rural Male Suicide: Rate 34.3, SE 0.9
2025-09-29 21:00:33 | INFO | HHS Region 08 Urban Female Suicide: Rate 8.7, SE 0.3
2025-09-29 21:00:34 | INFO | HHS Region 08 Rural Female Suicide: Rate 8.4, SE 0.5
2025-09-29 21:00:35 | INFO | HHS Region 09 Urban Male Suicide: Rate 17.9, SE 0.2
2025-09-29 21:00:36 | INFO | HHS Region 09 Rural Male Suicide: Rate 35.4, SE 1.2
2025-09-29 21:00:37 | INFO | HHS Region 09 Urban Female Suicide: Rate 5.2, SE 0.1
2025-09-29 21:00:38 | INFO | HHS Region 09 Rural Female Suicide: Rate 9.7, SE 0.7
2025-09-29 21:00:39 | INFO | HHS Region 10 Urban Male Suicide: Rate 24.0, SE 0.4
2025-09-29 21:00:40 | INFO | HHS Region 10 Rural Male Suicide: Rate 32.2, SE 1.0
2025-09-29 21:00:41 | INFO | HHS Region 10 Urban Female Suicide: Rate 7.0, SE 0.2
2025-09-29 21:00:42 | INFO | HHS Region 10 Rural Female Suicide: Rate 8.6, SE 0.5
2025-09-29 21:00:43 | INFO | HHS Region 01 Urban Male Nephritis: Rate 18.1, SE 0.3
2025-09-29 21:00:44 | INFO | HHS Region 01 Rural Male Nephritis: Rate 13.0, SE 0.7
2025-09-29 21:00:45 | INFO | HHS Region 01 Urban Female Nephritis: Rate 10.9, SE 0.2
2025-09-29 21:00:46 | INFO | HHS Region 01 Rural Female Nephritis: Rate 8.8, SE 0.5
2025-09-29 21:00:47 | INFO | HHS Region 02 Urban Male Nephritis: Rate 14.5, SE 0.2
2025-09-29 21:00:48 | INFO | HHS Region 02 Rural Male Nephritis: Rate 14.4, SE 0.8
2025-09-29 21:00:49 | INFO | HHS Region 02 Urban Female Nephritis: Rate 8.6, SE 0.1
2025-09-29 21:00:50 | INFO | HHS Region 02 Rural Female Nephritis: Rate 11.6, SE 0.6
2025-09-29 21:00:51 | INFO | HHS Region 03 Urban Male Nephritis: Rate 18.8, SE 0.2
2025-09-29 21:00:52 | INFO | HHS Region 03 Rural Male Nephritis: Rate 22.4, SE 0.6
2025-09-29 21:00:53 | INFO | HHS Region 03 Urban Female Nephritis: Rate 13.0, SE 0.2
2025-09-29 21:00:54 | INFO | HHS Region 03 Rural Female Nephritis: Rate 17.0, SE 0.5
2025-09-29 21:00:55 | INFO | HHS Region 04 Urban Male Nephritis: Rate 17.2, SE 0.2
2025-09-29 21:00:56 | INFO | HHS Region 04 Rural Male Nephritis: Rate 22.6, SE 0.4
2025-09-29 21:00:57 | INFO | HHS Region 04 Urban Female Nephritis: Rate 11.7, SE 0.1
2025-09-29 21:00:58 | INFO | HHS Region 04 Rural Female Nephritis: Rate 17.3, SE 0.3
2025-09-29 21:00:59 | INFO | HHS Region 05 Urban Male Nephritis: Rate 18.5, SE 0.2
2025-09-29 21:01:01 | INFO | HHS Region 05 Rural Male Nephritis: Rate 17.9, SE 0.3
2025-09-29 21:01:02 | INFO | HHS Region 05 Urban Female Nephritis: Rate 12.9, SE 0.1
2025-09-29 21:01:03 | INFO | HHS Region 05 Rural Female Nephritis: Rate 12.8, SE 0.2
2025-09-29 21:01:04 | INFO | HHS Region 06 Urban Male Nephritis: Rate 19.4, SE 0.2
2025-09-29 21:01:05 | INFO | HHS Region 06 Rural Male Nephritis: Rate 21.5, SE 0.4
2025-09-29 21:01:06 | INFO | HHS Region 06 Urban Female Nephritis: Rate 14.3, SE 0.2
2025-09-29 21:01:07 | INFO | HHS Region 06 Rural Female Nephritis: Rate 16.7, SE 0.3
2025-09-29 21:01:08 | INFO | HHS Region 07 Urban Male Nephritis: Rate 18.1, SE 0.4
2025-09-29 21:01:09 | INFO | HHS Region 07 Rural Male Nephritis: Rate 16.5, SE 0.5
2025-09-29 21:01:10 | INFO | HHS Region 07 Urban Female Nephritis: Rate 12.3, SE 0.3
2025-09-29 21:01:11 | INFO | HHS Region 07 Rural Female Nephritis: Rate 12.5, SE 0.3
2025-09-29 21:01:12 | INFO | HHS Region 08 Urban Male Nephritis: Rate 12.9, SE 0.4
2025-09-29 21:01:13 | INFO | HHS Region 08 Rural Male Nephritis: Rate 10.8, SE 0.5
2025-09-29 21:01:14 | INFO | HHS Region 08 Urban Female Nephritis: Rate 8.3, SE 0.3
2025-09-29 21:01:15 | INFO | HHS Region 08 Rural Female Nephritis: Rate 8.5, SE 0.4
2025-09-29 21:01:16 | INFO | HHS Region 09 Urban Male Nephritis: Rate 9.0, SE 0.1
2025-09-29 21:01:17 | INFO | HHS Region 09 Rural Male Nephritis: Rate 12.6, SE 0.7
2025-09-29 21:01:18 | INFO | HHS Region 09 Urban Female Nephritis: Rate 6.1, SE 0.1
2025-09-29 21:01:19 | INFO | HHS Region 09 Rural Female Nephritis: Rate 8.4, SE 0.5
2025-09-29 21:01:20 | INFO | HHS Region 10 Urban Male Nephritis: Rate 8.6, SE 0.3
2025-09-29 21:01:21 | INFO | HHS Region 10 Rural Male Nephritis: Rate 8.6, SE 0.5
2025-09-29 21:01:22 | INFO | HHS Region 10 Urban Female Nephritis: Rate 5.9, SE 0.2
2025-09-29 21:01:23 | INFO | HHS Region 10 Rural Female Nephritis: Rate 6.7, SE 0.4
2025-09-29 21:01:24 | INFO | HHS Region 01 Urban Male Heart disease: Rate 188.2, SE 1.0
2025-09-29 21:01:25 | INFO | HHS Region 01 Rural Male Heart disease: Rate 199.1, SE 2.6
2025-09-29 21:01:26 | INFO | HHS Region 01 Urban Female Heart disease: Rate 115.1, SE 0.6
2025-09-29 21:01:27 | INFO | HHS Region 01 Rural Female Heart disease: Rate 124.5, SE 1.7
2025-09-29 21:01:28 | INFO | HHS Region 02 Urban Male Heart disease: Rate 226.8, SE 0.8
2025-09-29 21:01:29 | INFO | HHS Region 02 Rural Male Heart disease: Rate 248.8, SE 3.3
2025-09-29 21:01:30 | INFO | HHS Region 02 Urban Female Heart disease: Rate 148.6, SE 0.5
2025-09-29 21:01:31 | INFO | HHS Region 02 Rural Female Heart disease: Rate 165.6, SE 2.3
2025-09-29 21:01:32 | INFO | HHS Region 03 Urban Male Heart disease: Rate 218.2, SE 0.8
2025-09-29 21:01:33 | INFO | HHS Region 03 Rural Male Heart disease: Rate 246.0, SE 2.0
2025-09-29 21:01:34 | INFO | HHS Region 03 Urban Female Heart disease: Rate 138.1, SE 0.5
2025-09-29 21:01:35 | INFO | HHS Region 03 Rural Female Heart disease: Rate 162.5, SE 1.4
2025-09-29 21:01:36 | INFO | HHS Region 04 Urban Male Heart disease: Rate 212.8, SE 0.5
2025-09-29 21:01:37 | INFO | HHS Region 04 Rural Male Heart disease: Rate 276.4, SE 1.3
2025-09-29 21:01:38 | INFO | HHS Region 04 Urban Female Heart disease: Rate 132.2, SE 0.4
2025-09-29 21:01:39 | INFO | HHS Region 04 Rural Female Heart disease: Rate 176.8, SE 0.9
2025-09-29 21:01:40 | INFO | HHS Region 05 Urban Male Heart disease: Rate 222.5, SE 0.6
2025-09-29 21:01:41 | INFO | HHS Region 05 Rural Male Heart disease: Rate 229.0, SE 1.2
2025-09-29 21:01:42 | INFO | HHS Region 05 Urban Female Heart disease: Rate 139.6, SE 0.4
2025-09-29 21:01:43 | INFO | HHS Region 05 Rural Female Heart disease: Rate 140.8, SE 0.8
2025-09-29 21:01:44 | INFO | HHS Region 06 Urban Male Heart disease: Rate 219.9, SE 0.8
2025-09-29 21:01:45 | INFO | HHS Region 06 Rural Male Heart disease: Rate 266.4, SE 1.6
2025-09-29 21:01:46 | INFO | HHS Region 06 Urban Female Heart disease: Rate 140.7, SE 0.5
2025-09-29 21:01:47 | INFO | HHS Region 06 Rural Female Heart disease: Rate 175.7, SE 1.1
2025-09-29 21:01:48 | INFO | HHS Region 07 Urban Male Heart disease: Rate 210.0, SE 1.3
2025-09-29 21:01:49 | INFO | HHS Region 07 Rural Male Heart disease: Rate 237.7, SE 1.7
2025-09-29 21:01:50 | INFO | HHS Region 07 Urban Female Heart disease: Rate 131.1, SE 0.9
2025-09-29 21:01:51 | INFO | HHS Region 07 Rural Female Heart disease: Rate 152.3, SE 1.2
2025-09-29 21:01:52 | INFO | HHS Region 08 Urban Male Heart disease: Rate 166.5, SE 1.4
2025-09-29 21:01:53 | INFO | HHS Region 08 Rural Male Heart disease: Rate 191.2, SE 2.1
2025-09-29 21:01:54 | INFO | HHS Region 08 Urban Female Heart disease: Rate 106.7, SE 0.9
2025-09-29 21:01:55 | INFO | HHS Region 08 Rural Female Heart disease: Rate 119.8, SE 1.4
2025-09-29 21:01:56 | INFO | HHS Region 09 Urban Male Heart disease: Rate 195.8, SE 0.6
2025-09-29 21:01:57 | INFO | HHS Region 09 Rural Male Heart disease: Rate 205.8, SE 2.7
2025-09-29 21:01:58 | INFO | HHS Region 09 Urban Female Heart disease: Rate 121.0, SE 0.4
2025-09-29 21:01:59 | INFO | HHS Region 09 Rural Female Heart disease: Rate 125.2, SE 1.9
2025-09-29 21:02:00 | INFO | HHS Region 10 Urban Male Heart disease: Rate 176.0, SE 1.1
2025-09-29 21:02:01 | INFO | HHS Region 10 Rural Male Heart disease: Rate 194.9, SE 2.3
2025-09-29 21:02:02 | INFO | HHS Region 10 Urban Female Heart disease: Rate 106.0, SE 0.7
2025-09-29 21:02:03 | INFO | HHS Region 10 Rural Female Heart disease: Rate 114.3, SE 1.6
2025-09-29 21:02:04 | INFO | HHS Region 01 Urban Male Cancer: Rate 194.5, SE 1.0
2025-09-29 21:02:05 | INFO | HHS Region 01 Rural Male Cancer: Rate 202.7, SE 2.5
2025-09-29 21:02:06 | INFO | HHS Region 01 Urban Female Cancer: Rate 140.3, SE 0.8
2025-09-29 21:02:07 | INFO | HHS Region 01 Rural Female Cancer: Rate 144.7, SE 2.0
2025-09-29 21:02:08 | INFO | HHS Region 02 Urban Male Cancer: Rate 187.5, SE 0.7
2025-09-29 21:02:09 | INFO | HHS Region 02 Rural Male Cancer: Rate 204.9, SE 2.9
2025-09-29 21:02:10 | INFO | HHS Region 02 Urban Female Cancer: Rate 139.2, SE 0.5
2025-09-29 21:02:11 | INFO | HHS Region 02 Rural Female Cancer: Rate 151.7, SE 2.3
2025-09-29 21:02:12 | INFO | HHS Region 03 Urban Male Cancer: Rate 204.3, SE 0.7
2025-09-29 21:02:13 | INFO | HHS Region 03 Rural Male Cancer: Rate 224.7, SE 1.9
2025-09-29 21:02:14 | INFO | HHS Region 03 Urban Female Cancer: Rate 146.7, SE 0.5
2025-09-29 21:02:15 | INFO | HHS Region 03 Rural Female Cancer: Rate 156.7, SE 1.4
2025-09-29 21:02:16 | INFO | HHS Region 04 Urban Male Cancer: Rate 204.7, SE 0.5
2025-09-29 21:02:17 | INFO | HHS Region 04 Rural Male Cancer: Rate 245.2, SE 1.2
2025-09-29 21:02:18 | INFO | HHS Region 04 Urban Female Cancer: Rate 139.9, SE 0.4
2025-09-29 21:02:19 | INFO | HHS Region 04 Rural Female Cancer: Rate 156.2, SE 0.8
2025-09-29 21:02:20 | INFO | HHS Region 05 Urban Male Cancer: Rate 207.3, SE 0.6
2025-09-29 21:02:21 | INFO | HHS Region 05 Rural Male Cancer: Rate 217.2, SE 1.1
2025-09-29 21:02:22 | INFO | HHS Region 05 Urban Female Cancer: Rate 149.9, SE 0.4
2025-09-29 21:02:23 | INFO | HHS Region 05 Rural Female Cancer: Rate 152.0, SE 0.9
2025-09-29 21:02:24 | INFO | HHS Region 06 Urban Male Cancer: Rate 201.6, SE 0.7
2025-09-29 21:02:26 | INFO | HHS Region 06 Rural Male Cancer: Rate 223.8, SE 1.4
2025-09-29 21:02:27 | INFO | HHS Region 06 Urban Female Cancer: Rate 137.8, SE 0.5
2025-09-29 21:02:28 | INFO | HHS Region 06 Rural Female Cancer: Rate 151.8, SE 1.1
2025-09-29 21:02:29 | INFO | HHS Region 07 Urban Male Cancer: Rate 204.3, SE 1.3
2025-09-29 21:02:30 | INFO | HHS Region 07 Rural Male Cancer: Rate 214.1, SE 1.6
2025-09-29 21:02:31 | INFO | HHS Region 07 Urban Female Cancer: Rate 148.0, SE 1.0
2025-09-29 21:02:32 | INFO | HHS Region 07 Rural Female Cancer: Rate 149.7, SE 1.3
2025-09-29 21:02:33 | INFO | HHS Region 08 Urban Male Cancer: Rate 167.0, SE 1.3
2025-09-29 21:02:34 | INFO | HHS Region 08 Rural Male Cancer: Rate 173.7, SE 1.9
2025-09-29 21:02:35 | INFO | HHS Region 08 Urban Female Cancer: Rate 122.5, SE 1.0
2025-09-29 21:02:36 | INFO | HHS Region 08 Rural Female Cancer: Rate 132.6, SE 1.6
2025-09-29 21:02:37 | INFO | HHS Region 09 Urban Male Cancer: Rate 176.1, SE 0.5
2025-09-29 21:02:38 | INFO | HHS Region 09 Rural Male Cancer: Rate 186.7, SE 2.5
2025-09-29 21:02:39 | INFO | HHS Region 09 Urban Female Cancer: Rate 130.1, SE 0.4
2025-09-29 21:02:40 | INFO | HHS Region 09 Rural Female Cancer: Rate 135.7, SE 2.0
2025-09-29 21:02:41 | INFO | HHS Region 10 Urban Male Cancer: Rate 190.6, SE 1.1
2025-09-29 21:02:42 | INFO | HHS Region 10 Rural Male Cancer: Rate 197.1, SE 2.3
2025-09-29 21:02:43 | INFO | HHS Region 10 Urban Female Cancer: Rate 140.9, SE 0.9
2025-09-29 21:02:44 | INFO | HHS Region 10 Rural Female Cancer: Rate 143.8, SE 1.9
2025-09-29 21:02:45 | INFO | HHS Region 01 Urban Male Lower respiratory: Rate 36.7, SE 0.5
2025-09-29 21:02:46 | INFO | HHS Region 01 Rural Male Lower respiratory: Rate 51.7, SE 1.3
2025-09-29 21:02:47 | INFO | HHS Region 01 Urban Female Lower respiratory: Rate 32.2, SE 0.4
2025-09-29 21:02:48 | INFO | HHS Region 01 Rural Female Lower respiratory: Rate 41.3, SE 1.0
2025-09-29 21:02:49 | INFO | HHS Region 02 Urban Male Lower respiratory: Rate 33.0, SE 0.3
2025-09-29 21:02:50 | INFO | HHS Region 02 Rural Male Lower respiratory: Rate 59.3, SE 1.6
2025-09-29 21:02:51 | INFO | HHS Region 02 Urban Female Lower respiratory: Rate 28.0, SE 0.2
2025-09-29 21:02:52 | INFO | HHS Region 02 Rural Female Lower respiratory: Rate 46.3, SE 1.2
2025-09-29 21:02:53 | INFO | HHS Region 03 Urban Male Lower respiratory: Rate 41.7, SE 0.3
2025-09-29 21:02:54 | INFO | HHS Region 03 Rural Male Lower respiratory: Rate 62.1, SE 1.0
2025-09-29 21:02:55 | INFO | HHS Region 03 Urban Female Lower respiratory: Rate 34.4, SE 0.3
2025-09-29 21:02:56 | INFO | HHS Region 03 Rural Female Lower respiratory: Rate 46.4, SE 0.8
2025-09-29 21:02:57 | INFO | HHS Region 04 Urban Male Lower respiratory: Rate 48.5, SE 0.3
2025-09-29 21:02:58 | INFO | HHS Region 04 Rural Male Lower respiratory: Rate 70.7, SE 0.6
2025-09-29 21:02:59 | INFO | HHS Region 04 Urban Female Lower respiratory: Rate 39.9, SE 0.2
2025-09-29 21:03:00 | INFO | HHS Region 04 Rural Female Lower respiratory: Rate 51.1, SE 0.5
2025-09-29 21:03:01 | INFO | HHS Region 05 Urban Male Lower respiratory: Rate 48.7, SE 0.3
2025-09-29 21:03:02 | INFO | HHS Region 05 Rural Male Lower respiratory: Rate 59.9, SE 0.6
2025-09-29 21:03:03 | INFO | HHS Region 05 Urban Female Lower respiratory: Rate 40.1, SE 0.2
2025-09-29 21:03:04 | INFO | HHS Region 05 Rural Female Lower respiratory: Rate 44.7, SE 0.4
2025-09-29 21:03:05 | INFO | HHS Region 06 Urban Male Lower respiratory: Rate 49.5, SE 0.4
2025-09-29 21:03:06 | INFO | HHS Region 06 Rural Male Lower respiratory: Rate 65.8, SE 0.8
2025-09-29 21:03:07 | INFO | HHS Region 06 Urban Female Lower respiratory: Rate 39.4, SE 0.3
2025-09-29 21:03:08 | INFO | HHS Region 06 Rural Female Lower respiratory: Rate 50.5, SE 0.6
2025-09-29 21:03:09 | INFO | HHS Region 07 Urban Male Lower respiratory: Rate 54.8, SE 0.7
2025-09-29 21:03:10 | INFO | HHS Region 07 Rural Male Lower respiratory: Rate 65.9, SE 0.9
2025-09-29 21:03:11 | INFO | HHS Region 07 Urban Female Lower respiratory: Rate 44.0, SE 0.5
2025-09-29 21:03:12 | INFO | HHS Region 07 Rural Female Lower respiratory: Rate 45.6, SE 0.7
2025-09-29 21:03:13 | INFO | HHS Region 08 Urban Male Lower respiratory: Rate 48.9, SE 0.7
2025-09-29 21:03:14 | INFO | HHS Region 08 Rural Male Lower respiratory: Rate 56.1, SE 1.1
2025-09-29 21:03:15 | INFO | HHS Region 08 Urban Female Lower respiratory: Rate 37.1, SE 0.6
2025-09-29 21:03:16 | INFO | HHS Region 08 Rural Female Lower respiratory: Rate 40.2, SE 0.9
2025-09-29 21:03:17 | INFO | HHS Region 09 Urban Male Lower respiratory: Rate 40.6, SE 0.3
2025-09-29 21:03:18 | INFO | HHS Region 09 Rural Male Lower respiratory: Rate 50.7, SE 1.3
2025-09-29 21:03:19 | INFO | HHS Region 09 Urban Female Lower respiratory: Rate 33.7, SE 0.2
2025-09-29 21:03:20 | INFO | HHS Region 09 Rural Female Lower respiratory: Rate 43.6, SE 1.1
2025-09-29 21:03:21 | INFO | HHS Region 10 Urban Male Lower respiratory: Rate 46.3, SE 0.6
2025-09-29 21:03:22 | INFO | HHS Region 10 Rural Male Lower respiratory: Rate 52.3, SE 1.2
2025-09-29 21:03:23 | INFO | HHS Region 10 Urban Female Lower respiratory: Rate 38.4, SE 0.5
2025-09-29 21:03:24 | INFO | HHS Region 10 Rural Female Lower respiratory: Rate 45.3, SE 1.0
2025-09-29 21:03:25 | INFO | HHS Region 01 Urban Male Unintentional injuries: Rate 47.4, SE 0.5
2025-09-29 21:03:26 | INFO | HHS Region 01 Rural Male Unintentional injuries: Rate 60.5, SE 1.5
2025-09-29 21:03:27 | INFO | HHS Region 01 Urban Female Unintentional injuries: Rate 22.5, SE 0.3
2025-09-29 21:03:28 | INFO | HHS Region 01 Rural Female Unintentional injuries: Rate 28.8, SE 1.0
2025-09-29 21:03:29 | INFO | HHS Region 02 Urban Male Unintentional injuries: Rate 39.7, SE 0.3
2025-09-29 21:03:30 | INFO | HHS Region 02 Rural Male Unintentional injuries: Rate 49.6, SE 1.5
2025-09-29 21:03:31 | INFO | HHS Region 02 Urban Female Unintentional injuries: Rate 17.0, SE 0.2
2025-09-29 21:03:32 | INFO | HHS Region 02 Rural Female Unintentional injuries: Rate 23.4, SE 1.0
2025-09-29 21:03:33 | INFO | HHS Region 03 Urban Male Unintentional injuries: Rate 51.8, SE 0.4
2025-09-29 21:03:34 | INFO | HHS Region 03 Rural Male Unintentional injuries: Rate 77.6, SE 1.2
2025-09-29 21:03:35 | INFO | HHS Region 03 Urban Female Unintentional injuries: Rate 24.3, SE 0.2
2025-09-29 21:03:36 | INFO | HHS Region 03 Rural Female Unintentional injuries: Rate 39.8, SE 0.9
2025-09-29 21:03:37 | INFO | HHS Region 04 Urban Male Unintentional injuries: Rate 56.2, SE 0.3
2025-09-29 21:03:38 | INFO | HHS Region 04 Rural Male Unintentional injuries: Rate 79.1, SE 0.7
2025-09-29 21:03:39 | INFO | HHS Region 04 Urban Female Unintentional injuries: Rate 28.6, SE 0.2
2025-09-29 21:03:40 | INFO | HHS Region 04 Rural Female Unintentional injuries: Rate 41.3, SE 0.5
2025-09-29 21:03:41 | INFO | HHS Region 05 Urban Male Unintentional injuries: Rate 50.9, SE 0.3
2025-09-29 21:03:42 | INFO | HHS Region 05 Rural Male Unintentional injuries: Rate 62.3, SE 0.7
2025-09-29 21:03:43 | INFO | HHS Region 05 Urban Female Unintentional injuries: Rate 25.9, SE 0.2
2025-09-29 21:03:44 | INFO | HHS Region 05 Rural Female Unintentional injuries: Rate 32.3, SE 0.4
2025-09-29 21:03:45 | INFO | HHS Region 06 Urban Male Unintentional injuries: Rate 54.6, SE 0.4
2025-09-29 21:03:47 | INFO | HHS Region 06 Rural Male Unintentional injuries: Rate 77.2, SE 0.9
2025-09-29 21:03:48 | INFO | HHS Region 06 Urban Female Unintentional injuries: Rate 27.0, SE 0.2
2025-09-29 21:03:49 | INFO | HHS Region 06 Rural Female Unintentional injuries: Rate 39.9, SE 0.6
