2025-09-29 14:24:17 | INFO | HHS Region 03 Rural Male Cerebrovascular diseases: Rate 42.5, SE 0.8
2025-09-29 14:24:18 | INFO | HHS Region 03 Urban Female Cerebrovascular diseases: Rate 37.4, SE 0.3
2025-09-29 14:24:19 | INFO | HHS Region 03 Rural Female Cerebrovascular diseases: Rate 42.1, SE 0.7
2025-09-29 14:24:20 | INFO | HHS Region 04 Urban Male Cerebrovascular diseases: Rate 37.5, SE 0.2
2025-09-29 14:24:21 | INFO | HHS Region 04 Rural Male Cerebrovascular diseases: Rate 49.1, SE 0.5
2025-09-29 14:24:22 | INFO | HHS Region 04 Urban Female Cerebrovascular diseases: Rate 36.4, SE 0.2
2025-09-29 14:24:23 | INFO | HHS Region 04 Rural Female Cerebrovascular diseases: Rate 46.6, SE 0.4
2025-09-29 14:24:24 | INFO | HHS Region 05 Urban Male Cerebrovascular diseases: Rate 38.3, SE 0.3
2025-09-29 14:24:25 | INFO | HHS Region 05 Rural Male Cerebrovascular diseases: Rate 40.6, SE 0.5
2025-09-29 14:24:26 | INFO | HHS Region 05 Urban Female Cerebrovascular diseases: Rate 36.5, SE 0.2
2025-09-29 14:24:28 | INFO | HHS Region 05 Rural Female Cerebrovascular diseases: Rate 40.1, SE 0.4
2025-09-29 14:24:29 | INFO | HHS Region 06 Urban Male Cerebrovascular diseases: Rate 41.4, SE 0.4
2025-09-29 14:24:30 | INFO | HHS Region 06 Rural Male Cerebrovascular diseases: Rate 45.9, SE 0.7
2025-09-29 14:24:31 | INFO | HHS Region 06 Urban Female Cerebrovascular diseases: Rate 39.6, SE 0.3
2025-09-29 14:24:32 | INFO | HHS Region 06 Rural Female Cerebrovascular diseases: Rate 47.2, SE 0.6
2025-09-29 14:24:33 | INFO | HHS Region 07 Urban Male Cerebrovascular diseases: Rate 38.0, SE 0.6
2025-09-29 14:24:34 | INFO | HHS Region 07 Rural Male Cerebrovascular diseases: Rate 39.2, SE 0.7
2025-09-29 14:24:35 | INFO | HHS Region 07 Urban Female Cerebrovascular diseases: Rate 37.3, SE 0.5
2025-09-29 14:24:36 | INFO | HHS Region 07 Rural Female Cerebrovascular diseases: Rate 40.1, SE 0.6
2025-09-29 14:24:37 | INFO | HHS Region 08 Urban Male Cerebrovascular diseases: Rate 33.7, SE 0.6
2025-09-29 14:24:38 | INFO | HHS Region 08 Rural Male Cerebrovascular diseases: Rate 36.2, SE 0.9
2025-09-29 14:24:39 | INFO | HHS Region 08 Urban Female Cerebrovascular diseases: Rate 34.3, SE 0.5
2025-09-29 14:24:40 | INFO | HHS Region 08 Rural Female Cerebrovascular diseases: Rate 38.0, SE 0.8
2025-09-29 14:24:41 | INFO | HHS Region 09 Urban Male Cerebrovascular diseases: Rate 34.5, SE 0.2
2025-09-29 14:24:42 | INFO | HHS Region 09 Rural Male Cerebrovascular diseases: Rate 36.6, SE 1.1
2025-09-29 14:24:43 | INFO | HHS Region 09 Urban Female Cerebrovascular diseases: Rate 34.0, SE 0.2
2025-09-29 14:24:44 | INFO | HHS Region 09 Rural Female Cerebrovascular diseases: Rate 37.5, SE 1.0
2025-09-29 14:24:45 | INFO | HHS Region 10 Urban Male Cerebrovascular diseases: Rate 36.8, SE 0.5
2025-09-29 14:24:46 | INFO | HHS Region 10 Rural Male Cerebrovascular diseases: Rate 37.1, SE 1.0
2025-09-29 14:24:47 | INFO | HHS Region 10 Urban Female Cerebrovascular diseases: Rate 35.2, SE 0.4
2025-09-29 14:24:48 | INFO | HHS Region 10 Rural Female Cerebrovascular diseases: Rate 40.3, SE 1.0
2025-09-29 14:24:49 | INFO | HHS Region 01 Urban Male Alzheimers: Rate 16.4, SE 0.3
2025-09-29 14:24:50 | INFO | HHS Region 01 Rural Male Alzheimers: Rate 18.1, SE 0.8
2025-09-29 14:24:51 | INFO | HHS Region 01 Urban Female Alzheimers: Rate 21.8, SE 0.3
2025-09-29 14:24:52 | INFO | HHS Region 01 Rural Female Alzheimers: Rate 27.9, SE 0.8
2025-09-29 14:24:53 | INFO | HHS Region 02 Urban Male Alzheimers: Rate 10.5, SE 0.2
2025-09-29 14:24:54 | INFO | HHS Region 02 Rural Male Alzheimers: Rate 12.3, SE 0.7
2025-09-29 14:24:55 | INFO | HHS Region 02 Urban Female Alzheimers: Rate 13.6, SE 0.1
2025-09-29 14:24:56 | INFO | HHS Region 02 Rural Female Alzheimers: Rate 17.9, SE 0.7
2025-09-29 14:24:57 | INFO | HHS Region 03 Urban Male Alzheimers: Rate 15.2, SE 0.2
2025-09-29 14:24:58 | INFO | HHS Region 03 Rural Male Alzheimers: Rate 17.9, SE 0.6
2025-09-29 14:24:59 | INFO | HHS Region 03 Urban Female Alzheimers: Rate 19.9, SE 0.2
2025-09-29 14:25:00 | INFO | HHS Region 03 Rural Female Alzheimers: Rate 26.2, SE 0.5
2025-09-29 14:25:01 | INFO | HHS Region 04 Urban Male Alzheimers: Rate 18.3, SE 0.2
2025-09-29 14:25:02 | INFO | HHS Region 04 Rural Male Alzheimers: Rate 25.3, SE 0.4
2025-09-29 14:25:03 | INFO | HHS Region 04 Urban Female Alzheimers: Rate 25.8, SE 0.2
2025-09-29 14:25:04 | INFO | HHS Region 04 Rural Female Alzheimers: Rate 35.2, SE 0.4
2025-09-29 14:25:05 | INFO | HHS Region 05 Urban Male Alzheimers: Rate 20.0, SE 0.2
2025-09-29 14:25:06 | INFO | HHS Region 05 Rural Male Alzheimers: Rate 20.9, SE 0.4
2025-09-29 14:25:07 | INFO | HHS Region 05 Urban Female Alzheimers: Rate 26.0, SE 0.2
2025-09-29 14:25:08 | INFO | HHS Region 05 Rural Female Alzheimers: Rate 29.2, SE 0.3
2025-09-29 14:25:09 | INFO | HHS Region 06 Urban Male Alzheimers: Rate 20.7, SE 0.3
2025-09-29 14:25:10 | INFO | HHS Region 06 Rural Male Alzheimers: Rate 22.5, SE 0.5
2025-09-29 14:25:11 | INFO | HHS Region 06 Urban Female Alzheimers: Rate 27.7, SE 0.2
2025-09-29 14:25:12 | INFO | HHS Region 06 Rural Female Alzheimers: Rate 33.0, SE 0.5
2025-09-29 14:25:13 | INFO | HHS Region 07 Urban Male Alzheimers: Rate 21.0, SE 0.4
2025-09-29 14:25:14 | INFO | HHS Region 07 Rural Male Alzheimers: Rate 23.8, SE 0.5
2025-09-29 14:25:15 | INFO | HHS Region 07 Urban Female Alzheimers: Rate 27.8, SE 0.4
2025-09-29 14:25:16 | INFO | HHS Region 07 Rural Female Alzheimers: Rate 30.3, SE 0.5
2025-09-29 14:25:17 | INFO | HHS Region 08 Urban Male Alzheimers: Rate 23.7, SE 0.5
2025-09-29 14:25:18 | INFO | HHS Region 08 Rural Male Alzheimers: Rate 21.2, SE 0.7
2025-09-29 14:25:19 | INFO | HHS Region 08 Urban Female Alzheimers: Rate 30.9, SE 0.5
2025-09-29 14:25:20 | INFO | HHS Region 08 Rural Female Alzheimers: Rate 28.3, SE 0.7
2025-09-29 14:25:21 | INFO | HHS Region 09 Urban Male Alzheimers: Rate 24.9, SE 0.2
2025-09-29 14:25:22 | INFO | HHS Region 09 Rural Male Alzheimers: Rate 18.9, SE 0.8
2025-09-29 14:25:23 | INFO | HHS Region 09 Urban Female Alzheimers: Rate 32.1, SE 0.2
2025-09-29 14:25:25 | INFO | HHS Region 09 Rural Female Alzheimers: Rate 24.0, SE 0.8
2025-09-29 14:25:26 | INFO | HHS Region 10 Urban Male Alzheimers: Rate 29.9, SE 0.5
2025-09-29 14:25:27 | INFO | HHS Region 10 Rural Male Alzheimers: Rate 22.9, SE 0.8
2025-09-29 14:25:28 | INFO | HHS Region 10 Urban Female Alzheimers: Rate 40.8, SE 0.4
2025-09-29 14:25:29 | INFO | HHS Region 10 Rural Female Alzheimers: Rate 33.9, SE 0.9
2025-09-29 14:25:30 | INFO | HHS Region 01 Urban Male Diabetes: Rate 19.2, SE 0.3
2025-09-29 14:25:31 | INFO | HHS Region 01 Rural Male Diabetes: Rate 23.8, SE 0.9
2025-09-29 14:25:32 | INFO | HHS Region 01 Urban Female Diabetes: Rate 12.1, SE 0.2
2025-09-29 14:25:33 | INFO | HHS Region 01 Rural Female Diabetes: Rate 15.0, SE 0.6
2025-09-29 14:25:34 | INFO | HHS Region 02 Urban Male Diabetes: Rate 22.7, SE 0.2
2025-09-29 14:25:35 | INFO | HHS Region 02 Rural Male Diabetes: Rate 24.5, SE 1.0
2025-09-29 14:25:36 | INFO | HHS Region 02 Urban Female Diabetes: Rate 15.2, SE 0.2
2025-09-29 14:25:37 | INFO | HHS Region 02 Rural Female Diabetes: Rate 17.6, SE 0.8
2025-09-29 14:25:38 | INFO | HHS Region 03 Urban Male Diabetes: Rate 25.0, SE 0.3
2025-09-29 14:25:39 | INFO | HHS Region 03 Rural Male Diabetes: Rate 32.5, SE 0.7
2025-09-29 14:25:40 | INFO | HHS Region 03 Urban Female Diabetes: Rate 17.2, SE 0.2
2025-09-29 14:25:41 | INFO | HHS Region 03 Rural Female Diabetes: Rate 24.1, SE 0.6
2025-09-29 14:25:42 | INFO | HHS Region 04 Urban Male Diabetes: Rate 25.2, SE 0.2
2025-09-29 14:25:43 | INFO | HHS Region 04 Rural Male Diabetes: Rate 32.0, SE 0.4
2025-09-29 14:25:44 | INFO | HHS Region 04 Urban Female Diabetes: Rate 17.4, SE 0.1
2025-09-29 14:25:45 | INFO | HHS Region 04 Rural Female Diabetes: Rate 25.0, SE 0.3
2025-09-29 14:25:46 | INFO | HHS Region 05 Urban Male Diabetes: Rate 26.6, SE 0.2
2025-09-29 14:25:47 | INFO | HHS Region 05 Rural Male Diabetes: Rate 28.5, SE 0.4
2025-09-29 14:25:48 | INFO | HHS Region 05 Urban Female Diabetes: Rate 18.6, SE 0.2
2025-09-29 14:25:49 | INFO | HHS Region 05 Rural Female Diabetes: Rate 20.3, SE 0.3
2025-09-29 14:25:50 | INFO | HHS Region 06 Urban Male Diabetes: Rate 26.2, SE 0.3
2025-09-29 14:25:51 | INFO | HHS Region 06 Rural Male Diabetes: Rate 32.8, SE 0.5
2025-09-29 14:25:52 | INFO | HHS Region 06 Urban Female Diabetes: Rate 19.9, SE 0.2
2025-09-29 14:25:53 | INFO | HHS Region 06 Rural Female Diabetes: Rate 25.1, SE 0.4
2025-09-29 14:25:54 | INFO | HHS Region 07 Urban Male Diabetes: Rate 22.6, SE 0.4
2025-09-29 14:25:55 | INFO | HHS Region 07 Rural Male Diabetes: Rate 25.9, SE 0.6
2025-09-29 14:25:56 | INFO | HHS Region 07 Urban Female Diabetes: Rate 16.0, SE 0.3
2025-09-29 14:25:57 | INFO | HHS Region 07 Rural Female Diabetes: Rate 19.1, SE 0.4
2025-09-29 14:25:58 | INFO | HHS Region 08 Urban Male Diabetes: Rate 23.2, SE 0.5
2025-09-29 14:25:59 | INFO | HHS Region 08 Rural Male Diabetes: Rate 24.7, SE 0.7
2025-09-29 14:26:00 | INFO | HHS Region 08 Urban Female Diabetes: Rate 15.0, SE 0.4
2025-09-29 14:26:01 | INFO | HHS Region 08 Rural Female Diabetes: Rate 18.0, SE 0.6
2025-09-29 14:26:02 | INFO | HHS Region 09 Urban Male Diabetes: Rate 25.3, SE 0.2
2025-09-29 14:26:03 | INFO | HHS Region 09 Rural Male Diabetes: Rate 24.9, SE 0.9
2025-09-29 14:26:04 | INFO | HHS Region 09 Urban Female Diabetes: Rate 16.7, SE 0.1
2025-09-29 14:26:05 | INFO | HHS Region 09 Rural Female Diabetes: Rate 17.8, SE 0.7
2025-09-29 14:26:06 | INFO | HHS Region 10 Urban Male Diabetes: Rate 28.2, SE 0.4
2025-09-29 14:26:07 | INFO | HHS Region 10 Rural Male Diabetes: Rate 29.8, SE 0.9
2025-09-29 14:26:08 | INFO | HHS Region 10 Urban Female Diabetes: Rate 17.7, SE 0.3
2025-09-29 14:26:09 | INFO | HHS Region 10 Rural Female Diabetes: Rate 20.1, SE 0.7
2025-09-29 14:26:10 | INFO | HHS Region 01 Urban Male Flu and pneumonia: Rate 18.5, SE 0.3
2025-09-29 14:26:11 | INFO | HHS Region 01 Rural Male Flu and pneumonia: Rate 15.6, SE 0.7
2025-09-29 14:26:12 | INFO | HHS Region 01 Urban Female Flu and pneumonia: Rate 12.8, SE 0.2
2025-09-29 14:26:13 | INFO | HHS Region 01 Rural Female Flu and pneumonia: Rate 11.9, SE 0.5
2025-09-29 14:26:14 | INFO | HHS Region 02 Urban Male Flu and pneumonia: Rate 22.4, SE 0.2
2025-09-29 14:26:15 | INFO | HHS Region 02 Rural Male Flu and pneumonia: Rate 19.6, SE 0.9
2025-09-29 14:26:16 | INFO | HHS Region 02 Urban Female Flu and pneumonia: Rate 14.5, SE 0.2
2025-09-29 14:26:17 | INFO | HHS Region 02 Rural Female Flu and pneumonia: Rate 14.9, SE 0.7
2025-09-29 14:26:18 | WARNING | Mortality Producer interrupted by user.
2025-09-29 14:26:18 | INFO | Mortality Producer shutting down.
2025-09-29 14:30:22 | INFO | Logging to file: logs/project_log.log
2025-09-29 14:30:22 | INFO | Log sanitization enabled, personal info removed
2025-09-29 14:30:29 | INFO | Logging to file: logs/project_log.log
2025-09-29 14:30:29 | INFO | Log sanitization enabled, personal info removed
2025-09-29 14:31:36 | INFO | Logging to file: logs/project_log.log
2025-09-29 14:31:36 | INFO | Log sanitization enabled, personal info removed
2025-09-29 14:31:36 | INFO | Starting Mortality Data Producer
2025-09-29 14:31:36 | INFO | Streaming mortality data from data/USRegionalMortality.csv
2025-09-29 14:31:36 | INFO | Use Ctrl+C to stop.
2025-09-29 14:31:36 | INFO | MESSAGE_INTERVAL_SECONDS: 1
2025-09-29 14:31:36 | INFO | BASE_DATA_DIR: C:/Users/USER/Documents/buzzline-06-anjana/data
2025-09-29 14:31:36 | INFO | LIVE_DATA_PATH: C:/Users/USER/Documents/buzzline-06-anjana/data/project_live.json
2025-09-29 14:31:36 | INFO | BASE_DATA_DIR: C:/Users/USER/Documents/buzzline-06-anjana/data
2025-09-29 14:31:36 | INFO | SQLITE_PATH: C:/Users/USER/Documents/buzzline-06-anjana/data/buzz.sqlite
2025-09-29 14:31:36 | INFO | SQLite database initialized at C:/Users/USER/Documents/buzzline-06-anjana/data/buzz.sqlite
2025-09-29 14:31:36 | INFO | HHS Region 01 Urban Male Heart disease: Rate 188.2, SE 1.0
2025-09-29 14:31:37 | INFO | HHS Region 01 Rural Male Heart disease: Rate 199.1, SE 2.6
2025-09-29 14:31:38 | INFO | HHS Region 01 Urban Female Heart disease: Rate 115.1, SE 0.6
2025-09-29 14:31:39 | INFO | HHS Region 01 Rural Female Heart disease: Rate 124.5, SE 1.7
2025-09-29 14:31:40 | INFO | HHS Region 02 Urban Male Heart disease: Rate 226.8, SE 0.8
2025-09-29 14:31:41 | INFO | HHS Region 02 Rural Male Heart disease: Rate 248.8, SE 3.3
2025-09-29 14:31:42 | INFO | HHS Region 02 Urban Female Heart disease: Rate 148.6, SE 0.5
2025-09-29 14:31:43 | INFO | HHS Region 02 Rural Female Heart disease: Rate 165.6, SE 2.3
2025-09-29 14:31:44 | INFO | HHS Region 03 Urban Male Heart disease: Rate 218.2, SE 0.8
2025-09-29 14:31:45 | INFO | HHS Region 03 Rural Male Heart disease: Rate 246.0, SE 2.0
2025-09-29 14:31:46 | INFO | HHS Region 03 Urban Female Heart disease: Rate 138.1, SE 0.5
2025-09-29 14:31:47 | INFO | HHS Region 03 Rural Female Heart disease: Rate 162.5, SE 1.4
2025-09-29 14:31:48 | INFO | HHS Region 04 Urban Male Heart disease: Rate 212.8, SE 0.5
2025-09-29 14:31:49 | INFO | HHS Region 04 Rural Male Heart disease: Rate 276.4, SE 1.3
2025-09-29 14:31:50 | INFO | HHS Region 04 Urban Female Heart disease: Rate 132.2, SE 0.4
2025-09-29 14:31:51 | INFO | HHS Region 04 Rural Female Heart disease: Rate 176.8, SE 0.9
2025-09-29 14:31:52 | INFO | HHS Region 05 Urban Male Heart disease: Rate 222.5, SE 0.6
2025-09-29 14:31:53 | INFO | HHS Region 05 Rural Male Heart disease: Rate 229.0, SE 1.2
2025-09-29 14:31:54 | INFO | HHS Region 05 Urban Female Heart disease: Rate 139.6, SE 0.4
2025-09-29 14:31:56 | INFO | HHS Region 05 Rural Female Heart disease: Rate 140.8, SE 0.8
2025-09-29 14:31:57 | INFO | HHS Region 06 Urban Male Heart disease: Rate 219.9, SE 0.8
2025-09-29 14:31:58 | INFO | HHS Region 06 Rural Male Heart disease: Rate 266.4, SE 1.6
2025-09-29 14:31:59 | INFO | HHS Region 06 Urban Female Heart disease: Rate 140.7, SE 0.5
2025-09-29 14:32:00 | INFO | HHS Region 06 Rural Female Heart disease: Rate 175.7, SE 1.1
2025-09-29 14:32:01 | INFO | HHS Region 07 Urban Male Heart disease: Rate 210.0, SE 1.3
2025-09-29 14:32:03 | INFO | HHS Region 07 Rural Male Heart disease: Rate 237.7, SE 1.7
2025-09-29 14:32:04 | INFO | HHS Region 07 Urban Female Heart disease: Rate 131.1, SE 0.9
2025-09-29 14:32:05 | INFO | HHS Region 07 Rural Female Heart disease: Rate 152.3, SE 1.2
2025-09-29 14:32:06 | INFO | HHS Region 08 Urban Male Heart disease: Rate 166.5, SE 1.4
2025-09-29 14:32:07 | INFO | HHS Region 08 Rural Male Heart disease: Rate 191.2, SE 2.1
2025-09-29 14:32:08 | INFO | HHS Region 08 Urban Female Heart disease: Rate 106.7, SE 0.9
2025-09-29 14:32:09 | INFO | HHS Region 08 Rural Female Heart disease: Rate 119.8, SE 1.4
2025-09-29 14:32:10 | INFO | HHS Region 09 Urban Male Heart disease: Rate 195.8, SE 0.6
2025-09-29 14:32:11 | INFO | HHS Region 09 Rural Male Heart disease: Rate 205.8, SE 2.7
2025-09-29 14:32:12 | INFO | HHS Region 09 Urban Female Heart disease: Rate 121.0, SE 0.4
2025-09-29 14:32:13 | INFO | HHS Region 09 Rural Female Heart disease: Rate 125.2, SE 1.9
2025-09-29 14:32:14 | INFO | HHS Region 10 Urban Male Heart disease: Rate 176.0, SE 1.1
2025-09-29 14:32:15 | INFO | HHS Region 10 Rural Male Heart disease: Rate 194.9, SE 2.3
2025-09-29 14:32:16 | INFO | HHS Region 10 Urban Female Heart disease: Rate 106.0, SE 0.7
2025-09-29 14:32:17 | INFO | HHS Region 10 Rural Female Heart disease: Rate 114.3, SE 1.6
2025-09-29 14:32:18 | INFO | HHS Region 01 Urban Male Cancer: Rate 194.5, SE 1.0
2025-09-29 14:32:19 | INFO | HHS Region 01 Rural Male Cancer: Rate 202.7, SE 2.5
2025-09-29 14:32:20 | INFO | HHS Region 01 Urban Female Cancer: Rate 140.3, SE 0.8
2025-09-29 14:32:21 | INFO | HHS Region 01 Rural Female Cancer: Rate 144.7, SE 2.0
2025-09-29 14:32:22 | INFO | HHS Region 02 Urban Male Cancer: Rate 187.5, SE 0.7
2025-09-29 14:32:23 | INFO | HHS Region 02 Rural Male Cancer: Rate 204.9, SE 2.9
2025-09-29 14:32:24 | INFO | HHS Region 02 Urban Female Cancer: Rate 139.2, SE 0.5
2025-09-29 14:32:25 | INFO | HHS Region 02 Rural Female Cancer: Rate 151.7, SE 2.3
2025-09-29 14:32:26 | INFO | HHS Region 03 Urban Male Cancer: Rate 204.3, SE 0.7
2025-09-29 14:32:27 | INFO | HHS Region 03 Rural Male Cancer: Rate 224.7, SE 1.9
2025-09-29 14:32:28 | INFO | HHS Region 03 Urban Female Cancer: Rate 146.7, SE 0.5
2025-09-29 14:32:29 | INFO | HHS Region 03 Rural Female Cancer: Rate 156.7, SE 1.4
2025-09-29 14:32:30 | INFO | HHS Region 04 Urban Male Cancer: Rate 204.7, SE 0.5
2025-09-29 14:32:31 | INFO | HHS Region 04 Rural Male Cancer: Rate 245.2, SE 1.2
2025-09-29 14:32:32 | INFO | HHS Region 04 Urban Female Cancer: Rate 139.9, SE 0.4
2025-09-29 14:32:33 | INFO | HHS Region 04 Rural Female Cancer: Rate 156.2, SE 0.8
2025-09-29 14:32:34 | INFO | HHS Region 05 Urban Male Cancer: Rate 207.3, SE 0.6
2025-09-29 14:32:35 | INFO | HHS Region 05 Rural Male Cancer: Rate 217.2, SE 1.1
2025-09-29 14:32:36 | INFO | HHS Region 05 Urban Female Cancer: Rate 149.9, SE 0.4
2025-09-29 14:32:37 | INFO | HHS Region 05 Rural Female Cancer: Rate 152.0, SE 0.9
2025-09-29 14:32:38 | INFO | HHS Region 06 Urban Male Cancer: Rate 201.6, SE 0.7
2025-09-29 14:32:39 | INFO | HHS Region 06 Rural Male Cancer: Rate 223.8, SE 1.4
2025-09-29 14:32:40 | INFO | HHS Region 06 Urban Female Cancer: Rate 137.8, SE 0.5
2025-09-29 14:32:41 | INFO | HHS Region 06 Rural Female Cancer: Rate 151.8, SE 1.1
2025-09-29 14:32:42 | INFO | HHS Region 07 Urban Male Cancer: Rate 204.3, SE 1.3
2025-09-29 14:32:43 | INFO | HHS Region 07 Rural Male Cancer: Rate 214.1, SE 1.6
2025-09-29 14:32:44 | INFO | HHS Region 07 Urban Female Cancer: Rate 148.0, SE 1.0
2025-09-29 14:32:45 | INFO | HHS Region 07 Rural Female Cancer: Rate 149.7, SE 1.3
2025-09-29 14:32:46 | INFO | HHS Region 08 Urban Male Cancer: Rate 167.0, SE 1.3
2025-09-29 14:32:47 | INFO | HHS Region 08 Rural Male Cancer: Rate 173.7, SE 1.9
2025-09-29 14:32:48 | INFO | HHS Region 08 Urban Female Cancer: Rate 122.5, SE 1.0
2025-09-29 14:32:49 | INFO | HHS Region 08 Rural Female Cancer: Rate 132.6, SE 1.6
2025-09-29 14:32:50 | INFO | HHS Region 09 Urban Male Cancer: Rate 176.1, SE 0.5
2025-09-29 14:32:51 | INFO | HHS Region 09 Rural Male Cancer: Rate 186.7, SE 2.5
2025-09-29 14:32:52 | INFO | HHS Region 09 Urban Female Cancer: Rate 130.1, SE 0.4
2025-09-29 14:32:54 | INFO | HHS Region 09 Rural Female Cancer: Rate 135.7, SE 2.0
2025-09-29 14:32:55 | INFO | HHS Region 10 Urban Male Cancer: Rate 190.6, SE 1.1
2025-09-29 14:32:56 | INFO | HHS Region 10 Rural Male Cancer: Rate 197.1, SE 2.3
2025-09-29 14:32:57 | INFO | HHS Region 10 Urban Female Cancer: Rate 140.9, SE 0.9
2025-09-29 14:32:58 | INFO | HHS Region 10 Rural Female Cancer: Rate 143.8, SE 1.9
2025-09-29 14:32:59 | INFO | HHS Region 01 Urban Male Lower respiratory: Rate 36.7, SE 0.5
2025-09-29 14:33:00 | INFO | HHS Region 01 Rural Male Lower respiratory: Rate 51.7, SE 1.3
2025-09-29 14:33:01 | INFO | HHS Region 01 Urban Female Lower respiratory: Rate 32.2, SE 0.4
2025-09-29 14:33:02 | INFO | HHS Region 01 Rural Female Lower respiratory: Rate 41.3, SE 1.0
2025-09-29 14:33:03 | INFO | HHS Region 02 Urban Male Lower respiratory: Rate 33.0, SE 0.3
2025-09-29 14:33:04 | INFO | HHS Region 02 Rural Male Lower respiratory: Rate 59.3, SE 1.6
2025-09-29 14:33:05 | INFO | HHS Region 02 Urban Female Lower respiratory: Rate 28.0, SE 0.2
2025-09-29 14:33:06 | INFO | HHS Region 02 Rural Female Lower respiratory: Rate 46.3, SE 1.2
2025-09-29 14:33:07 | INFO | HHS Region 03 Urban Male Lower respiratory: Rate 41.7, SE 0.3
2025-09-29 14:33:08 | INFO | HHS Region 03 Rural Male Lower respiratory: Rate 62.1, SE 1.0
2025-09-29 14:33:09 | INFO | HHS Region 03 Urban Female Lower respiratory: Rate 34.4, SE 0.3
2025-09-29 14:33:10 | INFO | HHS Region 03 Rural Female Lower respiratory: Rate 46.4, SE 0.8
2025-09-29 14:33:11 | INFO | HHS Region 04 Urban Male Lower respiratory: Rate 48.5, SE 0.3
2025-09-29 14:33:12 | INFO | HHS Region 04 Rural Male Lower respiratory: Rate 70.7, SE 0.6
2025-09-29 14:33:13 | INFO | HHS Region 04 Urban Female Lower respiratory: Rate 39.9, SE 0.2
2025-09-29 14:33:14 | WARNING | Mortality Producer interrupted by user.
2025-09-29 14:33:14 | INFO | Mortality Producer shutting down.
2025-09-29 14:33:47 | INFO | Logging to file: logs/project_log.log
2025-09-29 14:33:47 | INFO | Log sanitization enabled, personal info removed
2025-09-29 14:33:47 | INFO | Starting Mortality Data Producer
2025-09-29 14:33:47 | INFO | Streaming mortality data from data/USRegionalMortality.csv
2025-09-29 14:33:47 | INFO | Use Ctrl+C to stop.
2025-09-29 14:33:47 | INFO | MESSAGE_INTERVAL_SECONDS: 1
2025-09-29 14:33:47 | INFO | BASE_DATA_DIR: C:/Users/USER/Documents/buzzline-06-anjana/data
2025-09-29 14:33:47 | INFO | LIVE_DATA_PATH: C:/Users/USER/Documents/buzzline-06-anjana/data/project_live.json
2025-09-29 14:33:47 | INFO | BASE_DATA_DIR: C:/Users/USER/Documents/buzzline-06-anjana/data
2025-09-29 14:33:47 | INFO | SQLITE_PATH: C:/Users/USER/Documents/buzzline-06-anjana/data/buzz.sqlite
2025-09-29 14:33:47 | INFO | SQLite database initialized at C:/Users/USER/Documents/buzzline-06-anjana/data/buzz.sqlite
2025-09-29 14:33:48 | INFO | HHS Region 01 Urban Male Heart disease: Rate 188.2, SE 1.0
2025-09-29 14:33:49 | INFO | HHS Region 01 Rural Male Heart disease: Rate 199.1, SE 2.6
2025-09-29 14:33:50 | INFO | HHS Region 01 Urban Female Heart disease: Rate 115.1, SE 0.6
2025-09-29 14:33:51 | INFO | HHS Region 01 Rural Female Heart disease: Rate 124.5, SE 1.7
2025-09-29 14:33:52 | INFO | HHS Region 02 Urban Male Heart disease: Rate 226.8, SE 0.8
2025-09-29 14:33:53 | INFO | HHS Region 02 Rural Male Heart disease: Rate 248.8, SE 3.3
2025-09-29 14:33:54 | INFO | HHS Region 02 Urban Female Heart disease: Rate 148.6, SE 0.5
2025-09-29 14:33:55 | INFO | HHS Region 02 Rural Female Heart disease: Rate 165.6, SE 2.3
2025-09-29 14:33:56 | INFO | HHS Region 03 Urban Male Heart disease: Rate 218.2, SE 0.8
2025-09-29 14:33:57 | INFO | HHS Region 03 Rural Male Heart disease: Rate 246.0, SE 2.0
2025-09-29 14:33:58 | INFO | HHS Region 03 Urban Female Heart disease: Rate 138.1, SE 0.5
2025-09-29 14:33:59 | INFO | HHS Region 03 Rural Female Heart disease: Rate 162.5, SE 1.4
2025-09-29 14:34:00 | INFO | HHS Region 04 Urban Male Heart disease: Rate 212.8, SE 0.5
2025-09-29 14:34:01 | INFO | HHS Region 04 Rural Male Heart disease: Rate 276.4, SE 1.3
2025-09-29 14:34:02 | INFO | HHS Region 04 Urban Female Heart disease: Rate 132.2, SE 0.4
2025-09-29 14:34:03 | INFO | HHS Region 04 Rural Female Heart disease: Rate 176.8, SE 0.9
2025-09-29 14:34:04 | INFO | HHS Region 05 Urban Male Heart disease: Rate 222.5, SE 0.6
2025-09-29 14:34:05 | INFO | HHS Region 05 Rural Male Heart disease: Rate 229.0, SE 1.2
2025-09-29 14:34:06 | INFO | HHS Region 05 Urban Female Heart disease: Rate 139.6, SE 0.4
2025-09-29 14:34:07 | INFO | HHS Region 05 Rural Female Heart disease: Rate 140.8, SE 0.8
2025-09-29 14:34:08 | INFO | HHS Region 06 Urban Male Heart disease: Rate 219.9, SE 0.8
2025-09-29 14:34:09 | INFO | HHS Region 06 Rural Male Heart disease: Rate 266.4, SE 1.6
2025-09-29 14:34:10 | INFO | HHS Region 06 Urban Female Heart disease: Rate 140.7, SE 0.5
2025-09-29 14:34:11 | INFO | HHS Region 06 Rural Female Heart disease: Rate 175.7, SE 1.1
2025-09-29 14:34:12 | INFO | HHS Region 07 Urban Male Heart disease: Rate 210.0, SE 1.3
2025-09-29 14:34:13 | INFO | HHS Region 07 Rural Male Heart disease: Rate 237.7, SE 1.7
2025-09-29 14:34:14 | INFO | HHS Region 07 Urban Female Heart disease: Rate 131.1, SE 0.9
2025-09-29 14:34:15 | INFO | HHS Region 07 Rural Female Heart disease: Rate 152.3, SE 1.2
2025-09-29 14:34:16 | INFO | HHS Region 08 Urban Male Heart disease: Rate 166.5, SE 1.4
2025-09-29 14:34:17 | INFO | HHS Region 08 Rural Male Heart disease: Rate 191.2, SE 2.1
2025-09-29 14:34:18 | INFO | HHS Region 08 Urban Female Heart disease: Rate 106.7, SE 0.9
2025-09-29 14:34:19 | INFO | HHS Region 08 Rural Female Heart disease: Rate 119.8, SE 1.4
2025-09-29 14:34:20 | INFO | HHS Region 09 Urban Male Heart disease: Rate 195.8, SE 0.6
2025-09-29 14:34:21 | INFO | HHS Region 09 Rural Male Heart disease: Rate 205.8, SE 2.7
2025-09-29 14:34:22 | INFO | HHS Region 09 Urban Female Heart disease: Rate 121.0, SE 0.4
2025-09-29 14:34:23 | INFO | HHS Region 09 Rural Female Heart disease: Rate 125.2, SE 1.9
2025-09-29 14:34:24 | INFO | HHS Region 10 Urban Male Heart disease: Rate 176.0, SE 1.1
2025-09-29 14:34:25 | INFO | HHS Region 10 Rural Male Heart disease: Rate 194.9, SE 2.3
2025-09-29 14:34:26 | INFO | HHS Region 10 Urban Female Heart disease: Rate 106.0, SE 0.7
2025-09-29 14:34:27 | INFO | HHS Region 10 Rural Female Heart disease: Rate 114.3, SE 1.6
2025-09-29 14:34:28 | INFO | HHS Region 01 Urban Male Cancer: Rate 194.5, SE 1.0
2025-09-29 14:34:29 | INFO | HHS Region 01 Rural Male Cancer: Rate 202.7, SE 2.5
2025-09-29 14:34:30 | INFO | HHS Region 01 Urban Female Cancer: Rate 140.3, SE 0.8
2025-09-29 14:34:31 | INFO | HHS Region 01 Rural Female Cancer: Rate 144.7, SE 2.0
2025-09-29 14:34:32 | INFO | HHS Region 02 Urban Male Cancer: Rate 187.5, SE 0.7
2025-09-29 14:34:33 | INFO | HHS Region 02 Rural Male Cancer: Rate 204.9, SE 2.9
2025-09-29 14:34:34 | INFO | HHS Region 02 Urban Female Cancer: Rate 139.2, SE 0.5
2025-09-29 14:34:35 | INFO | HHS Region 02 Rural Female Cancer: Rate 151.7, SE 2.3
2025-09-29 14:34:36 | INFO | HHS Region 03 Urban Male Cancer: Rate 204.3, SE 0.7
2025-09-29 14:34:37 | INFO | HHS Region 03 Rural Male Cancer: Rate 224.7, SE 1.9
2025-09-29 14:34:38 | INFO | HHS Region 03 Urban Female Cancer: Rate 146.7, SE 0.5
2025-09-29 14:34:39 | INFO | HHS Region 03 Rural Female Cancer: Rate 156.7, SE 1.4
2025-09-29 14:34:40 | INFO | HHS Region 04 Urban Male Cancer: Rate 204.7, SE 0.5
2025-09-29 14:34:41 | INFO | HHS Region 04 Rural Male Cancer: Rate 245.2, SE 1.2
2025-09-29 14:34:42 | INFO | HHS Region 04 Urban Female Cancer: Rate 139.9, SE 0.4
2025-09-29 14:34:43 | INFO | HHS Region 04 Rural Female Cancer: Rate 156.2, SE 0.8
2025-09-29 14:34:44 | INFO | HHS Region 05 Urban Male Cancer: Rate 207.3, SE 0.6
2025-09-29 14:34:45 | INFO | HHS Region 05 Rural Male Cancer: Rate 217.2, SE 1.1
2025-09-29 14:34:46 | INFO | HHS Region 05 Urban Female Cancer: Rate 149.9, SE 0.4
2025-09-29 14:34:47 | INFO | HHS Region 05 Rural Female Cancer: Rate 152.0, SE 0.9
2025-09-29 14:34:48 | INFO | HHS Region 06 Urban Male Cancer: Rate 201.6, SE 0.7
2025-09-29 14:34:50 | INFO | HHS Region 06 Rural Male Cancer: Rate 223.8, SE 1.4
2025-09-29 14:34:51 | INFO | HHS Region 06 Urban Female Cancer: Rate 137.8, SE 0.5
2025-09-29 14:34:52 | INFO | HHS Region 06 Rural Female Cancer: Rate 151.8, SE 1.1
2025-09-29 14:34:53 | INFO | HHS Region 07 Urban Male Cancer: Rate 204.3, SE 1.3
2025-09-29 14:34:54 | INFO | HHS Region 07 Rural Male Cancer: Rate 214.1, SE 1.6
2025-09-29 14:34:55 | INFO | HHS Region 07 Urban Female Cancer: Rate 148.0, SE 1.0
2025-09-29 14:34:56 | INFO | HHS Region 07 Rural Female Cancer: Rate 149.7, SE 1.3
2025-09-29 14:34:57 | INFO | HHS Region 08 Urban Male Cancer: Rate 167.0, SE 1.3
2025-09-29 14:34:58 | INFO | HHS Region 08 Rural Male Cancer: Rate 173.7, SE 1.9
2025-09-29 14:34:59 | INFO | HHS Region 08 Urban Female Cancer: Rate 122.5, SE 1.0
2025-09-29 14:35:00 | INFO | HHS Region 08 Rural Female Cancer: Rate 132.6, SE 1.6
2025-09-29 14:35:01 | INFO | HHS Region 09 Urban Male Cancer: Rate 176.1, SE 0.5
2025-09-29 14:35:02 | INFO | HHS Region 09 Rural Male Cancer: Rate 186.7, SE 2.5
2025-09-29 14:35:03 | INFO | HHS Region 09 Urban Female Cancer: Rate 130.1, SE 0.4
2025-09-29 14:35:04 | INFO | HHS Region 09 Rural Female Cancer: Rate 135.7, SE 2.0
2025-09-29 14:35:05 | INFO | HHS Region 10 Urban Male Cancer: Rate 190.6, SE 1.1
2025-09-29 14:35:06 | INFO | HHS Region 10 Rural Male Cancer: Rate 197.1, SE 2.3
2025-09-29 14:35:07 | INFO | HHS Region 10 Urban Female Cancer: Rate 140.9, SE 0.9
2025-09-29 14:35:08 | INFO | HHS Region 10 Rural Female Cancer: Rate 143.8, SE 1.9
2025-09-29 14:35:09 | INFO | HHS Region 01 Urban Male Lower respiratory: Rate 36.7, SE 0.5
2025-09-29 14:35:10 | INFO | HHS Region 01 Rural Male Lower respiratory: Rate 51.7, SE 1.3
2025-09-29 14:35:11 | INFO | HHS Region 01 Urban Female Lower respiratory: Rate 32.2, SE 0.4
2025-09-29 14:35:12 | INFO | HHS Region 01 Rural Female Lower respiratory: Rate 41.3, SE 1.0
2025-09-29 14:35:13 | INFO | HHS Region 02 Urban Male Lower respiratory: Rate 33.0, SE 0.3
2025-09-29 14:35:14 | INFO | HHS Region 02 Rural Male Lower respiratory: Rate 59.3, SE 1.6
2025-09-29 14:35:15 | INFO | HHS Region 02 Urban Female Lower respiratory: Rate 28.0, SE 0.2
2025-09-29 14:35:16 | INFO | HHS Region 02 Rural Female Lower respiratory: Rate 46.3, SE 1.2
2025-09-29 14:35:17 | INFO | HHS Region 03 Urban Male Lower respiratory: Rate 41.7, SE 0.3
2025-09-29 14:35:18 | INFO | HHS Region 03 Rural Male Lower respiratory: Rate 62.1, SE 1.0
2025-09-29 14:35:19 | INFO | HHS Region 03 Urban Female Lower respiratory: Rate 34.4, SE 0.3
2025-09-29 14:35:20 | INFO | HHS Region 03 Rural Female Lower respiratory: Rate 46.4, SE 0.8
2025-09-29 14:35:21 | INFO | HHS Region 04 Urban Male Lower respiratory: Rate 48.5, SE 0.3
2025-09-29 14:35:22 | INFO | HHS Region 04 Rural Male Lower respiratory: Rate 70.7, SE 0.6
2025-09-29 14:35:23 | INFO | HHS Region 04 Urban Female Lower respiratory: Rate 39.9, SE 0.2
2025-09-29 14:35:24 | INFO | HHS Region 04 Rural Female Lower respiratory: Rate 51.1, SE 0.5
2025-09-29 14:35:25 | INFO | HHS Region 05 Urban Male Lower respiratory: Rate 48.7, SE 0.3
2025-09-29 14:35:26 | INFO | HHS Region 05 Rural Male Lower respiratory: Rate 59.9, SE 0.6
2025-09-29 14:35:27 | INFO | HHS Region 05 Urban Female Lower respiratory: Rate 40.1, SE 0.2
2025-09-29 14:35:28 | INFO | HHS Region 05 Rural Female Lower respiratory: Rate 44.7, SE 0.4
2025-09-29 14:35:29 | INFO | HHS Region 06 Urban Male Lower respiratory: Rate 49.5, SE 0.4
2025-09-29 14:35:30 | INFO | HHS Region 06 Rural Male Lower respiratory: Rate 65.8, SE 0.8
2025-09-29 14:35:31 | INFO | HHS Region 06 Urban Female Lower respiratory: Rate 39.4, SE 0.3
2025-09-29 14:35:33 | INFO | HHS Region 06 Rural Female Lower respiratory: Rate 50.5, SE 0.6
2025-09-29 14:35:34 | INFO | HHS Region 07 Urban Male Lower respiratory: Rate 54.8, SE 0.7
2025-09-29 14:35:35 | INFO | HHS Region 07 Rural Male Lower respiratory: Rate 65.9, SE 0.9
2025-09-29 14:35:36 | INFO | HHS Region 07 Urban Female Lower respiratory: Rate 44.0, SE 0.5
2025-09-29 14:35:37 | INFO | HHS Region 07 Rural Female Lower respiratory: Rate 45.6, SE 0.7
2025-09-29 14:35:38 | INFO | HHS Region 08 Urban Male Lower respiratory: Rate 48.9, SE 0.7
2025-09-29 14:35:39 | INFO | HHS Region 08 Rural Male Lower respiratory: Rate 56.1, SE 1.1
2025-09-29 14:35:40 | INFO | HHS Region 08 Urban Female Lower respiratory: Rate 37.1, SE 0.6
2025-09-29 14:35:41 | INFO | HHS Region 08 Rural Female Lower respiratory: Rate 40.2, SE 0.9
2025-09-29 14:35:42 | INFO | HHS Region 09 Urban Male Lower respiratory: Rate 40.6, SE 0.3
2025-09-29 14:35:43 | INFO | HHS Region 09 Rural Male Lower respiratory: Rate 50.7, SE 1.3
2025-09-29 14:35:44 | INFO | HHS Region 09 Urban Female Lower respiratory: Rate 33.7, SE 0.2
2025-09-29 14:35:45 | INFO | HHS Region 09 Rural Female Lower respiratory: Rate 43.6, SE 1.1
2025-09-29 14:35:46 | INFO | HHS Region 10 Urban Male Lower respiratory: Rate 46.3, SE 0.6
2025-09-29 14:35:47 | INFO | HHS Region 10 Rural Male Lower respiratory: Rate 52.3, SE 1.2
2025-09-29 14:35:48 | INFO | HHS Region 10 Urban Female Lower respiratory: Rate 38.4, SE 0.5
2025-09-29 14:35:49 | INFO | HHS Region 10 Rural Female Lower respiratory: Rate 45.3, SE 1.0
2025-09-29 14:35:50 | INFO | HHS Region 01 Urban Male Unintentional injuries: Rate 47.4, SE 0.5
2025-09-29 14:35:51 | INFO | HHS Region 01 Rural Male Unintentional injuries: Rate 60.5, SE 1.5
2025-09-29 14:35:52 | INFO | HHS Region 01 Urban Female Unintentional injuries: Rate 22.5, SE 0.3
2025-09-29 14:35:53 | INFO | HHS Region 01 Rural Female Unintentional injuries: Rate 28.8, SE 1.0
2025-09-29 14:35:54 | INFO | HHS Region 02 Urban Male Unintentional injuries: Rate 39.7, SE 0.3
2025-09-29 14:35:55 | INFO | HHS Region 02 Rural Male Unintentional injuries: Rate 49.6, SE 1.5
2025-09-29 14:35:56 | INFO | HHS Region 02 Urban Female Unintentional injuries: Rate 17.0, SE 0.2
2025-09-29 14:35:57 | INFO | HHS Region 02 Rural Female Unintentional injuries: Rate 23.4, SE 1.0
2025-09-29 14:35:58 | INFO | HHS Region 03 Urban Male Unintentional injuries: Rate 51.8, SE 0.4
2025-09-29 14:35:59 | INFO | HHS Region 03 Rural Male Unintentional injuries: Rate 77.6, SE 1.2
2025-09-29 14:36:00 | INFO | HHS Region 03 Urban Female Unintentional injuries: Rate 24.3, SE 0.2
2025-09-29 14:36:01 | INFO | HHS Region 03 Rural Female Unintentional injuries: Rate 39.8, SE 0.9
2025-09-29 14:36:02 | INFO | HHS Region 04 Urban Male Unintentional injuries: Rate 56.2, SE 0.3
2025-09-29 14:36:03 | INFO | HHS Region 04 Rural Male Unintentional injuries: Rate 79.1, SE 0.7
2025-09-29 14:36:04 | INFO | HHS Region 04 Urban Female Unintentional injuries: Rate 28.6, SE 0.2
2025-09-29 14:36:05 | INFO | HHS Region 04 Rural Female Unintentional injuries: Rate 41.3, SE 0.5
2025-09-29 14:36:06 | INFO | HHS Region 05 Urban Male Unintentional injuries: Rate 50.9, SE 0.3
2025-09-29 14:36:07 | INFO | HHS Region 05 Rural Male Unintentional injuries: Rate 62.3, SE 0.7
2025-09-29 14:36:08 | INFO | HHS Region 05 Urban Female Unintentional injuries: Rate 25.9, SE 0.2
2025-09-29 14:36:09 | INFO | HHS Region 05 Rural Female Unintentional injuries: Rate 32.3, SE 0.4
2025-09-29 14:36:10 | INFO | HHS Region 06 Urban Male Unintentional injuries: Rate 54.6, SE 0.4
2025-09-29 14:36:11 | INFO | HHS Region 06 Rural Male Unintentional injuries: Rate 77.2, SE 0.9
2025-09-29 14:36:12 | INFO | HHS Region 06 Urban Female Unintentional injuries: Rate 27.0, SE 0.2
2025-09-29 14:36:13 | INFO | HHS Region 06 Rural Female Unintentional injuries: Rate 39.9, SE 0.6
2025-09-29 14:36:14 | INFO | HHS Region 07 Urban Male Unintentional injuries: Rate 53.4, SE 0.6
2025-09-29 14:36:15 | INFO | HHS Region 07 Rural Male Unintentional injuries: Rate 68.1, SE 1.0
2025-09-29 14:36:16 | INFO | HHS Region 07 Urban Female Unintentional injuries: Rate 28.7, SE 0.4
2025-09-29 14:36:17 | INFO | HHS Region 07 Rural Female Unintentional injuries: Rate 35.4, SE 0.7
2025-09-29 14:36:18 | INFO | HHS Region 08 Urban Male Unintentional injuries: Rate 55.3, SE 0.7
2025-09-29 14:36:19 | INFO | HHS Region 08 Rural Male Unintentional injuries: Rate 71.0, SE 1.3
2025-09-29 14:36:20 | INFO | HHS Region 08 Urban Female Unintentional injuries: Rate 32.7, SE 0.5
2025-09-29 14:36:21 | INFO | HHS Region 08 Rural Female Unintentional injuries: Rate 39.2, SE 0.9
2025-09-29 14:36:22 | INFO | HHS Region 09 Urban Male Unintentional injuries: Rate 41.8, SE 0.2
2025-09-29 14:36:23 | INFO | HHS Region 09 Rural Male Unintentional injuries: Rate 79.1, SE 1.8
2025-09-29 14:36:24 | INFO | HHS Region 09 Urban Female Unintentional injuries: Rate 20.5, SE 0.2
2025-09-29 14:36:25 | INFO | HHS Region 09 Rural Female Unintentional injuries: Rate 40.9, SE 1.3
2025-09-29 14:36:26 | INFO | HHS Region 10 Urban Male Unintentional injuries: Rate 49.8, SE 0.6
2025-09-29 14:36:27 | INFO | HHS Region 10 Rural Male Unintentional injuries: Rate 66.2, SE 1.5
2025-09-29 14:36:28 | INFO | HHS Region 10 Urban Female Unintentional injuries: Rate 28.4, SE 0.4
2025-09-29 14:36:29 | INFO | HHS Region 10 Rural Female Unintentional injuries: Rate 37.2, SE 1.1
2025-09-29 14:36:30 | INFO | HHS Region 01 Urban Male Cerebrovascular diseases: Rate 28.4, SE 0.4
2025-09-29 14:36:31 | INFO | HHS Region 01 Rural Male Cerebrovascular diseases: Rate 31.2, SE 1.0
2025-09-29 14:36:32 | INFO | HHS Region 01 Urban Female Cerebrovascular diseases: Rate 28.5, SE 0.3
2025-09-29 14:36:33 | INFO | HHS Region 01 Rural Female Cerebrovascular diseases: Rate 33.6, SE 0.9
2025-09-29 14:36:34 | INFO | HHS Region 02 Urban Male Cerebrovascular diseases: Rate 29.2, SE 0.3
2025-09-29 14:36:35 | INFO | HHS Region 02 Rural Male Cerebrovascular diseases: Rate 32.9, SE 1.2
2025-09-29 14:36:36 | INFO | HHS Region 02 Urban Female Cerebrovascular diseases: Rate 27.2, SE 0.2
2025-09-29 14:36:37 | INFO | HHS Region 02 Rural Female Cerebrovascular diseases: Rate 32.2, SE 1.0
2025-09-29 14:36:38 | INFO | HHS Region 03 Urban Male Cerebrovascular diseases: Rate 38.2, SE 0.3
2025-09-29 14:36:39 | INFO | HHS Region 03 Rural Male Cerebrovascular diseases: Rate 42.5, SE 0.8
2025-09-29 14:36:40 | INFO | HHS Region 03 Urban Female Cerebrovascular diseases: Rate 37.4, SE 0.3
2025-09-29 14:36:41 | INFO | HHS Region 03 Rural Female Cerebrovascular diseases: Rate 42.1, SE 0.7
2025-09-29 14:36:42 | INFO | HHS Region 04 Urban Male Cerebrovascular diseases: Rate 37.5, SE 0.2
2025-09-29 14:36:43 | INFO | HHS Region 04 Rural Male Cerebrovascular diseases: Rate 49.1, SE 0.5
2025-09-29 14:36:44 | INFO | HHS Region 04 Urban Female Cerebrovascular diseases: Rate 36.4, SE 0.2
2025-09-29 14:36:45 | INFO | HHS Region 04 Rural Female Cerebrovascular diseases: Rate 46.6, SE 0.4
2025-09-29 14:36:46 | INFO | HHS Region 05 Urban Male Cerebrovascular diseases: Rate 38.3, SE 0.3
2025-09-29 14:36:47 | INFO | HHS Region 05 Rural Male Cerebrovascular diseases: Rate 40.6, SE 0.5
2025-09-29 14:36:48 | INFO | HHS Region 05 Urban Female Cerebrovascular diseases: Rate 36.5, SE 0.2
2025-09-29 14:36:49 | INFO | HHS Region 05 Rural Female Cerebrovascular diseases: Rate 40.1, SE 0.4
2025-09-29 14:36:51 | INFO | HHS Region 06 Urban Male Cerebrovascular diseases: Rate 41.4, SE 0.4
2025-09-29 14:36:52 | INFO | HHS Region 06 Rural Male Cerebrovascular diseases: Rate 45.9, SE 0.7
2025-09-29 14:36:53 | INFO | HHS Region 06 Urban Female Cerebrovascular diseases: Rate 39.6, SE 0.3
2025-09-29 14:36:54 | INFO | HHS Region 06 Rural Female Cerebrovascular diseases: Rate 47.2, SE 0.6
2025-09-29 14:36:55 | INFO | HHS Region 07 Urban Male Cerebrovascular diseases: Rate 38.0, SE 0.6
2025-09-29 14:36:56 | INFO | HHS Region 07 Rural Male Cerebrovascular diseases: Rate 39.2, SE 0.7
2025-09-29 14:36:57 | INFO | HHS Region 07 Urban Female Cerebrovascular diseases: Rate 37.3, SE 0.5
2025-09-29 14:36:58 | INFO | HHS Region 07 Rural Female Cerebrovascular diseases: Rate 40.1, SE 0.6
2025-09-29 14:36:59 | INFO | HHS Region 08 Urban Male Cerebrovascular diseases: Rate 33.7, SE 0.6
2025-09-29 14:37:00 | INFO | HHS Region 08 Rural Male Cerebrovascular diseases: Rate 36.2, SE 0.9
2025-09-29 14:37:01 | INFO | HHS Region 08 Urban Female Cerebrovascular diseases: Rate 34.3, SE 0.5
2025-09-29 14:37:02 | INFO | HHS Region 08 Rural Female Cerebrovascular diseases: Rate 38.0, SE 0.8
2025-09-29 14:37:03 | INFO | HHS Region 09 Urban Male Cerebrovascular diseases: Rate 34.5, SE 0.2
2025-09-29 14:37:04 | INFO | HHS Region 09 Rural Male Cerebrovascular diseases: Rate 36.6, SE 1.1
2025-09-29 14:37:05 | INFO | HHS Region 09 Urban Female Cerebrovascular diseases: Rate 34.0, SE 0.2
2025-09-29 14:37:06 | INFO | HHS Region 09 Rural Female Cerebrovascular diseases: Rate 37.5, SE 1.0
2025-09-29 14:37:07 | INFO | HHS Region 10 Urban Male Cerebrovascular diseases: Rate 36.8, SE 0.5
2025-09-29 14:37:08 | INFO | HHS Region 10 Rural Male Cerebrovascular diseases: Rate 37.1, SE 1.0
2025-09-29 14:37:09 | INFO | HHS Region 10 Urban Female Cerebrovascular diseases: Rate 35.2, SE 0.4
2025-09-29 14:37:10 | INFO | HHS Region 10 Rural Female Cerebrovascular diseases: Rate 40.3, SE 1.0
2025-09-29 14:37:11 | INFO | HHS Region 01 Urban Male Alzheimers: Rate 16.4, SE 0.3
2025-09-29 14:37:12 | INFO | HHS Region 01 Rural Male Alzheimers: Rate 18.1, SE 0.8
2025-09-29 14:37:13 | INFO | HHS Region 01 Urban Female Alzheimers: Rate 21.8, SE 0.3
2025-09-29 14:37:14 | INFO | HHS Region 01 Rural Female Alzheimers: Rate 27.9, SE 0.8
2025-09-29 14:37:15 | INFO | HHS Region 02 Urban Male Alzheimers: Rate 10.5, SE 0.2
2025-09-29 14:37:16 | INFO | HHS Region 02 Rural Male Alzheimers: Rate 12.3, SE 0.7
2025-09-29 14:37:17 | INFO | HHS Region 02 Urban Female Alzheimers: Rate 13.6, SE 0.1
2025-09-29 14:37:18 | INFO | HHS Region 02 Rural Female Alzheimers: Rate 17.9, SE 0.7
2025-09-29 14:37:19 | INFO | HHS Region 03 Urban Male Alzheimers: Rate 15.2, SE 0.2
2025-09-29 14:37:20 | INFO | HHS Region 03 Rural Male Alzheimers: Rate 17.9, SE 0.6
2025-09-29 14:37:21 | INFO | HHS Region 03 Urban Female Alzheimers: Rate 19.9, SE 0.2
2025-09-29 14:37:22 | INFO | HHS Region 03 Rural Female Alzheimers: Rate 26.2, SE 0.5
2025-09-29 14:37:23 | INFO | HHS Region 04 Urban Male Alzheimers: Rate 18.3, SE 0.2
2025-09-29 14:37:24 | INFO | HHS Region 04 Rural Male Alzheimers: Rate 25.3, SE 0.4
2025-09-29 14:37:25 | INFO | HHS Region 04 Urban Female Alzheimers: Rate 25.8, SE 0.2
2025-09-29 14:37:26 | INFO | HHS Region 04 Rural Female Alzheimers: Rate 35.2, SE 0.4
2025-09-29 14:37:27 | INFO | HHS Region 05 Urban Male Alzheimers: Rate 20.0, SE 0.2
2025-09-29 14:37:28 | INFO | HHS Region 05 Rural Male Alzheimers: Rate 20.9, SE 0.4
2025-09-29 14:37:29 | INFO | HHS Region 05 Urban Female Alzheimers: Rate 26.0, SE 0.2
2025-09-29 14:37:30 | INFO | HHS Region 05 Rural Female Alzheimers: Rate 29.2, SE 0.3
2025-09-29 14:37:31 | INFO | HHS Region 06 Urban Male Alzheimers: Rate 20.7, SE 0.3
2025-09-29 14:37:32 | INFO | HHS Region 06 Rural Male Alzheimers: Rate 22.5, SE 0.5
2025-09-29 14:37:33 | INFO | HHS Region 06 Urban Female Alzheimers: Rate 27.7, SE 0.2
2025-09-29 14:37:34 | INFO | HHS Region 06 Rural Female Alzheimers: Rate 33.0, SE 0.5
2025-09-29 14:37:35 | INFO | HHS Region 07 Urban Male Alzheimers: Rate 21.0, SE 0.4
2025-09-29 14:37:36 | INFO | HHS Region 07 Rural Male Alzheimers: Rate 23.8, SE 0.5
2025-09-29 14:37:37 | INFO | HHS Region 07 Urban Female Alzheimers: Rate 27.8, SE 0.4
2025-09-29 14:37:38 | INFO | HHS Region 07 Rural Female Alzheimers: Rate 30.3, SE 0.5
2025-09-29 14:37:39 | INFO | HHS Region 08 Urban Male Alzheimers: Rate 23.7, SE 0.5
2025-09-29 14:37:40 | INFO | HHS Region 08 Rural Male Alzheimers: Rate 21.2, SE 0.7
2025-09-29 14:37:41 | INFO | HHS Region 08 Urban Female Alzheimers: Rate 30.9, SE 0.5
2025-09-29 14:37:42 | INFO | HHS Region 08 Rural Female Alzheimers: Rate 28.3, SE 0.7
2025-09-29 14:37:43 | INFO | HHS Region 09 Urban Male Alzheimers: Rate 24.9, SE 0.2
2025-09-29 14:37:44 | INFO | HHS Region 09 Rural Male Alzheimers: Rate 18.9, SE 0.8
2025-09-29 14:37:45 | INFO | HHS Region 09 Urban Female Alzheimers: Rate 32.1, SE 0.2
2025-09-29 14:37:46 | INFO | HHS Region 09 Rural Female Alzheimers: Rate 24.0, SE 0.8
2025-09-29 14:37:47 | INFO | HHS Region 10 Urban Male Alzheimers: Rate 29.9, SE 0.5
2025-09-29 14:37:48 | INFO | HHS Region 10 Rural Male Alzheimers: Rate 22.9, SE 0.8
2025-09-29 14:37:49 | INFO | HHS Region 10 Urban Female Alzheimers: Rate 40.8, SE 0.4
2025-09-29 14:37:50 | INFO | HHS Region 10 Rural Female Alzheimers: Rate 33.9, SE 0.9
2025-09-29 14:37:51 | INFO | HHS Region 01 Urban Male Diabetes: Rate 19.2, SE 0.3
2025-09-29 14:37:52 | INFO | HHS Region 01 Rural Male Diabetes: Rate 23.8, SE 0.9
2025-09-29 14:37:53 | INFO | HHS Region 01 Urban Female Diabetes: Rate 12.1, SE 0.2
2025-09-29 14:37:54 | INFO | HHS Region 01 Rural Female Diabetes: Rate 15.0, SE 0.6
2025-09-29 14:37:55 | INFO | HHS Region 02 Urban Male Diabetes: Rate 22.7, SE 0.2
2025-09-29 14:37:56 | INFO | HHS Region 02 Rural Male Diabetes: Rate 24.5, SE 1.0
2025-09-29 14:37:57 | INFO | HHS Region 02 Urban Female Diabetes: Rate 15.2, SE 0.2
2025-09-29 14:37:58 | INFO | HHS Region 02 Rural Female Diabetes: Rate 17.6, SE 0.8
2025-09-29 14:37:59 | INFO | HHS Region 03 Urban Male Diabetes: Rate 25.0, SE 0.3
2025-09-29 14:38:00 | INFO | HHS Region 03 Rural Male Diabetes: Rate 32.5, SE 0.7
2025-09-29 14:38:01 | INFO | HHS Region 03 Urban Female Diabetes: Rate 17.2, SE 0.2
2025-09-29 14:38:02 | INFO | HHS Region 03 Rural Female Diabetes: Rate 24.1, SE 0.6
2025-09-29 14:38:03 | INFO | HHS Region 04 Urban Male Diabetes: Rate 25.2, SE 0.2
2025-09-29 14:38:04 | INFO | HHS Region 04 Rural Male Diabetes: Rate 32.0, SE 0.4
2025-09-29 14:38:05 | INFO | HHS Region 04 Urban Female Diabetes: Rate 17.4, SE 0.1
2025-09-29 14:38:06 | INFO | HHS Region 04 Rural Female Diabetes: Rate 25.0, SE 0.3
2025-09-29 14:38:07 | INFO | HHS Region 05 Urban Male Diabetes: Rate 26.6, SE 0.2
2025-09-29 14:38:08 | INFO | HHS Region 05 Rural Male Diabetes: Rate 28.5, SE 0.4
2025-09-29 14:38:09 | INFO | HHS Region 05 Urban Female Diabetes: Rate 18.6, SE 0.2
2025-09-29 14:38:10 | INFO | HHS Region 05 Rural Female Diabetes: Rate 20.3, SE 0.3
2025-09-29 14:38:11 | INFO | HHS Region 06 Urban Male Diabetes: Rate 26.2, SE 0.3
2025-09-29 14:38:12 | INFO | HHS Region 06 Rural Male Diabetes: Rate 32.8, SE 0.5
2025-09-29 14:38:14 | INFO | HHS Region 06 Urban Female Diabetes: Rate 19.9, SE 0.2
2025-09-29 14:38:15 | INFO | HHS Region 06 Rural Female Diabetes: Rate 25.1, SE 0.4
2025-09-29 14:38:16 | INFO | HHS Region 07 Urban Male Diabetes: Rate 22.6, SE 0.4
2025-09-29 14:38:17 | INFO | HHS Region 07 Rural Male Diabetes: Rate 25.9, SE 0.6
2025-09-29 14:38:18 | INFO | HHS Region 07 Urban Female Diabetes: Rate 16.0, SE 0.3
2025-09-29 14:38:19 | INFO | HHS Region 07 Rural Female Diabetes: Rate 19.1, SE 0.4
2025-09-29 14:38:20 | INFO | HHS Region 08 Urban Male Diabetes: Rate 23.2, SE 0.5
2025-09-29 14:38:21 | INFO | HHS Region 08 Rural Male Diabetes: Rate 24.7, SE 0.7
2025-09-29 14:38:22 | INFO | HHS Region 08 Urban Female Diabetes: Rate 15.0, SE 0.4
2025-09-29 14:38:23 | INFO | HHS Region 08 Rural Female Diabetes: Rate 18.0, SE 0.6
2025-09-29 14:38:24 | INFO | HHS Region 09 Urban Male Diabetes: Rate 25.3, SE 0.2
2025-09-29 14:38:25 | INFO | HHS Region 09 Rural Male Diabetes: Rate 24.9, SE 0.9
2025-09-29 14:38:26 | INFO | HHS Region 09 Urban Female Diabetes: Rate 16.7, SE 0.1
2025-09-29 14:38:27 | INFO | HHS Region 09 Rural Female Diabetes: Rate 17.8, SE 0.7
2025-09-29 14:38:28 | INFO | HHS Region 10 Urban Male Diabetes: Rate 28.2, SE 0.4
2025-09-29 14:38:29 | INFO | HHS Region 10 Rural Male Diabetes: Rate 29.8, SE 0.9
2025-09-29 14:38:30 | INFO | HHS Region 10 Urban Female Diabetes: Rate 17.7, SE 0.3
2025-09-29 14:38:31 | INFO | HHS Region 10 Rural Female Diabetes: Rate 20.1, SE 0.7
2025-09-29 14:38:32 | INFO | HHS Region 01 Urban Male Flu and pneumonia: Rate 18.5, SE 0.3
2025-09-29 14:38:33 | INFO | HHS Region 01 Rural Male Flu and pneumonia: Rate 15.6, SE 0.7
2025-09-29 14:38:34 | INFO | HHS Region 01 Urban Female Flu and pneumonia: Rate 12.8, SE 0.2
2025-09-29 14:38:35 | INFO | HHS Region 01 Rural Female Flu and pneumonia: Rate 11.9, SE 0.5
2025-09-29 14:38:36 | INFO | HHS Region 02 Urban Male Flu and pneumonia: Rate 22.4, SE 0.2
2025-09-29 14:38:37 | INFO | HHS Region 02 Rural Male Flu and pneumonia: Rate 19.6, SE 0.9
2025-09-29 14:38:38 | INFO | HHS Region 02 Urban Female Flu and pneumonia: Rate 14.5, SE 0.2
2025-09-29 14:38:39 | INFO | HHS Region 02 Rural Female Flu and pneumonia: Rate 14.9, SE 0.7
2025-09-29 14:38:40 | INFO | HHS Region 03 Urban Male Flu and pneumonia: Rate 18.9, SE 0.2
2025-09-29 14:38:41 | INFO | HHS Region 03 Rural Male Flu and pneumonia: Rate 22.8, SE 0.6
2025-09-29 14:38:42 | INFO | HHS Region 03 Urban Female Flu and pneumonia: Rate 13.3, SE 0.2
2025-09-29 14:38:43 | INFO | HHS Region 03 Rural Female Flu and pneumonia: Rate 17.1, SE 0.5
2025-09-29 14:38:44 | INFO | HHS Region 04 Urban Male Flu and pneumonia: Rate 15.5, SE 0.1
2025-09-29 14:38:45 | INFO | HHS Region 04 Rural Male Flu and pneumonia: Rate 24.1, SE 0.4
2025-09-29 14:38:46 | INFO | HHS Region 04 Urban Female Flu and pneumonia: Rate 11.6, SE 0.1
2025-09-29 14:38:47 | INFO | HHS Region 04 Rural Female Flu and pneumonia: Rate 19.0, SE 0.3
2025-09-29 14:38:48 | INFO | HHS Region 05 Urban Male Flu and pneumonia: Rate 17.8, SE 0.2
2025-09-29 14:38:49 | INFO | HHS Region 05 Rural Male Flu and pneumonia: Rate 18.8, SE 0.3
2025-09-29 14:38:50 | INFO | HHS Region 05 Urban Female Flu and pneumonia: Rate 12.9, SE 0.1
2025-09-29 14:38:51 | INFO | HHS Region 05 Rural Female Flu and pneumonia: Rate 14.1, SE 0.2
2025-09-29 14:38:52 | INFO | HHS Region 06 Urban Male Flu and pneumonia: Rate 16.6, SE 0.2
2025-09-29 14:38:53 | INFO | HHS Region 06 Rural Male Flu and pneumonia: Rate 23.1, SE 0.5
2025-09-29 14:38:54 | INFO | HHS Region 06 Urban Female Flu and pneumonia: Rate 12.8, SE 0.2
2025-09-29 14:38:55 | INFO | HHS Region 06 Rural Female Flu and pneumonia: Rate 18.1, SE 0.4
2025-09-29 14:38:56 | INFO | HHS Region 07 Urban Male Flu and pneumonia: Rate 18.6, SE 0.4
2025-09-29 14:38:57 | INFO | HHS Region 07 Rural Male Flu and pneumonia: Rate 21.1, SE 0.5
2025-09-29 14:38:58 | INFO | HHS Region 07 Urban Female Flu and pneumonia: Rate 14.4, SE 0.3
2025-09-29 14:38:59 | INFO | HHS Region 07 Rural Female Flu and pneumonia: Rate 17.3, SE 0.4
2025-09-29 14:39:00 | INFO | HHS Region 08 Urban Male Flu and pneumonia: Rate 15.3, SE 0.4
2025-09-29 14:39:01 | INFO | HHS Region 08 Rural Male Flu and pneumonia: Rate 18.1, SE 0.7
2025-09-29 14:39:02 | INFO | HHS Region 08 Urban Female Flu and pneumonia: Rate 11.6, SE 0.3
2025-09-29 14:39:03 | INFO | HHS Region 08 Rural Female Flu and pneumonia: Rate 14.6, SE 0.5
2025-09-29 14:39:04 | INFO | HHS Region 09 Urban Male Flu and pneumonia: Rate 18.5, SE 0.2
2025-09-29 14:39:05 | INFO | HHS Region 09 Rural Male Flu and pneumonia: Rate 19.1, SE 0.8
2025-09-29 14:39:06 | INFO | HHS Region 09 Urban Female Flu and pneumonia: Rate 13.4, SE 0.1
